n3501-058
Testing blackscholes 32 times on 16 cores with 1 parallel executions using input size:native and OMP_PROC_BIND: spread
04/16/24 19:22:42  1713288162.753200993
[PARSEC] Benchmarks to run:  parsec.blackscholes

[PARSEC] [========== Running benchmark parsec.blackscholes [1] ==========]
[PARSEC] Keeping old run directory.
[PARSEC] Running 'time /home/fs71695/maxmue/Benchmarks/parsec/pkgs/apps/blackscholes/inst/amd64-linux.gcc-openmp/bin/blackscholes 16 in_10M.txt prices.txt':
[PARSEC] [---------- Beginning of output ----------]
PARSEC Benchmark Suite Version 3.0-beta-20150206
Num of Options: 10000000
Num of Runs: 100
Size of data: 400000000

real	0m11.622s
user	0m45.287s
sys	0m0.275s
[PARSEC] [----------    End of output    ----------]
[PARSEC]
[PARSEC] BIBLIOGRAPHY
[PARSEC]
[PARSEC] [1] Bienia. Benchmarking Modern Multiprocessors. Ph.D. Thesis, 2011.
[PARSEC]
[PARSEC] Done.
[PARSEC] Benchmarks to run:  parsec.blackscholes

[PARSEC] [========== Running benchmark parsec.blackscholes [1] ==========]
[PARSEC] Keeping old run directory.
[PARSEC] Running 'time /home/fs71695/maxmue/Benchmarks/parsec/pkgs/apps/blackscholes/inst/amd64-linux.gcc-openmp/bin/blackscholes 16 in_10M.txt prices.txt':
[PARSEC] [---------- Beginning of output ----------]
PARSEC Benchmark Suite Version 3.0-beta-20150206
Num of Options: 10000000
Num of Runs: 100
Size of data: 400000000

real	0m11.630s
user	0m45.078s
sys	0m0.339s
[PARSEC] [----------    End of output    ----------]
[PARSEC]
[PARSEC] BIBLIOGRAPHY
[PARSEC]
[PARSEC] [1] Bienia. Benchmarking Modern Multiprocessors. Ph.D. Thesis, 2011.
[PARSEC]
[PARSEC] Done.
[PARSEC] Benchmarks to run:  parsec.blackscholes

[PARSEC] [========== Running benchmark parsec.blackscholes [1] ==========]
[PARSEC] Keeping old run directory.
[PARSEC] Running 'time /home/fs71695/maxmue/Benchmarks/parsec/pkgs/apps/blackscholes/inst/amd64-linux.gcc-openmp/bin/blackscholes 16 in_10M.txt prices.txt':
[PARSEC] [---------- Beginning of output ----------]
PARSEC Benchmark Suite Version 3.0-beta-20150206
Num of Options: 10000000
Num of Runs: 100
Size of data: 400000000

real	0m11.811s
user	0m47.420s
sys	0m0.334s
[PARSEC] [----------    End of output    ----------]
[PARSEC]
[PARSEC] BIBLIOGRAPHY
[PARSEC]
[PARSEC] [1] Bienia. Benchmarking Modern Multiprocessors. Ph.D. Thesis, 2011.
[PARSEC]
[PARSEC] Done.
[PARSEC] Benchmarks to run:  parsec.blackscholes

[PARSEC] [========== Running benchmark parsec.blackscholes [1] ==========]
[PARSEC] Keeping old run directory.
[PARSEC] Running 'time /home/fs71695/maxmue/Benchmarks/parsec/pkgs/apps/blackscholes/inst/amd64-linux.gcc-openmp/bin/blackscholes 16 in_10M.txt prices.txt':
[PARSEC] [---------- Beginning of output ----------]
PARSEC Benchmark Suite Version 3.0-beta-20150206
Num of Options: 10000000
Num of Runs: 100
Size of data: 400000000

real	0m11.730s
user	0m45.493s
sys	0m0.330s
[PARSEC] [----------    End of output    ----------]
[PARSEC]
[PARSEC] BIBLIOGRAPHY
[PARSEC]
[PARSEC] [1] Bienia. Benchmarking Modern Multiprocessors. Ph.D. Thesis, 2011.
[PARSEC]
[PARSEC] Done.
[PARSEC] Benchmarks to run:  parsec.blackscholes

[PARSEC] [========== Running benchmark parsec.blackscholes [1] ==========]
[PARSEC] Keeping old run directory.
[PARSEC] Running 'time /home/fs71695/maxmue/Benchmarks/parsec/pkgs/apps/blackscholes/inst/amd64-linux.gcc-openmp/bin/blackscholes 16 in_10M.txt prices.txt':
[PARSEC] [---------- Beginning of output ----------]
PARSEC Benchmark Suite Version 3.0-beta-20150206
Num of Options: 10000000
Num of Runs: 100
Size of data: 400000000

real	0m11.705s
user	0m45.291s
sys	0m0.309s
[PARSEC] [----------    End of output    ----------]
[PARSEC]
[PARSEC] BIBLIOGRAPHY
[PARSEC]
[PARSEC] [1] Bienia. Benchmarking Modern Multiprocessors. Ph.D. Thesis, 2011.
[PARSEC]
[PARSEC] Done.
[PARSEC] Benchmarks to run:  parsec.blackscholes

[PARSEC] [========== Running benchmark parsec.blackscholes [1] ==========]
[PARSEC] Keeping old run directory.
[PARSEC] Running 'time /home/fs71695/maxmue/Benchmarks/parsec/pkgs/apps/blackscholes/inst/amd64-linux.gcc-openmp/bin/blackscholes 16 in_10M.txt prices.txt':
[PARSEC] [---------- Beginning of output ----------]
PARSEC Benchmark Suite Version 3.0-beta-20150206
Num of Options: 10000000
Num of Runs: 100
Size of data: 400000000

real	0m11.625s
user	0m45.339s
sys	0m0.298s
[PARSEC] [----------    End of output    ----------]
[PARSEC]
[PARSEC] BIBLIOGRAPHY
[PARSEC]
[PARSEC] [1] Bienia. Benchmarking Modern Multiprocessors. Ph.D. Thesis, 2011.
[PARSEC]
[PARSEC] Done.
[PARSEC] Benchmarks to run:  parsec.blackscholes

[PARSEC] [========== Running benchmark parsec.blackscholes [1] ==========]
[PARSEC] Keeping old run directory.
[PARSEC] Running 'time /home/fs71695/maxmue/Benchmarks/parsec/pkgs/apps/blackscholes/inst/amd64-linux.gcc-openmp/bin/blackscholes 16 in_10M.txt prices.txt':
[PARSEC] [---------- Beginning of output ----------]
PARSEC Benchmark Suite Version 3.0-beta-20150206
Num of Options: 10000000
Num of Runs: 100
Size of data: 400000000

real	0m11.695s
user	0m45.135s
sys	0m0.297s
[PARSEC] [----------    End of output    ----------]
[PARSEC]
[PARSEC] BIBLIOGRAPHY
[PARSEC]
[PARSEC] [1] Bienia. Benchmarking Modern Multiprocessors. Ph.D. Thesis, 2011.
[PARSEC]
[PARSEC] Done.
[PARSEC] Benchmarks to run:  parsec.blackscholes

[PARSEC] [========== Running benchmark parsec.blackscholes [1] ==========]
[PARSEC] Keeping old run directory.
[PARSEC] Running 'time /home/fs71695/maxmue/Benchmarks/parsec/pkgs/apps/blackscholes/inst/amd64-linux.gcc-openmp/bin/blackscholes 16 in_10M.txt prices.txt':
[PARSEC] [---------- Beginning of output ----------]
PARSEC Benchmark Suite Version 3.0-beta-20150206
Num of Options: 10000000
Num of Runs: 100
Size of data: 400000000

real	0m11.609s
user	0m45.316s
sys	0m0.278s
[PARSEC] [----------    End of output    ----------]
[PARSEC]
[PARSEC] BIBLIOGRAPHY
[PARSEC]
[PARSEC] [1] Bienia. Benchmarking Modern Multiprocessors. Ph.D. Thesis, 2011.
[PARSEC]
[PARSEC] Done.
[PARSEC] Benchmarks to run:  parsec.blackscholes

[PARSEC] [========== Running benchmark parsec.blackscholes [1] ==========]
[PARSEC] Keeping old run directory.
[PARSEC] Running 'time /home/fs71695/maxmue/Benchmarks/parsec/pkgs/apps/blackscholes/inst/amd64-linux.gcc-openmp/bin/blackscholes 16 in_10M.txt prices.txt':
[PARSEC] [---------- Beginning of output ----------]
PARSEC Benchmark Suite Version 3.0-beta-20150206
Num of Options: 10000000
Num of Runs: 100
Size of data: 400000000

real	0m11.638s
user	0m45.133s
sys	0m0.313s
[PARSEC] [----------    End of output    ----------]
[PARSEC]
[PARSEC] BIBLIOGRAPHY
[PARSEC]
[PARSEC] [1] Bienia. Benchmarking Modern Multiprocessors. Ph.D. Thesis, 2011.
[PARSEC]
[PARSEC] Done.
[PARSEC] Benchmarks to run:  parsec.blackscholes

[PARSEC] [========== Running benchmark parsec.blackscholes [1] ==========]
[PARSEC] Keeping old run directory.
[PARSEC] Running 'time /home/fs71695/maxmue/Benchmarks/parsec/pkgs/apps/blackscholes/inst/amd64-linux.gcc-openmp/bin/blackscholes 16 in_10M.txt prices.txt':
[PARSEC] [---------- Beginning of output ----------]
PARSEC Benchmark Suite Version 3.0-beta-20150206
Num of Options: 10000000
Num of Runs: 100
Size of data: 400000000

real	0m11.668s
user	0m45.257s
sys	0m0.315s
[PARSEC] [----------    End of output    ----------]
[PARSEC]
[PARSEC] BIBLIOGRAPHY
[PARSEC]
[PARSEC] [1] Bienia. Benchmarking Modern Multiprocessors. Ph.D. Thesis, 2011.
[PARSEC]
[PARSEC] Done.
[PARSEC] Benchmarks to run:  parsec.blackscholes

[PARSEC] [========== Running benchmark parsec.blackscholes [1] ==========]
[PARSEC] Keeping old run directory.
[PARSEC] Running 'time /home/fs71695/maxmue/Benchmarks/parsec/pkgs/apps/blackscholes/inst/amd64-linux.gcc-openmp/bin/blackscholes 16 in_10M.txt prices.txt':
[PARSEC] [---------- Beginning of output ----------]
PARSEC Benchmark Suite Version 3.0-beta-20150206
Num of Options: 10000000
Num of Runs: 100
Size of data: 400000000

real	0m11.660s
user	0m45.077s
sys	0m0.278s
[PARSEC] [----------    End of output    ----------]
[PARSEC]
[PARSEC] BIBLIOGRAPHY
[PARSEC]
[PARSEC] [1] Bienia. Benchmarking Modern Multiprocessors. Ph.D. Thesis, 2011.
[PARSEC]
[PARSEC] Done.
[PARSEC] Benchmarks to run:  parsec.blackscholes

[PARSEC] [========== Running benchmark parsec.blackscholes [1] ==========]
[PARSEC] Keeping old run directory.
[PARSEC] Running 'time /home/fs71695/maxmue/Benchmarks/parsec/pkgs/apps/blackscholes/inst/amd64-linux.gcc-openmp/bin/blackscholes 16 in_10M.txt prices.txt':
[PARSEC] [---------- Beginning of output ----------]
PARSEC Benchmark Suite Version 3.0-beta-20150206
Num of Options: 10000000
Num of Runs: 100
Size of data: 400000000

real	0m11.703s
user	0m45.253s
sys	0m0.307s
[PARSEC] [----------    End of output    ----------]
[PARSEC]
[PARSEC] BIBLIOGRAPHY
[PARSEC]
[PARSEC] [1] Bienia. Benchmarking Modern Multiprocessors. Ph.D. Thesis, 2011.
[PARSEC]
[PARSEC] Done.
[PARSEC] Benchmarks to run:  parsec.blackscholes

[PARSEC] [========== Running benchmark parsec.blackscholes [1] ==========]
[PARSEC] Keeping old run directory.
[PARSEC] Running 'time /home/fs71695/maxmue/Benchmarks/parsec/pkgs/apps/blackscholes/inst/amd64-linux.gcc-openmp/bin/blackscholes 16 in_10M.txt prices.txt':
[PARSEC] [---------- Beginning of output ----------]
PARSEC Benchmark Suite Version 3.0-beta-20150206
Num of Options: 10000000
Num of Runs: 100
Size of data: 400000000

real	0m11.627s
user	0m45.208s
sys	0m0.281s
[PARSEC] [----------    End of output    ----------]
[PARSEC]
[PARSEC] BIBLIOGRAPHY
[PARSEC]
[PARSEC] [1] Bienia. Benchmarking Modern Multiprocessors. Ph.D. Thesis, 2011.
[PARSEC]
[PARSEC] Done.
[PARSEC] Benchmarks to run:  parsec.blackscholes

[PARSEC] [========== Running benchmark parsec.blackscholes [1] ==========]
[PARSEC] Keeping old run directory.
[PARSEC] Running 'time /home/fs71695/maxmue/Benchmarks/parsec/pkgs/apps/blackscholes/inst/amd64-linux.gcc-openmp/bin/blackscholes 16 in_10M.txt prices.txt':
[PARSEC] [---------- Beginning of output ----------]
PARSEC Benchmark Suite Version 3.0-beta-20150206
Num of Options: 10000000
Num of Runs: 100
Size of data: 400000000

real	0m11.727s
user	0m46.314s
sys	0m0.310s
[PARSEC] [----------    End of output    ----------]
[PARSEC]
[PARSEC] BIBLIOGRAPHY
[PARSEC]
[PARSEC] [1] Bienia. Benchmarking Modern Multiprocessors. Ph.D. Thesis, 2011.
[PARSEC]
[PARSEC] Done.
[PARSEC] Benchmarks to run:  parsec.blackscholes

[PARSEC] [========== Running benchmark parsec.blackscholes [1] ==========]
[PARSEC] Keeping old run directory.
[PARSEC] Running 'time /home/fs71695/maxmue/Benchmarks/parsec/pkgs/apps/blackscholes/inst/amd64-linux.gcc-openmp/bin/blackscholes 16 in_10M.txt prices.txt':
[PARSEC] [---------- Beginning of output ----------]
PARSEC Benchmark Suite Version 3.0-beta-20150206
Num of Options: 10000000
Num of Runs: 100
Size of data: 400000000

real	0m11.647s
user	0m45.378s
sys	0m0.326s
[PARSEC] [----------    End of output    ----------]
[PARSEC]
[PARSEC] BIBLIOGRAPHY
[PARSEC]
[PARSEC] [1] Bienia. Benchmarking Modern Multiprocessors. Ph.D. Thesis, 2011.
[PARSEC]
[PARSEC] Done.
[PARSEC] Benchmarks to run:  parsec.blackscholes

[PARSEC] [========== Running benchmark parsec.blackscholes [1] ==========]
[PARSEC] Keeping old run directory.
[PARSEC] Running 'time /home/fs71695/maxmue/Benchmarks/parsec/pkgs/apps/blackscholes/inst/amd64-linux.gcc-openmp/bin/blackscholes 16 in_10M.txt prices.txt':
[PARSEC] [---------- Beginning of output ----------]
PARSEC Benchmark Suite Version 3.0-beta-20150206
Num of Options: 10000000
Num of Runs: 100
Size of data: 400000000

real	0m11.709s
user	0m45.392s
sys	0m0.317s
[PARSEC] [----------    End of output    ----------]
[PARSEC]
[PARSEC] BIBLIOGRAPHY
[PARSEC]
[PARSEC] [1] Bienia. Benchmarking Modern Multiprocessors. Ph.D. Thesis, 2011.
[PARSEC]
[PARSEC] Done.
[PARSEC] Benchmarks to run:  parsec.blackscholes

[PARSEC] [========== Running benchmark parsec.blackscholes [1] ==========]
[PARSEC] Keeping old run directory.
[PARSEC] Running 'time /home/fs71695/maxmue/Benchmarks/parsec/pkgs/apps/blackscholes/inst/amd64-linux.gcc-openmp/bin/blackscholes 16 in_10M.txt prices.txt':
[PARSEC] [---------- Beginning of output ----------]
PARSEC Benchmark Suite Version 3.0-beta-20150206
Num of Options: 10000000
Num of Runs: 100
Size of data: 400000000

real	0m11.625s
user	0m45.262s
sys	0m0.281s
[PARSEC] [----------    End of output    ----------]
[PARSEC]
[PARSEC] BIBLIOGRAPHY
[PARSEC]
[PARSEC] [1] Bienia. Benchmarking Modern Multiprocessors. Ph.D. Thesis, 2011.
[PARSEC]
[PARSEC] Done.
[PARSEC] Benchmarks to run:  parsec.blackscholes

[PARSEC] [========== Running benchmark parsec.blackscholes [1] ==========]
[PARSEC] Keeping old run directory.
[PARSEC] Running 'time /home/fs71695/maxmue/Benchmarks/parsec/pkgs/apps/blackscholes/inst/amd64-linux.gcc-openmp/bin/blackscholes 16 in_10M.txt prices.txt':
[PARSEC] [---------- Beginning of output ----------]
PARSEC Benchmark Suite Version 3.0-beta-20150206
Num of Options: 10000000
Num of Runs: 100
Size of data: 400000000

real	0m11.672s
user	0m45.186s
sys	0m0.323s
[PARSEC] [----------    End of output    ----------]
[PARSEC]
[PARSEC] BIBLIOGRAPHY
[PARSEC]
[PARSEC] [1] Bienia. Benchmarking Modern Multiprocessors. Ph.D. Thesis, 2011.
[PARSEC]
[PARSEC] Done.
[PARSEC] Benchmarks to run:  parsec.blackscholes

[PARSEC] [========== Running benchmark parsec.blackscholes [1] ==========]
[PARSEC] Keeping old run directory.
[PARSEC] Running 'time /home/fs71695/maxmue/Benchmarks/parsec/pkgs/apps/blackscholes/inst/amd64-linux.gcc-openmp/bin/blackscholes 16 in_10M.txt prices.txt':
[PARSEC] [---------- Beginning of output ----------]
PARSEC Benchmark Suite Version 3.0-beta-20150206
Num of Options: 10000000
Num of Runs: 100
Size of data: 400000000

real	0m11.624s
user	0m45.173s
sys	0m0.305s
[PARSEC] [----------    End of output    ----------]
[PARSEC]
[PARSEC] BIBLIOGRAPHY
[PARSEC]
[PARSEC] [1] Bienia. Benchmarking Modern Multiprocessors. Ph.D. Thesis, 2011.
[PARSEC]
[PARSEC] Done.
[PARSEC] Benchmarks to run:  parsec.blackscholes

[PARSEC] [========== Running benchmark parsec.blackscholes [1] ==========]
[PARSEC] Keeping old run directory.
[PARSEC] Running 'time /home/fs71695/maxmue/Benchmarks/parsec/pkgs/apps/blackscholes/inst/amd64-linux.gcc-openmp/bin/blackscholes 16 in_10M.txt prices.txt':
[PARSEC] [---------- Beginning of output ----------]
PARSEC Benchmark Suite Version 3.0-beta-20150206
Num of Options: 10000000
Num of Runs: 100
Size of data: 400000000

real	0m11.638s
user	0m45.240s
sys	0m0.302s
[PARSEC] [----------    End of output    ----------]
[PARSEC]
[PARSEC] BIBLIOGRAPHY
[PARSEC]
[PARSEC] [1] Bienia. Benchmarking Modern Multiprocessors. Ph.D. Thesis, 2011.
[PARSEC]
[PARSEC] Done.
[PARSEC] Benchmarks to run:  parsec.blackscholes

[PARSEC] [========== Running benchmark parsec.blackscholes [1] ==========]
[PARSEC] Keeping old run directory.
[PARSEC] Running 'time /home/fs71695/maxmue/Benchmarks/parsec/pkgs/apps/blackscholes/inst/amd64-linux.gcc-openmp/bin/blackscholes 16 in_10M.txt prices.txt':
[PARSEC] [---------- Beginning of output ----------]
PARSEC Benchmark Suite Version 3.0-beta-20150206
Num of Options: 10000000
Num of Runs: 100
Size of data: 400000000

real	0m11.790s
user	0m45.396s
sys	0m0.342s
[PARSEC] [----------    End of output    ----------]
[PARSEC]
[PARSEC] BIBLIOGRAPHY
[PARSEC]
[PARSEC] [1] Bienia. Benchmarking Modern Multiprocessors. Ph.D. Thesis, 2011.
[PARSEC]
[PARSEC] Done.
[PARSEC] Benchmarks to run:  parsec.blackscholes

[PARSEC] [========== Running benchmark parsec.blackscholes [1] ==========]
[PARSEC] Keeping old run directory.
[PARSEC] Running 'time /home/fs71695/maxmue/Benchmarks/parsec/pkgs/apps/blackscholes/inst/amd64-linux.gcc-openmp/bin/blackscholes 16 in_10M.txt prices.txt':
[PARSEC] [---------- Beginning of output ----------]
PARSEC Benchmark Suite Version 3.0-beta-20150206
Num of Options: 10000000
Num of Runs: 100
Size of data: 400000000

real	0m11.573s
user	0m45.138s
sys	0m0.311s
[PARSEC] [----------    End of output    ----------]
[PARSEC]
[PARSEC] BIBLIOGRAPHY
[PARSEC]
[PARSEC] [1] Bienia. Benchmarking Modern Multiprocessors. Ph.D. Thesis, 2011.
[PARSEC]
[PARSEC] Done.
[PARSEC] Benchmarks to run:  parsec.blackscholes

[PARSEC] [========== Running benchmark parsec.blackscholes [1] ==========]
[PARSEC] Keeping old run directory.
[PARSEC] Running 'time /home/fs71695/maxmue/Benchmarks/parsec/pkgs/apps/blackscholes/inst/amd64-linux.gcc-openmp/bin/blackscholes 16 in_10M.txt prices.txt':
[PARSEC] [---------- Beginning of output ----------]
PARSEC Benchmark Suite Version 3.0-beta-20150206
Num of Options: 10000000
Num of Runs: 100
Size of data: 400000000

real	0m11.680s
user	0m45.193s
sys	0m0.310s
[PARSEC] [----------    End of output    ----------]
[PARSEC]
[PARSEC] BIBLIOGRAPHY
[PARSEC]
[PARSEC] [1] Bienia. Benchmarking Modern Multiprocessors. Ph.D. Thesis, 2011.
[PARSEC]
[PARSEC] Done.
[PARSEC] Benchmarks to run:  parsec.blackscholes

[PARSEC] [========== Running benchmark parsec.blackscholes [1] ==========]
[PARSEC] Keeping old run directory.
[PARSEC] Running 'time /home/fs71695/maxmue/Benchmarks/parsec/pkgs/apps/blackscholes/inst/amd64-linux.gcc-openmp/bin/blackscholes 16 in_10M.txt prices.txt':
[PARSEC] [---------- Beginning of output ----------]
PARSEC Benchmark Suite Version 3.0-beta-20150206
Num of Options: 10000000
Num of Runs: 100
Size of data: 400000000

real	0m11.695s
user	0m45.245s
sys	0m0.320s
[PARSEC] [----------    End of output    ----------]
[PARSEC]
[PARSEC] BIBLIOGRAPHY
[PARSEC]
[PARSEC] [1] Bienia. Benchmarking Modern Multiprocessors. Ph.D. Thesis, 2011.
[PARSEC]
[PARSEC] Done.
[PARSEC] Benchmarks to run:  parsec.blackscholes

[PARSEC] [========== Running benchmark parsec.blackscholes [1] ==========]
[PARSEC] Keeping old run directory.
[PARSEC] Running 'time /home/fs71695/maxmue/Benchmarks/parsec/pkgs/apps/blackscholes/inst/amd64-linux.gcc-openmp/bin/blackscholes 16 in_10M.txt prices.txt':
[PARSEC] [---------- Beginning of output ----------]
PARSEC Benchmark Suite Version 3.0-beta-20150206
Num of Options: 10000000
Num of Runs: 100
Size of data: 400000000

real	0m11.738s
user	0m45.921s
sys	0m0.346s
[PARSEC] [----------    End of output    ----------]
[PARSEC]
[PARSEC] BIBLIOGRAPHY
[PARSEC]
[PARSEC] [1] Bienia. Benchmarking Modern Multiprocessors. Ph.D. Thesis, 2011.
[PARSEC]
[PARSEC] Done.
[PARSEC] Benchmarks to run:  parsec.blackscholes

[PARSEC] [========== Running benchmark parsec.blackscholes [1] ==========]
[PARSEC] Keeping old run directory.
[PARSEC] Running 'time /home/fs71695/maxmue/Benchmarks/parsec/pkgs/apps/blackscholes/inst/amd64-linux.gcc-openmp/bin/blackscholes 16 in_10M.txt prices.txt':
[PARSEC] [---------- Beginning of output ----------]
PARSEC Benchmark Suite Version 3.0-beta-20150206
Num of Options: 10000000
Num of Runs: 100
Size of data: 400000000

real	0m11.630s
user	0m45.965s
sys	0m0.295s
[PARSEC] [----------    End of output    ----------]
[PARSEC]
[PARSEC] BIBLIOGRAPHY
[PARSEC]
[PARSEC] [1] Bienia. Benchmarking Modern Multiprocessors. Ph.D. Thesis, 2011.
[PARSEC]
[PARSEC] Done.
[PARSEC] Benchmarks to run:  parsec.blackscholes

[PARSEC] [========== Running benchmark parsec.blackscholes [1] ==========]
[PARSEC] Keeping old run directory.
[PARSEC] Running 'time /home/fs71695/maxmue/Benchmarks/parsec/pkgs/apps/blackscholes/inst/amd64-linux.gcc-openmp/bin/blackscholes 16 in_10M.txt prices.txt':
[PARSEC] [---------- Beginning of output ----------]
PARSEC Benchmark Suite Version 3.0-beta-20150206
Num of Options: 10000000
Num of Runs: 100
Size of data: 400000000

real	0m11.609s
user	0m45.338s
sys	0m0.308s
[PARSEC] [----------    End of output    ----------]
[PARSEC]
[PARSEC] BIBLIOGRAPHY
[PARSEC]
[PARSEC] [1] Bienia. Benchmarking Modern Multiprocessors. Ph.D. Thesis, 2011.
[PARSEC]
[PARSEC] Done.
[PARSEC] Benchmarks to run:  parsec.blackscholes

[PARSEC] [========== Running benchmark parsec.blackscholes [1] ==========]
[PARSEC] Keeping old run directory.
[PARSEC] Running 'time /home/fs71695/maxmue/Benchmarks/parsec/pkgs/apps/blackscholes/inst/amd64-linux.gcc-openmp/bin/blackscholes 16 in_10M.txt prices.txt':
[PARSEC] [---------- Beginning of output ----------]
PARSEC Benchmark Suite Version 3.0-beta-20150206
Num of Options: 10000000
Num of Runs: 100
Size of data: 400000000

real	0m11.609s
user	0m45.162s
sys	0m0.328s
[PARSEC] [----------    End of output    ----------]
[PARSEC]
[PARSEC] BIBLIOGRAPHY
[PARSEC]
[PARSEC] [1] Bienia. Benchmarking Modern Multiprocessors. Ph.D. Thesis, 2011.
[PARSEC]
[PARSEC] Done.
[PARSEC] Benchmarks to run:  parsec.blackscholes

[PARSEC] [========== Running benchmark parsec.blackscholes [1] ==========]
[PARSEC] Keeping old run directory.
[PARSEC] Running 'time /home/fs71695/maxmue/Benchmarks/parsec/pkgs/apps/blackscholes/inst/amd64-linux.gcc-openmp/bin/blackscholes 16 in_10M.txt prices.txt':
[PARSEC] [---------- Beginning of output ----------]
PARSEC Benchmark Suite Version 3.0-beta-20150206
Num of Options: 10000000
Num of Runs: 100
Size of data: 400000000

real	0m11.650s
user	0m45.096s
sys	0m0.324s
[PARSEC] [----------    End of output    ----------]
[PARSEC]
[PARSEC] BIBLIOGRAPHY
[PARSEC]
[PARSEC] [1] Bienia. Benchmarking Modern Multiprocessors. Ph.D. Thesis, 2011.
[PARSEC]
[PARSEC] Done.
[PARSEC] Benchmarks to run:  parsec.blackscholes

[PARSEC] [========== Running benchmark parsec.blackscholes [1] ==========]
[PARSEC] Keeping old run directory.
[PARSEC] Running 'time /home/fs71695/maxmue/Benchmarks/parsec/pkgs/apps/blackscholes/inst/amd64-linux.gcc-openmp/bin/blackscholes 16 in_10M.txt prices.txt':
[PARSEC] [---------- Beginning of output ----------]
PARSEC Benchmark Suite Version 3.0-beta-20150206
Num of Options: 10000000
Num of Runs: 100
Size of data: 400000000

real	0m11.726s
user	0m45.455s
sys	0m0.322s
[PARSEC] [----------    End of output    ----------]
[PARSEC]
[PARSEC] BIBLIOGRAPHY
[PARSEC]
[PARSEC] [1] Bienia. Benchmarking Modern Multiprocessors. Ph.D. Thesis, 2011.
[PARSEC]
[PARSEC] Done.
[PARSEC] Benchmarks to run:  parsec.blackscholes

[PARSEC] [========== Running benchmark parsec.blackscholes [1] ==========]
[PARSEC] Keeping old run directory.
[PARSEC] Running 'time /home/fs71695/maxmue/Benchmarks/parsec/pkgs/apps/blackscholes/inst/amd64-linux.gcc-openmp/bin/blackscholes 16 in_10M.txt prices.txt':
[PARSEC] [---------- Beginning of output ----------]
PARSEC Benchmark Suite Version 3.0-beta-20150206
Num of Options: 10000000
Num of Runs: 100
Size of data: 400000000

real	0m11.610s
user	0m45.288s
sys	0m0.310s
[PARSEC] [----------    End of output    ----------]
[PARSEC]
[PARSEC] BIBLIOGRAPHY
[PARSEC]
[PARSEC] [1] Bienia. Benchmarking Modern Multiprocessors. Ph.D. Thesis, 2011.
[PARSEC]
[PARSEC] Done.
[PARSEC] Benchmarks to run:  parsec.blackscholes

[PARSEC] [========== Running benchmark parsec.blackscholes [1] ==========]
[PARSEC] Keeping old run directory.
[PARSEC] Running 'time /home/fs71695/maxmue/Benchmarks/parsec/pkgs/apps/blackscholes/inst/amd64-linux.gcc-openmp/bin/blackscholes 16 in_10M.txt prices.txt':
[PARSEC] [---------- Beginning of output ----------]
PARSEC Benchmark Suite Version 3.0-beta-20150206
Num of Options: 10000000
Num of Runs: 100
Size of data: 400000000

real	0m11.634s
user	0m45.158s
sys	0m0.307s
[PARSEC] [----------    End of output    ----------]
[PARSEC]
[PARSEC] BIBLIOGRAPHY
[PARSEC]
[PARSEC] [1] Bienia. Benchmarking Modern Multiprocessors. Ph.D. Thesis, 2011.
[PARSEC]
[PARSEC] Done.
04/16/24 19:29:20  1713288560.340119628
