n3501-022
Testing blackscholes 32 times on 4 cores using input size:native
02/20/23 23:57:42  1676933862.526421083
[PARSEC] Benchmarks to run:  parsec.blackscholes

[PARSEC] [========== Running benchmark parsec.blackscholes [1] ==========]
[PARSEC] Keeping old run directory.
[PARSEC] Running 'time /home/fs71695/maxmue/Benchmarks/parsec/pkgs/apps/blackscholes/inst/amd64-linux.gcc-openmp/bin/blackscholes 4 in_10M.txt prices.txt':
[PARSEC] [---------- Beginning of output ----------]
PARSEC Benchmark Suite Version 3.0-beta-20150206
Num of Options: 10000000
Num of Runs: 100
Size of data: 400000000

real	0m21.495s
user	0m52.702s
sys	0m0.414s
[PARSEC] [----------    End of output    ----------]
[PARSEC]
[PARSEC] BIBLIOGRAPHY
[PARSEC]
[PARSEC] [1] Bienia. Benchmarking Modern Multiprocessors. Ph.D. Thesis, 2011.
[PARSEC]
[PARSEC] Done.
[PARSEC] Benchmarks to run:  parsec.blackscholes

[PARSEC] [========== Running benchmark parsec.blackscholes [1] ==========]
[PARSEC] Keeping old run directory.
[PARSEC] Running 'time /home/fs71695/maxmue/Benchmarks/parsec/pkgs/apps/blackscholes/inst/amd64-linux.gcc-openmp/bin/blackscholes 4 in_10M.txt prices.txt':
[PARSEC] [---------- Beginning of output ----------]
PARSEC Benchmark Suite Version 3.0-beta-20150206
Num of Options: 10000000
Num of Runs: 100
Size of data: 400000000

real	0m21.279s
user	0m52.592s
sys	0m0.326s
[PARSEC] [----------    End of output    ----------]
[PARSEC]
[PARSEC] BIBLIOGRAPHY
[PARSEC]
[PARSEC] [1] Bienia. Benchmarking Modern Multiprocessors. Ph.D. Thesis, 2011.
[PARSEC]
[PARSEC] Done.
[PARSEC] Benchmarks to run:  parsec.blackscholes

[PARSEC] [========== Running benchmark parsec.blackscholes [1] ==========]
[PARSEC] Keeping old run directory.
[PARSEC] Running 'time /home/fs71695/maxmue/Benchmarks/parsec/pkgs/apps/blackscholes/inst/amd64-linux.gcc-openmp/bin/blackscholes 4 in_10M.txt prices.txt':
[PARSEC] [---------- Beginning of output ----------]
PARSEC Benchmark Suite Version 3.0-beta-20150206
Num of Options: 10000000
Num of Runs: 100
Size of data: 400000000

real	0m21.212s
user	0m52.679s
sys	0m0.245s
[PARSEC] [----------    End of output    ----------]
[PARSEC]
[PARSEC] BIBLIOGRAPHY
[PARSEC]
[PARSEC] [1] Bienia. Benchmarking Modern Multiprocessors. Ph.D. Thesis, 2011.
[PARSEC]
[PARSEC] Done.
[PARSEC] Benchmarks to run:  parsec.blackscholes

[PARSEC] [========== Running benchmark parsec.blackscholes [1] ==========]
[PARSEC] Keeping old run directory.
[PARSEC] Running 'time /home/fs71695/maxmue/Benchmarks/parsec/pkgs/apps/blackscholes/inst/amd64-linux.gcc-openmp/bin/blackscholes 4 in_10M.txt prices.txt':
[PARSEC] [---------- Beginning of output ----------]
PARSEC Benchmark Suite Version 3.0-beta-20150206
Num of Options: 10000000
Num of Runs: 100
Size of data: 400000000

real	0m21.327s
user	0m52.692s
sys	0m0.373s
[PARSEC] [----------    End of output    ----------]
[PARSEC]
[PARSEC] BIBLIOGRAPHY
[PARSEC]
[PARSEC] [1] Bienia. Benchmarking Modern Multiprocessors. Ph.D. Thesis, 2011.
[PARSEC]
[PARSEC] Done.
[PARSEC] Benchmarks to run:  parsec.blackscholes

[PARSEC] [========== Running benchmark parsec.blackscholes [1] ==========]
[PARSEC] Keeping old run directory.
[PARSEC] Running 'time /home/fs71695/maxmue/Benchmarks/parsec/pkgs/apps/blackscholes/inst/amd64-linux.gcc-openmp/bin/blackscholes 4 in_10M.txt prices.txt':
[PARSEC] [---------- Beginning of output ----------]
PARSEC Benchmark Suite Version 3.0-beta-20150206
Num of Options: 10000000
Num of Runs: 100
Size of data: 400000000

real	0m21.148s
user	0m52.572s
sys	0m0.241s
[PARSEC] [----------    End of output    ----------]
[PARSEC]
[PARSEC] BIBLIOGRAPHY
[PARSEC]
[PARSEC] [1] Bienia. Benchmarking Modern Multiprocessors. Ph.D. Thesis, 2011.
[PARSEC]
[PARSEC] Done.
[PARSEC] Benchmarks to run:  parsec.blackscholes

[PARSEC] [========== Running benchmark parsec.blackscholes [1] ==========]
[PARSEC] Keeping old run directory.
[PARSEC] Running 'time /home/fs71695/maxmue/Benchmarks/parsec/pkgs/apps/blackscholes/inst/amd64-linux.gcc-openmp/bin/blackscholes 4 in_10M.txt prices.txt':
[PARSEC] [---------- Beginning of output ----------]
PARSEC Benchmark Suite Version 3.0-beta-20150206
Num of Options: 10000000
Num of Runs: 100
Size of data: 400000000

real	0m21.280s
user	0m52.612s
sys	0m0.349s
[PARSEC] [----------    End of output    ----------]
[PARSEC]
[PARSEC] BIBLIOGRAPHY
[PARSEC]
[PARSEC] [1] Bienia. Benchmarking Modern Multiprocessors. Ph.D. Thesis, 2011.
[PARSEC]
[PARSEC] Done.
[PARSEC] Benchmarks to run:  parsec.blackscholes

[PARSEC] [========== Running benchmark parsec.blackscholes [1] ==========]
[PARSEC] Keeping old run directory.
[PARSEC] Running 'time /home/fs71695/maxmue/Benchmarks/parsec/pkgs/apps/blackscholes/inst/amd64-linux.gcc-openmp/bin/blackscholes 4 in_10M.txt prices.txt':
[PARSEC] [---------- Beginning of output ----------]
PARSEC Benchmark Suite Version 3.0-beta-20150206
Num of Options: 10000000
Num of Runs: 100
Size of data: 400000000

real	0m21.237s
user	0m52.567s
sys	0m0.363s
[PARSEC] [----------    End of output    ----------]
[PARSEC]
[PARSEC] BIBLIOGRAPHY
[PARSEC]
[PARSEC] [1] Bienia. Benchmarking Modern Multiprocessors. Ph.D. Thesis, 2011.
[PARSEC]
[PARSEC] Done.
[PARSEC] Benchmarks to run:  parsec.blackscholes

[PARSEC] [========== Running benchmark parsec.blackscholes [1] ==========]
[PARSEC] Keeping old run directory.
[PARSEC] Running 'time /home/fs71695/maxmue/Benchmarks/parsec/pkgs/apps/blackscholes/inst/amd64-linux.gcc-openmp/bin/blackscholes 4 in_10M.txt prices.txt':
[PARSEC] [---------- Beginning of output ----------]
PARSEC Benchmark Suite Version 3.0-beta-20150206
Num of Options: 10000000
Num of Runs: 100
Size of data: 400000000

real	0m21.206s
user	0m52.668s
sys	0m0.313s
[PARSEC] [----------    End of output    ----------]
[PARSEC]
[PARSEC] BIBLIOGRAPHY
[PARSEC]
[PARSEC] [1] Bienia. Benchmarking Modern Multiprocessors. Ph.D. Thesis, 2011.
[PARSEC]
[PARSEC] Done.
[PARSEC] Benchmarks to run:  parsec.blackscholes

[PARSEC] [========== Running benchmark parsec.blackscholes [1] ==========]
[PARSEC] Keeping old run directory.
[PARSEC] Running 'time /home/fs71695/maxmue/Benchmarks/parsec/pkgs/apps/blackscholes/inst/amd64-linux.gcc-openmp/bin/blackscholes 4 in_10M.txt prices.txt':
[PARSEC] [---------- Beginning of output ----------]
PARSEC Benchmark Suite Version 3.0-beta-20150206
Num of Options: 10000000
Num of Runs: 100
Size of data: 400000000

real	0m21.138s
user	0m52.560s
sys	0m0.246s
[PARSEC] [----------    End of output    ----------]
[PARSEC]
[PARSEC] BIBLIOGRAPHY
[PARSEC]
[PARSEC] [1] Bienia. Benchmarking Modern Multiprocessors. Ph.D. Thesis, 2011.
[PARSEC]
[PARSEC] Done.
[PARSEC] Benchmarks to run:  parsec.blackscholes

[PARSEC] [========== Running benchmark parsec.blackscholes [1] ==========]
[PARSEC] Keeping old run directory.
[PARSEC] Running 'time /home/fs71695/maxmue/Benchmarks/parsec/pkgs/apps/blackscholes/inst/amd64-linux.gcc-openmp/bin/blackscholes 4 in_10M.txt prices.txt':
[PARSEC] [---------- Beginning of output ----------]
PARSEC Benchmark Suite Version 3.0-beta-20150206
Num of Options: 10000000
Num of Runs: 100
Size of data: 400000000

real	0m21.228s
user	0m52.688s
sys	0m0.324s
[PARSEC] [----------    End of output    ----------]
[PARSEC]
[PARSEC] BIBLIOGRAPHY
[PARSEC]
[PARSEC] [1] Bienia. Benchmarking Modern Multiprocessors. Ph.D. Thesis, 2011.
[PARSEC]
[PARSEC] Done.
[PARSEC] Benchmarks to run:  parsec.blackscholes

[PARSEC] [========== Running benchmark parsec.blackscholes [1] ==========]
[PARSEC] Keeping old run directory.
[PARSEC] Running 'time /home/fs71695/maxmue/Benchmarks/parsec/pkgs/apps/blackscholes/inst/amd64-linux.gcc-openmp/bin/blackscholes 4 in_10M.txt prices.txt':
[PARSEC] [---------- Beginning of output ----------]
PARSEC Benchmark Suite Version 3.0-beta-20150206
Num of Options: 10000000
Num of Runs: 100
Size of data: 400000000

real	0m21.132s
user	0m52.598s
sys	0m0.229s
[PARSEC] [----------    End of output    ----------]
[PARSEC]
[PARSEC] BIBLIOGRAPHY
[PARSEC]
[PARSEC] [1] Bienia. Benchmarking Modern Multiprocessors. Ph.D. Thesis, 2011.
[PARSEC]
[PARSEC] Done.
[PARSEC] Benchmarks to run:  parsec.blackscholes

[PARSEC] [========== Running benchmark parsec.blackscholes [1] ==========]
[PARSEC] Keeping old run directory.
[PARSEC] Running 'time /home/fs71695/maxmue/Benchmarks/parsec/pkgs/apps/blackscholes/inst/amd64-linux.gcc-openmp/bin/blackscholes 4 in_10M.txt prices.txt':
[PARSEC] [---------- Beginning of output ----------]
PARSEC Benchmark Suite Version 3.0-beta-20150206
Num of Options: 10000000
Num of Runs: 100
Size of data: 400000000

real	0m21.228s
user	0m52.611s
sys	0m0.356s
[PARSEC] [----------    End of output    ----------]
[PARSEC]
[PARSEC] BIBLIOGRAPHY
[PARSEC]
[PARSEC] [1] Bienia. Benchmarking Modern Multiprocessors. Ph.D. Thesis, 2011.
[PARSEC]
[PARSEC] Done.
[PARSEC] Benchmarks to run:  parsec.blackscholes

[PARSEC] [========== Running benchmark parsec.blackscholes [1] ==========]
[PARSEC] Keeping old run directory.
[PARSEC] Running 'time /home/fs71695/maxmue/Benchmarks/parsec/pkgs/apps/blackscholes/inst/amd64-linux.gcc-openmp/bin/blackscholes 4 in_10M.txt prices.txt':
[PARSEC] [---------- Beginning of output ----------]
PARSEC Benchmark Suite Version 3.0-beta-20150206
Num of Options: 10000000
Num of Runs: 100
Size of data: 400000000

real	0m21.217s
user	0m52.676s
sys	0m0.331s
[PARSEC] [----------    End of output    ----------]
[PARSEC]
[PARSEC] BIBLIOGRAPHY
[PARSEC]
[PARSEC] [1] Bienia. Benchmarking Modern Multiprocessors. Ph.D. Thesis, 2011.
[PARSEC]
[PARSEC] Done.
[PARSEC] Benchmarks to run:  parsec.blackscholes

[PARSEC] [========== Running benchmark parsec.blackscholes [1] ==========]
[PARSEC] Keeping old run directory.
[PARSEC] Running 'time /home/fs71695/maxmue/Benchmarks/parsec/pkgs/apps/blackscholes/inst/amd64-linux.gcc-openmp/bin/blackscholes 4 in_10M.txt prices.txt':
[PARSEC] [---------- Beginning of output ----------]
PARSEC Benchmark Suite Version 3.0-beta-20150206
Num of Options: 10000000
Num of Runs: 100
Size of data: 400000000

real	0m21.130s
user	0m52.633s
sys	0m0.220s
[PARSEC] [----------    End of output    ----------]
[PARSEC]
[PARSEC] BIBLIOGRAPHY
[PARSEC]
[PARSEC] [1] Bienia. Benchmarking Modern Multiprocessors. Ph.D. Thesis, 2011.
[PARSEC]
[PARSEC] Done.
[PARSEC] Benchmarks to run:  parsec.blackscholes

[PARSEC] [========== Running benchmark parsec.blackscholes [1] ==========]
[PARSEC] Keeping old run directory.
[PARSEC] Running 'time /home/fs71695/maxmue/Benchmarks/parsec/pkgs/apps/blackscholes/inst/amd64-linux.gcc-openmp/bin/blackscholes 4 in_10M.txt prices.txt':
[PARSEC] [---------- Beginning of output ----------]
PARSEC Benchmark Suite Version 3.0-beta-20150206
Num of Options: 10000000
Num of Runs: 100
Size of data: 400000000

real	0m21.382s
user	0m52.766s
sys	0m0.385s
[PARSEC] [----------    End of output    ----------]
[PARSEC]
[PARSEC] BIBLIOGRAPHY
[PARSEC]
[PARSEC] [1] Bienia. Benchmarking Modern Multiprocessors. Ph.D. Thesis, 2011.
[PARSEC]
[PARSEC] Done.
[PARSEC] Benchmarks to run:  parsec.blackscholes

[PARSEC] [========== Running benchmark parsec.blackscholes [1] ==========]
[PARSEC] Keeping old run directory.
[PARSEC] Running 'time /home/fs71695/maxmue/Benchmarks/parsec/pkgs/apps/blackscholes/inst/amd64-linux.gcc-openmp/bin/blackscholes 4 in_10M.txt prices.txt':
[PARSEC] [---------- Beginning of output ----------]
PARSEC Benchmark Suite Version 3.0-beta-20150206
Num of Options: 10000000
Num of Runs: 100
Size of data: 400000000

real	0m21.393s
user	0m52.754s
sys	0m0.508s
[PARSEC] [----------    End of output    ----------]
[PARSEC]
[PARSEC] BIBLIOGRAPHY
[PARSEC]
[PARSEC] [1] Bienia. Benchmarking Modern Multiprocessors. Ph.D. Thesis, 2011.
[PARSEC]
[PARSEC] Done.
[PARSEC] Benchmarks to run:  parsec.blackscholes

[PARSEC] [========== Running benchmark parsec.blackscholes [1] ==========]
[PARSEC] Keeping old run directory.
[PARSEC] Running 'time /home/fs71695/maxmue/Benchmarks/parsec/pkgs/apps/blackscholes/inst/amd64-linux.gcc-openmp/bin/blackscholes 4 in_10M.txt prices.txt':
[PARSEC] [---------- Beginning of output ----------]
PARSEC Benchmark Suite Version 3.0-beta-20150206
Num of Options: 10000000
Num of Runs: 100
Size of data: 400000000

real	0m21.219s
user	0m52.666s
sys	0m0.333s
[PARSEC] [----------    End of output    ----------]
[PARSEC]
[PARSEC] BIBLIOGRAPHY
[PARSEC]
[PARSEC] [1] Bienia. Benchmarking Modern Multiprocessors. Ph.D. Thesis, 2011.
[PARSEC]
[PARSEC] Done.
[PARSEC] Benchmarks to run:  parsec.blackscholes

[PARSEC] [========== Running benchmark parsec.blackscholes [1] ==========]
[PARSEC] Keeping old run directory.
[PARSEC] Running 'time /home/fs71695/maxmue/Benchmarks/parsec/pkgs/apps/blackscholes/inst/amd64-linux.gcc-openmp/bin/blackscholes 4 in_10M.txt prices.txt':
[PARSEC] [---------- Beginning of output ----------]
PARSEC Benchmark Suite Version 3.0-beta-20150206
Num of Options: 10000000
Num of Runs: 100
Size of data: 400000000

real	0m21.264s
user	0m52.658s
sys	0m0.386s
[PARSEC] [----------    End of output    ----------]
[PARSEC]
[PARSEC] BIBLIOGRAPHY
[PARSEC]
[PARSEC] [1] Bienia. Benchmarking Modern Multiprocessors. Ph.D. Thesis, 2011.
[PARSEC]
[PARSEC] Done.
[PARSEC] Benchmarks to run:  parsec.blackscholes

[PARSEC] [========== Running benchmark parsec.blackscholes [1] ==========]
[PARSEC] Keeping old run directory.
[PARSEC] Running 'time /home/fs71695/maxmue/Benchmarks/parsec/pkgs/apps/blackscholes/inst/amd64-linux.gcc-openmp/bin/blackscholes 4 in_10M.txt prices.txt':
[PARSEC] [---------- Beginning of output ----------]
PARSEC Benchmark Suite Version 3.0-beta-20150206
Num of Options: 10000000
Num of Runs: 100
Size of data: 400000000

real	0m21.176s
user	0m52.636s
sys	0m0.272s
[PARSEC] [----------    End of output    ----------]
[PARSEC]
[PARSEC] BIBLIOGRAPHY
[PARSEC]
[PARSEC] [1] Bienia. Benchmarking Modern Multiprocessors. Ph.D. Thesis, 2011.
[PARSEC]
[PARSEC] Done.
[PARSEC] Benchmarks to run:  parsec.blackscholes

[PARSEC] [========== Running benchmark parsec.blackscholes [1] ==========]
[PARSEC] Keeping old run directory.
[PARSEC] Running 'time /home/fs71695/maxmue/Benchmarks/parsec/pkgs/apps/blackscholes/inst/amd64-linux.gcc-openmp/bin/blackscholes 4 in_10M.txt prices.txt':
[PARSEC] [---------- Beginning of output ----------]
PARSEC Benchmark Suite Version 3.0-beta-20150206
Num of Options: 10000000
Num of Runs: 100
Size of data: 400000000

real	0m21.205s
user	0m52.624s
sys	0m0.370s
[PARSEC] [----------    End of output    ----------]
[PARSEC]
[PARSEC] BIBLIOGRAPHY
[PARSEC]
[PARSEC] [1] Bienia. Benchmarking Modern Multiprocessors. Ph.D. Thesis, 2011.
[PARSEC]
[PARSEC] Done.
[PARSEC] Benchmarks to run:  parsec.blackscholes

[PARSEC] [========== Running benchmark parsec.blackscholes [1] ==========]
[PARSEC] Keeping old run directory.
[PARSEC] Running 'time /home/fs71695/maxmue/Benchmarks/parsec/pkgs/apps/blackscholes/inst/amd64-linux.gcc-openmp/bin/blackscholes 4 in_10M.txt prices.txt':
[PARSEC] [---------- Beginning of output ----------]
PARSEC Benchmark Suite Version 3.0-beta-20150206
Num of Options: 10000000
Num of Runs: 100
Size of data: 400000000

real	0m21.200s
user	0m52.685s
sys	0m0.316s
[PARSEC] [----------    End of output    ----------]
[PARSEC]
[PARSEC] BIBLIOGRAPHY
[PARSEC]
[PARSEC] [1] Bienia. Benchmarking Modern Multiprocessors. Ph.D. Thesis, 2011.
[PARSEC]
[PARSEC] Done.
[PARSEC] Benchmarks to run:  parsec.blackscholes

[PARSEC] [========== Running benchmark parsec.blackscholes [1] ==========]
[PARSEC] Keeping old run directory.
[PARSEC] Running 'time /home/fs71695/maxmue/Benchmarks/parsec/pkgs/apps/blackscholes/inst/amd64-linux.gcc-openmp/bin/blackscholes 4 in_10M.txt prices.txt':
[PARSEC] [---------- Beginning of output ----------]
PARSEC Benchmark Suite Version 3.0-beta-20150206
Num of Options: 10000000
Num of Runs: 100
Size of data: 400000000

real	0m21.219s
user	0m52.658s
sys	0m0.342s
[PARSEC] [----------    End of output    ----------]
[PARSEC]
[PARSEC] BIBLIOGRAPHY
[PARSEC]
[PARSEC] [1] Bienia. Benchmarking Modern Multiprocessors. Ph.D. Thesis, 2011.
[PARSEC]
[PARSEC] Done.
[PARSEC] Benchmarks to run:  parsec.blackscholes

[PARSEC] [========== Running benchmark parsec.blackscholes [1] ==========]
[PARSEC] Keeping old run directory.
[PARSEC] Running 'time /home/fs71695/maxmue/Benchmarks/parsec/pkgs/apps/blackscholes/inst/amd64-linux.gcc-openmp/bin/blackscholes 4 in_10M.txt prices.txt':
[PARSEC] [---------- Beginning of output ----------]
PARSEC Benchmark Suite Version 3.0-beta-20150206
Num of Options: 10000000
Num of Runs: 100
Size of data: 400000000

real	0m21.186s
user	0m52.644s
sys	0m0.309s
[PARSEC] [----------    End of output    ----------]
[PARSEC]
[PARSEC] BIBLIOGRAPHY
[PARSEC]
[PARSEC] [1] Bienia. Benchmarking Modern Multiprocessors. Ph.D. Thesis, 2011.
[PARSEC]
[PARSEC] Done.
[PARSEC] Benchmarks to run:  parsec.blackscholes

[PARSEC] [========== Running benchmark parsec.blackscholes [1] ==========]
[PARSEC] Keeping old run directory.
[PARSEC] Running 'time /home/fs71695/maxmue/Benchmarks/parsec/pkgs/apps/blackscholes/inst/amd64-linux.gcc-openmp/bin/blackscholes 4 in_10M.txt prices.txt':
[PARSEC] [---------- Beginning of output ----------]
PARSEC Benchmark Suite Version 3.0-beta-20150206
Num of Options: 10000000
Num of Runs: 100
Size of data: 400000000

real	0m21.173s
user	0m52.562s
sys	0m0.315s
[PARSEC] [----------    End of output    ----------]
[PARSEC]
[PARSEC] BIBLIOGRAPHY
[PARSEC]
[PARSEC] [1] Bienia. Benchmarking Modern Multiprocessors. Ph.D. Thesis, 2011.
[PARSEC]
[PARSEC] Done.
[PARSEC] Benchmarks to run:  parsec.blackscholes

[PARSEC] [========== Running benchmark parsec.blackscholes [1] ==========]
[PARSEC] Keeping old run directory.
[PARSEC] Running 'time /home/fs71695/maxmue/Benchmarks/parsec/pkgs/apps/blackscholes/inst/amd64-linux.gcc-openmp/bin/blackscholes 4 in_10M.txt prices.txt':
[PARSEC] [---------- Beginning of output ----------]
PARSEC Benchmark Suite Version 3.0-beta-20150206
Num of Options: 10000000
Num of Runs: 100
Size of data: 400000000

real	0m21.173s
user	0m52.724s
sys	0m0.241s
[PARSEC] [----------    End of output    ----------]
[PARSEC]
[PARSEC] BIBLIOGRAPHY
[PARSEC]
[PARSEC] [1] Bienia. Benchmarking Modern Multiprocessors. Ph.D. Thesis, 2011.
[PARSEC]
[PARSEC] Done.
[PARSEC] Benchmarks to run:  parsec.blackscholes

[PARSEC] [========== Running benchmark parsec.blackscholes [1] ==========]
[PARSEC] Keeping old run directory.
[PARSEC] Running 'time /home/fs71695/maxmue/Benchmarks/parsec/pkgs/apps/blackscholes/inst/amd64-linux.gcc-openmp/bin/blackscholes 4 in_10M.txt prices.txt':
[PARSEC] [---------- Beginning of output ----------]
PARSEC Benchmark Suite Version 3.0-beta-20150206
Num of Options: 10000000
Num of Runs: 100
Size of data: 400000000

real	0m21.175s
user	0m52.522s
sys	0m0.325s
[PARSEC] [----------    End of output    ----------]
[PARSEC]
[PARSEC] BIBLIOGRAPHY
[PARSEC]
[PARSEC] [1] Bienia. Benchmarking Modern Multiprocessors. Ph.D. Thesis, 2011.
[PARSEC]
[PARSEC] Done.
[PARSEC] Benchmarks to run:  parsec.blackscholes

[PARSEC] [========== Running benchmark parsec.blackscholes [1] ==========]
[PARSEC] Keeping old run directory.
[PARSEC] Running 'time /home/fs71695/maxmue/Benchmarks/parsec/pkgs/apps/blackscholes/inst/amd64-linux.gcc-openmp/bin/blackscholes 4 in_10M.txt prices.txt':
[PARSEC] [---------- Beginning of output ----------]
PARSEC Benchmark Suite Version 3.0-beta-20150206
Num of Options: 10000000
Num of Runs: 100
Size of data: 400000000

real	0m21.157s
user	0m52.623s
sys	0m0.260s
[PARSEC] [----------    End of output    ----------]
[PARSEC]
[PARSEC] BIBLIOGRAPHY
[PARSEC]
[PARSEC] [1] Bienia. Benchmarking Modern Multiprocessors. Ph.D. Thesis, 2011.
[PARSEC]
[PARSEC] Done.
[PARSEC] Benchmarks to run:  parsec.blackscholes

[PARSEC] [========== Running benchmark parsec.blackscholes [1] ==========]
[PARSEC] Keeping old run directory.
[PARSEC] Running 'time /home/fs71695/maxmue/Benchmarks/parsec/pkgs/apps/blackscholes/inst/amd64-linux.gcc-openmp/bin/blackscholes 4 in_10M.txt prices.txt':
[PARSEC] [---------- Beginning of output ----------]
PARSEC Benchmark Suite Version 3.0-beta-20150206
Num of Options: 10000000
Num of Runs: 100
Size of data: 400000000

real	0m21.141s
user	0m52.665s
sys	0m0.244s
[PARSEC] [----------    End of output    ----------]
[PARSEC]
[PARSEC] BIBLIOGRAPHY
[PARSEC]
[PARSEC] [1] Bienia. Benchmarking Modern Multiprocessors. Ph.D. Thesis, 2011.
[PARSEC]
[PARSEC] Done.
[PARSEC] Benchmarks to run:  parsec.blackscholes

[PARSEC] [========== Running benchmark parsec.blackscholes [1] ==========]
[PARSEC] Keeping old run directory.
[PARSEC] Running 'time /home/fs71695/maxmue/Benchmarks/parsec/pkgs/apps/blackscholes/inst/amd64-linux.gcc-openmp/bin/blackscholes 4 in_10M.txt prices.txt':
[PARSEC] [---------- Beginning of output ----------]
PARSEC Benchmark Suite Version 3.0-beta-20150206
Num of Options: 10000000
Num of Runs: 100
Size of data: 400000000

real	0m21.393s
user	0m52.847s
sys	0m0.370s
[PARSEC] [----------    End of output    ----------]
[PARSEC]
[PARSEC] BIBLIOGRAPHY
[PARSEC]
[PARSEC] [1] Bienia. Benchmarking Modern Multiprocessors. Ph.D. Thesis, 2011.
[PARSEC]
[PARSEC] Done.
[PARSEC] Benchmarks to run:  parsec.blackscholes

[PARSEC] [========== Running benchmark parsec.blackscholes [1] ==========]
[PARSEC] Keeping old run directory.
[PARSEC] Running 'time /home/fs71695/maxmue/Benchmarks/parsec/pkgs/apps/blackscholes/inst/amd64-linux.gcc-openmp/bin/blackscholes 4 in_10M.txt prices.txt':
[PARSEC] [---------- Beginning of output ----------]
PARSEC Benchmark Suite Version 3.0-beta-20150206
Num of Options: 10000000
Num of Runs: 100
Size of data: 400000000

real	0m21.123s
user	0m52.610s
sys	0m0.243s
[PARSEC] [----------    End of output    ----------]
[PARSEC]
[PARSEC] BIBLIOGRAPHY
[PARSEC]
[PARSEC] [1] Bienia. Benchmarking Modern Multiprocessors. Ph.D. Thesis, 2011.
[PARSEC]
[PARSEC] Done.
[PARSEC] Benchmarks to run:  parsec.blackscholes

[PARSEC] [========== Running benchmark parsec.blackscholes [1] ==========]
[PARSEC] Keeping old run directory.
[PARSEC] Running 'time /home/fs71695/maxmue/Benchmarks/parsec/pkgs/apps/blackscholes/inst/amd64-linux.gcc-openmp/bin/blackscholes 4 in_10M.txt prices.txt':
[PARSEC] [---------- Beginning of output ----------]
PARSEC Benchmark Suite Version 3.0-beta-20150206
Num of Options: 10000000
Num of Runs: 100
Size of data: 400000000

real	0m21.199s
user	0m52.599s
sys	0m0.298s
[PARSEC] [----------    End of output    ----------]
[PARSEC]
[PARSEC] BIBLIOGRAPHY
[PARSEC]
[PARSEC] [1] Bienia. Benchmarking Modern Multiprocessors. Ph.D. Thesis, 2011.
[PARSEC]
[PARSEC] Done.
[PARSEC] Benchmarks to run:  parsec.blackscholes

[PARSEC] [========== Running benchmark parsec.blackscholes [1] ==========]
[PARSEC] Keeping old run directory.
[PARSEC] Running 'time /home/fs71695/maxmue/Benchmarks/parsec/pkgs/apps/blackscholes/inst/amd64-linux.gcc-openmp/bin/blackscholes 4 in_10M.txt prices.txt':
[PARSEC] [---------- Beginning of output ----------]
PARSEC Benchmark Suite Version 3.0-beta-20150206
Num of Options: 10000000
Num of Runs: 100
Size of data: 400000000

real	0m21.335s
user	0m52.634s
sys	0m0.448s
[PARSEC] [----------    End of output    ----------]
[PARSEC]
[PARSEC] BIBLIOGRAPHY
[PARSEC]
[PARSEC] [1] Bienia. Benchmarking Modern Multiprocessors. Ph.D. Thesis, 2011.
[PARSEC]
[PARSEC] Done.
02/21/23 00:09:28  1676934568.061151283
