n3501-058
Testing blackscholes 32 times on 32 cores with 1 parallel executions using input size:native and OMP_PROC_BIND: spread
04/16/24 19:31:00  1713288660.860262655
[PARSEC] Benchmarks to run:  parsec.blackscholes

[PARSEC] [========== Running benchmark parsec.blackscholes [1] ==========]
[PARSEC] Keeping old run directory.
[PARSEC] Running 'time /home/fs71695/maxmue/Benchmarks/parsec/pkgs/apps/blackscholes/inst/amd64-linux.gcc-openmp/bin/blackscholes 32 in_10M.txt prices.txt':
[PARSEC] [---------- Beginning of output ----------]
PARSEC Benchmark Suite Version 3.0-beta-20150206
Num of Options: 10000000
Num of Runs: 100
Size of data: 400000000

real	0m10.878s
user	0m52.455s
sys	0m0.282s
[PARSEC] [----------    End of output    ----------]
[PARSEC]
[PARSEC] BIBLIOGRAPHY
[PARSEC]
[PARSEC] [1] Bienia. Benchmarking Modern Multiprocessors. Ph.D. Thesis, 2011.
[PARSEC]
[PARSEC] Done.
[PARSEC] Benchmarks to run:  parsec.blackscholes

[PARSEC] [========== Running benchmark parsec.blackscholes [1] ==========]
[PARSEC] Keeping old run directory.
[PARSEC] Running 'time /home/fs71695/maxmue/Benchmarks/parsec/pkgs/apps/blackscholes/inst/amd64-linux.gcc-openmp/bin/blackscholes 32 in_10M.txt prices.txt':
[PARSEC] [---------- Beginning of output ----------]
PARSEC Benchmark Suite Version 3.0-beta-20150206
Num of Options: 10000000
Num of Runs: 100
Size of data: 400000000

real	0m10.726s
user	0m52.012s
sys	0m0.302s
[PARSEC] [----------    End of output    ----------]
[PARSEC]
[PARSEC] BIBLIOGRAPHY
[PARSEC]
[PARSEC] [1] Bienia. Benchmarking Modern Multiprocessors. Ph.D. Thesis, 2011.
[PARSEC]
[PARSEC] Done.
[PARSEC] Benchmarks to run:  parsec.blackscholes

[PARSEC] [========== Running benchmark parsec.blackscholes [1] ==========]
[PARSEC] Keeping old run directory.
[PARSEC] Running 'time /home/fs71695/maxmue/Benchmarks/parsec/pkgs/apps/blackscholes/inst/amd64-linux.gcc-openmp/bin/blackscholes 32 in_10M.txt prices.txt':
[PARSEC] [---------- Beginning of output ----------]
PARSEC Benchmark Suite Version 3.0-beta-20150206
Num of Options: 10000000
Num of Runs: 100
Size of data: 400000000

real	0m10.722s
user	0m52.309s
sys	0m0.358s
[PARSEC] [----------    End of output    ----------]
[PARSEC]
[PARSEC] BIBLIOGRAPHY
[PARSEC]
[PARSEC] [1] Bienia. Benchmarking Modern Multiprocessors. Ph.D. Thesis, 2011.
[PARSEC]
[PARSEC] Done.
[PARSEC] Benchmarks to run:  parsec.blackscholes

[PARSEC] [========== Running benchmark parsec.blackscholes [1] ==========]
[PARSEC] Keeping old run directory.
[PARSEC] Running 'time /home/fs71695/maxmue/Benchmarks/parsec/pkgs/apps/blackscholes/inst/amd64-linux.gcc-openmp/bin/blackscholes 32 in_10M.txt prices.txt':
[PARSEC] [---------- Beginning of output ----------]
PARSEC Benchmark Suite Version 3.0-beta-20150206
Num of Options: 10000000
Num of Runs: 100
Size of data: 400000000

real	0m10.792s
user	0m52.272s
sys	0m0.338s
[PARSEC] [----------    End of output    ----------]
[PARSEC]
[PARSEC] BIBLIOGRAPHY
[PARSEC]
[PARSEC] [1] Bienia. Benchmarking Modern Multiprocessors. Ph.D. Thesis, 2011.
[PARSEC]
[PARSEC] Done.
[PARSEC] Benchmarks to run:  parsec.blackscholes

[PARSEC] [========== Running benchmark parsec.blackscholes [1] ==========]
[PARSEC] Keeping old run directory.
[PARSEC] Running 'time /home/fs71695/maxmue/Benchmarks/parsec/pkgs/apps/blackscholes/inst/amd64-linux.gcc-openmp/bin/blackscholes 32 in_10M.txt prices.txt':
[PARSEC] [---------- Beginning of output ----------]
PARSEC Benchmark Suite Version 3.0-beta-20150206
Num of Options: 10000000
Num of Runs: 100
Size of data: 400000000

real	0m10.779s
user	0m51.912s
sys	0m0.352s
[PARSEC] [----------    End of output    ----------]
[PARSEC]
[PARSEC] BIBLIOGRAPHY
[PARSEC]
[PARSEC] [1] Bienia. Benchmarking Modern Multiprocessors. Ph.D. Thesis, 2011.
[PARSEC]
[PARSEC] Done.
[PARSEC] Benchmarks to run:  parsec.blackscholes

[PARSEC] [========== Running benchmark parsec.blackscholes [1] ==========]
[PARSEC] Keeping old run directory.
[PARSEC] Running 'time /home/fs71695/maxmue/Benchmarks/parsec/pkgs/apps/blackscholes/inst/amd64-linux.gcc-openmp/bin/blackscholes 32 in_10M.txt prices.txt':
[PARSEC] [---------- Beginning of output ----------]
PARSEC Benchmark Suite Version 3.0-beta-20150206
Num of Options: 10000000
Num of Runs: 100
Size of data: 400000000

real	0m10.759s
user	0m52.000s
sys	0m0.340s
[PARSEC] [----------    End of output    ----------]
[PARSEC]
[PARSEC] BIBLIOGRAPHY
[PARSEC]
[PARSEC] [1] Bienia. Benchmarking Modern Multiprocessors. Ph.D. Thesis, 2011.
[PARSEC]
[PARSEC] Done.
[PARSEC] Benchmarks to run:  parsec.blackscholes

[PARSEC] [========== Running benchmark parsec.blackscholes [1] ==========]
[PARSEC] Keeping old run directory.
[PARSEC] Running 'time /home/fs71695/maxmue/Benchmarks/parsec/pkgs/apps/blackscholes/inst/amd64-linux.gcc-openmp/bin/blackscholes 32 in_10M.txt prices.txt':
[PARSEC] [---------- Beginning of output ----------]
PARSEC Benchmark Suite Version 3.0-beta-20150206
Num of Options: 10000000
Num of Runs: 100
Size of data: 400000000

real	0m10.760s
user	0m52.247s
sys	0m0.362s
[PARSEC] [----------    End of output    ----------]
[PARSEC]
[PARSEC] BIBLIOGRAPHY
[PARSEC]
[PARSEC] [1] Bienia. Benchmarking Modern Multiprocessors. Ph.D. Thesis, 2011.
[PARSEC]
[PARSEC] Done.
[PARSEC] Benchmarks to run:  parsec.blackscholes

[PARSEC] [========== Running benchmark parsec.blackscholes [1] ==========]
[PARSEC] Keeping old run directory.
[PARSEC] Running 'time /home/fs71695/maxmue/Benchmarks/parsec/pkgs/apps/blackscholes/inst/amd64-linux.gcc-openmp/bin/blackscholes 32 in_10M.txt prices.txt':
[PARSEC] [---------- Beginning of output ----------]
PARSEC Benchmark Suite Version 3.0-beta-20150206
Num of Options: 10000000
Num of Runs: 100
Size of data: 400000000

real	0m10.762s
user	0m51.989s
sys	0m0.343s
[PARSEC] [----------    End of output    ----------]
[PARSEC]
[PARSEC] BIBLIOGRAPHY
[PARSEC]
[PARSEC] [1] Bienia. Benchmarking Modern Multiprocessors. Ph.D. Thesis, 2011.
[PARSEC]
[PARSEC] Done.
[PARSEC] Benchmarks to run:  parsec.blackscholes

[PARSEC] [========== Running benchmark parsec.blackscholes [1] ==========]
[PARSEC] Keeping old run directory.
[PARSEC] Running 'time /home/fs71695/maxmue/Benchmarks/parsec/pkgs/apps/blackscholes/inst/amd64-linux.gcc-openmp/bin/blackscholes 32 in_10M.txt prices.txt':
[PARSEC] [---------- Beginning of output ----------]
PARSEC Benchmark Suite Version 3.0-beta-20150206
Num of Options: 10000000
Num of Runs: 100
Size of data: 400000000

real	0m10.751s
user	0m52.037s
sys	0m0.329s
[PARSEC] [----------    End of output    ----------]
[PARSEC]
[PARSEC] BIBLIOGRAPHY
[PARSEC]
[PARSEC] [1] Bienia. Benchmarking Modern Multiprocessors. Ph.D. Thesis, 2011.
[PARSEC]
[PARSEC] Done.
[PARSEC] Benchmarks to run:  parsec.blackscholes

[PARSEC] [========== Running benchmark parsec.blackscholes [1] ==========]
[PARSEC] Keeping old run directory.
[PARSEC] Running 'time /home/fs71695/maxmue/Benchmarks/parsec/pkgs/apps/blackscholes/inst/amd64-linux.gcc-openmp/bin/blackscholes 32 in_10M.txt prices.txt':
[PARSEC] [---------- Beginning of output ----------]
PARSEC Benchmark Suite Version 3.0-beta-20150206
Num of Options: 10000000
Num of Runs: 100
Size of data: 400000000

real	0m10.711s
user	0m51.826s
sys	0m0.356s
[PARSEC] [----------    End of output    ----------]
[PARSEC]
[PARSEC] BIBLIOGRAPHY
[PARSEC]
[PARSEC] [1] Bienia. Benchmarking Modern Multiprocessors. Ph.D. Thesis, 2011.
[PARSEC]
[PARSEC] Done.
[PARSEC] Benchmarks to run:  parsec.blackscholes

[PARSEC] [========== Running benchmark parsec.blackscholes [1] ==========]
[PARSEC] Keeping old run directory.
[PARSEC] Running 'time /home/fs71695/maxmue/Benchmarks/parsec/pkgs/apps/blackscholes/inst/amd64-linux.gcc-openmp/bin/blackscholes 32 in_10M.txt prices.txt':
[PARSEC] [---------- Beginning of output ----------]
PARSEC Benchmark Suite Version 3.0-beta-20150206
Num of Options: 10000000
Num of Runs: 100
Size of data: 400000000

real	0m10.768s
user	0m52.213s
sys	0m0.356s
[PARSEC] [----------    End of output    ----------]
[PARSEC]
[PARSEC] BIBLIOGRAPHY
[PARSEC]
[PARSEC] [1] Bienia. Benchmarking Modern Multiprocessors. Ph.D. Thesis, 2011.
[PARSEC]
[PARSEC] Done.
[PARSEC] Benchmarks to run:  parsec.blackscholes

[PARSEC] [========== Running benchmark parsec.blackscholes [1] ==========]
[PARSEC] Keeping old run directory.
[PARSEC] Running 'time /home/fs71695/maxmue/Benchmarks/parsec/pkgs/apps/blackscholes/inst/amd64-linux.gcc-openmp/bin/blackscholes 32 in_10M.txt prices.txt':
[PARSEC] [---------- Beginning of output ----------]
PARSEC Benchmark Suite Version 3.0-beta-20150206
Num of Options: 10000000
Num of Runs: 100
Size of data: 400000000

real	0m10.741s
user	0m51.935s
sys	0m0.324s
[PARSEC] [----------    End of output    ----------]
[PARSEC]
[PARSEC] BIBLIOGRAPHY
[PARSEC]
[PARSEC] [1] Bienia. Benchmarking Modern Multiprocessors. Ph.D. Thesis, 2011.
[PARSEC]
[PARSEC] Done.
[PARSEC] Benchmarks to run:  parsec.blackscholes

[PARSEC] [========== Running benchmark parsec.blackscholes [1] ==========]
[PARSEC] Keeping old run directory.
[PARSEC] Running 'time /home/fs71695/maxmue/Benchmarks/parsec/pkgs/apps/blackscholes/inst/amd64-linux.gcc-openmp/bin/blackscholes 32 in_10M.txt prices.txt':
[PARSEC] [---------- Beginning of output ----------]
PARSEC Benchmark Suite Version 3.0-beta-20150206
Num of Options: 10000000
Num of Runs: 100
Size of data: 400000000

real	0m10.815s
user	0m52.400s
sys	0m0.334s
[PARSEC] [----------    End of output    ----------]
[PARSEC]
[PARSEC] BIBLIOGRAPHY
[PARSEC]
[PARSEC] [1] Bienia. Benchmarking Modern Multiprocessors. Ph.D. Thesis, 2011.
[PARSEC]
[PARSEC] Done.
[PARSEC] Benchmarks to run:  parsec.blackscholes

[PARSEC] [========== Running benchmark parsec.blackscholes [1] ==========]
[PARSEC] Keeping old run directory.
[PARSEC] Running 'time /home/fs71695/maxmue/Benchmarks/parsec/pkgs/apps/blackscholes/inst/amd64-linux.gcc-openmp/bin/blackscholes 32 in_10M.txt prices.txt':
[PARSEC] [---------- Beginning of output ----------]
PARSEC Benchmark Suite Version 3.0-beta-20150206
Num of Options: 10000000
Num of Runs: 100
Size of data: 400000000

real	0m10.756s
user	0m52.005s
sys	0m0.341s
[PARSEC] [----------    End of output    ----------]
[PARSEC]
[PARSEC] BIBLIOGRAPHY
[PARSEC]
[PARSEC] [1] Bienia. Benchmarking Modern Multiprocessors. Ph.D. Thesis, 2011.
[PARSEC]
[PARSEC] Done.
[PARSEC] Benchmarks to run:  parsec.blackscholes

[PARSEC] [========== Running benchmark parsec.blackscholes [1] ==========]
[PARSEC] Keeping old run directory.
[PARSEC] Running 'time /home/fs71695/maxmue/Benchmarks/parsec/pkgs/apps/blackscholes/inst/amd64-linux.gcc-openmp/bin/blackscholes 32 in_10M.txt prices.txt':
[PARSEC] [---------- Beginning of output ----------]
PARSEC Benchmark Suite Version 3.0-beta-20150206
Num of Options: 10000000
Num of Runs: 100
Size of data: 400000000

real	0m10.982s
user	0m52.306s
sys	0m0.341s
[PARSEC] [----------    End of output    ----------]
[PARSEC]
[PARSEC] BIBLIOGRAPHY
[PARSEC]
[PARSEC] [1] Bienia. Benchmarking Modern Multiprocessors. Ph.D. Thesis, 2011.
[PARSEC]
[PARSEC] Done.
[PARSEC] Benchmarks to run:  parsec.blackscholes

[PARSEC] [========== Running benchmark parsec.blackscholes [1] ==========]
[PARSEC] Keeping old run directory.
[PARSEC] Running 'time /home/fs71695/maxmue/Benchmarks/parsec/pkgs/apps/blackscholes/inst/amd64-linux.gcc-openmp/bin/blackscholes 32 in_10M.txt prices.txt':
[PARSEC] [---------- Beginning of output ----------]
PARSEC Benchmark Suite Version 3.0-beta-20150206
Num of Options: 10000000
Num of Runs: 100
Size of data: 400000000

real	0m10.747s
user	0m52.296s
sys	0m0.330s
[PARSEC] [----------    End of output    ----------]
[PARSEC]
[PARSEC] BIBLIOGRAPHY
[PARSEC]
[PARSEC] [1] Bienia. Benchmarking Modern Multiprocessors. Ph.D. Thesis, 2011.
[PARSEC]
[PARSEC] Done.
[PARSEC] Benchmarks to run:  parsec.blackscholes

[PARSEC] [========== Running benchmark parsec.blackscholes [1] ==========]
[PARSEC] Keeping old run directory.
[PARSEC] Running 'time /home/fs71695/maxmue/Benchmarks/parsec/pkgs/apps/blackscholes/inst/amd64-linux.gcc-openmp/bin/blackscholes 32 in_10M.txt prices.txt':
[PARSEC] [---------- Beginning of output ----------]
PARSEC Benchmark Suite Version 3.0-beta-20150206
Num of Options: 10000000
Num of Runs: 100
Size of data: 400000000

real	0m10.743s
user	0m52.203s
sys	0m0.337s
[PARSEC] [----------    End of output    ----------]
[PARSEC]
[PARSEC] BIBLIOGRAPHY
[PARSEC]
[PARSEC] [1] Bienia. Benchmarking Modern Multiprocessors. Ph.D. Thesis, 2011.
[PARSEC]
[PARSEC] Done.
[PARSEC] Benchmarks to run:  parsec.blackscholes

[PARSEC] [========== Running benchmark parsec.blackscholes [1] ==========]
[PARSEC] Keeping old run directory.
[PARSEC] Running 'time /home/fs71695/maxmue/Benchmarks/parsec/pkgs/apps/blackscholes/inst/amd64-linux.gcc-openmp/bin/blackscholes 32 in_10M.txt prices.txt':
[PARSEC] [---------- Beginning of output ----------]
PARSEC Benchmark Suite Version 3.0-beta-20150206
Num of Options: 10000000
Num of Runs: 100
Size of data: 400000000

real	0m10.769s
user	0m52.234s
sys	0m0.321s
[PARSEC] [----------    End of output    ----------]
[PARSEC]
[PARSEC] BIBLIOGRAPHY
[PARSEC]
[PARSEC] [1] Bienia. Benchmarking Modern Multiprocessors. Ph.D. Thesis, 2011.
[PARSEC]
[PARSEC] Done.
[PARSEC] Benchmarks to run:  parsec.blackscholes

[PARSEC] [========== Running benchmark parsec.blackscholes [1] ==========]
[PARSEC] Keeping old run directory.
[PARSEC] Running 'time /home/fs71695/maxmue/Benchmarks/parsec/pkgs/apps/blackscholes/inst/amd64-linux.gcc-openmp/bin/blackscholes 32 in_10M.txt prices.txt':
[PARSEC] [---------- Beginning of output ----------]
PARSEC Benchmark Suite Version 3.0-beta-20150206
Num of Options: 10000000
Num of Runs: 100
Size of data: 400000000

real	0m10.711s
user	0m51.876s
sys	0m0.356s
[PARSEC] [----------    End of output    ----------]
[PARSEC]
[PARSEC] BIBLIOGRAPHY
[PARSEC]
[PARSEC] [1] Bienia. Benchmarking Modern Multiprocessors. Ph.D. Thesis, 2011.
[PARSEC]
[PARSEC] Done.
[PARSEC] Benchmarks to run:  parsec.blackscholes

[PARSEC] [========== Running benchmark parsec.blackscholes [1] ==========]
[PARSEC] Keeping old run directory.
[PARSEC] Running 'time /home/fs71695/maxmue/Benchmarks/parsec/pkgs/apps/blackscholes/inst/amd64-linux.gcc-openmp/bin/blackscholes 32 in_10M.txt prices.txt':
[PARSEC] [---------- Beginning of output ----------]
PARSEC Benchmark Suite Version 3.0-beta-20150206
Num of Options: 10000000
Num of Runs: 100
Size of data: 400000000

real	0m10.744s
user	0m51.917s
sys	0m0.369s
[PARSEC] [----------    End of output    ----------]
[PARSEC]
[PARSEC] BIBLIOGRAPHY
[PARSEC]
[PARSEC] [1] Bienia. Benchmarking Modern Multiprocessors. Ph.D. Thesis, 2011.
[PARSEC]
[PARSEC] Done.
[PARSEC] Benchmarks to run:  parsec.blackscholes

[PARSEC] [========== Running benchmark parsec.blackscholes [1] ==========]
[PARSEC] Keeping old run directory.
[PARSEC] Running 'time /home/fs71695/maxmue/Benchmarks/parsec/pkgs/apps/blackscholes/inst/amd64-linux.gcc-openmp/bin/blackscholes 32 in_10M.txt prices.txt':
[PARSEC] [---------- Beginning of output ----------]
PARSEC Benchmark Suite Version 3.0-beta-20150206
Num of Options: 10000000
Num of Runs: 100
Size of data: 400000000

real	0m10.747s
user	0m51.909s
sys	0m0.324s
[PARSEC] [----------    End of output    ----------]
[PARSEC]
[PARSEC] BIBLIOGRAPHY
[PARSEC]
[PARSEC] [1] Bienia. Benchmarking Modern Multiprocessors. Ph.D. Thesis, 2011.
[PARSEC]
[PARSEC] Done.
[PARSEC] Benchmarks to run:  parsec.blackscholes

[PARSEC] [========== Running benchmark parsec.blackscholes [1] ==========]
[PARSEC] Keeping old run directory.
[PARSEC] Running 'time /home/fs71695/maxmue/Benchmarks/parsec/pkgs/apps/blackscholes/inst/amd64-linux.gcc-openmp/bin/blackscholes 32 in_10M.txt prices.txt':
[PARSEC] [---------- Beginning of output ----------]
PARSEC Benchmark Suite Version 3.0-beta-20150206
Num of Options: 10000000
Num of Runs: 100
Size of data: 400000000

real	0m10.743s
user	0m52.119s
sys	0m0.324s
[PARSEC] [----------    End of output    ----------]
[PARSEC]
[PARSEC] BIBLIOGRAPHY
[PARSEC]
[PARSEC] [1] Bienia. Benchmarking Modern Multiprocessors. Ph.D. Thesis, 2011.
[PARSEC]
[PARSEC] Done.
[PARSEC] Benchmarks to run:  parsec.blackscholes

[PARSEC] [========== Running benchmark parsec.blackscholes [1] ==========]
[PARSEC] Keeping old run directory.
[PARSEC] Running 'time /home/fs71695/maxmue/Benchmarks/parsec/pkgs/apps/blackscholes/inst/amd64-linux.gcc-openmp/bin/blackscholes 32 in_10M.txt prices.txt':
[PARSEC] [---------- Beginning of output ----------]
PARSEC Benchmark Suite Version 3.0-beta-20150206
Num of Options: 10000000
Num of Runs: 100
Size of data: 400000000

real	0m10.691s
user	0m52.021s
sys	0m0.310s
[PARSEC] [----------    End of output    ----------]
[PARSEC]
[PARSEC] BIBLIOGRAPHY
[PARSEC]
[PARSEC] [1] Bienia. Benchmarking Modern Multiprocessors. Ph.D. Thesis, 2011.
[PARSEC]
[PARSEC] Done.
[PARSEC] Benchmarks to run:  parsec.blackscholes

[PARSEC] [========== Running benchmark parsec.blackscholes [1] ==========]
[PARSEC] Keeping old run directory.
[PARSEC] Running 'time /home/fs71695/maxmue/Benchmarks/parsec/pkgs/apps/blackscholes/inst/amd64-linux.gcc-openmp/bin/blackscholes 32 in_10M.txt prices.txt':
[PARSEC] [---------- Beginning of output ----------]
PARSEC Benchmark Suite Version 3.0-beta-20150206
Num of Options: 10000000
Num of Runs: 100
Size of data: 400000000

real	0m10.740s
user	0m52.116s
sys	0m0.329s
[PARSEC] [----------    End of output    ----------]
[PARSEC]
[PARSEC] BIBLIOGRAPHY
[PARSEC]
[PARSEC] [1] Bienia. Benchmarking Modern Multiprocessors. Ph.D. Thesis, 2011.
[PARSEC]
[PARSEC] Done.
[PARSEC] Benchmarks to run:  parsec.blackscholes

[PARSEC] [========== Running benchmark parsec.blackscholes [1] ==========]
[PARSEC] Keeping old run directory.
[PARSEC] Running 'time /home/fs71695/maxmue/Benchmarks/parsec/pkgs/apps/blackscholes/inst/amd64-linux.gcc-openmp/bin/blackscholes 32 in_10M.txt prices.txt':
[PARSEC] [---------- Beginning of output ----------]
PARSEC Benchmark Suite Version 3.0-beta-20150206
Num of Options: 10000000
Num of Runs: 100
Size of data: 400000000

real	0m10.739s
user	0m51.969s
sys	0m0.331s
[PARSEC] [----------    End of output    ----------]
[PARSEC]
[PARSEC] BIBLIOGRAPHY
[PARSEC]
[PARSEC] [1] Bienia. Benchmarking Modern Multiprocessors. Ph.D. Thesis, 2011.
[PARSEC]
[PARSEC] Done.
[PARSEC] Benchmarks to run:  parsec.blackscholes

[PARSEC] [========== Running benchmark parsec.blackscholes [1] ==========]
[PARSEC] Keeping old run directory.
[PARSEC] Running 'time /home/fs71695/maxmue/Benchmarks/parsec/pkgs/apps/blackscholes/inst/amd64-linux.gcc-openmp/bin/blackscholes 32 in_10M.txt prices.txt':
[PARSEC] [---------- Beginning of output ----------]
PARSEC Benchmark Suite Version 3.0-beta-20150206
Num of Options: 10000000
Num of Runs: 100
Size of data: 400000000

real	0m10.719s
user	0m51.820s
sys	0m0.378s
[PARSEC] [----------    End of output    ----------]
[PARSEC]
[PARSEC] BIBLIOGRAPHY
[PARSEC]
[PARSEC] [1] Bienia. Benchmarking Modern Multiprocessors. Ph.D. Thesis, 2011.
[PARSEC]
[PARSEC] Done.
[PARSEC] Benchmarks to run:  parsec.blackscholes

[PARSEC] [========== Running benchmark parsec.blackscholes [1] ==========]
[PARSEC] Keeping old run directory.
[PARSEC] Running 'time /home/fs71695/maxmue/Benchmarks/parsec/pkgs/apps/blackscholes/inst/amd64-linux.gcc-openmp/bin/blackscholes 32 in_10M.txt prices.txt':
[PARSEC] [---------- Beginning of output ----------]
PARSEC Benchmark Suite Version 3.0-beta-20150206
Num of Options: 10000000
Num of Runs: 100
Size of data: 400000000

real	0m10.747s
user	0m52.314s
sys	0m0.342s
[PARSEC] [----------    End of output    ----------]
[PARSEC]
[PARSEC] BIBLIOGRAPHY
[PARSEC]
[PARSEC] [1] Bienia. Benchmarking Modern Multiprocessors. Ph.D. Thesis, 2011.
[PARSEC]
[PARSEC] Done.
[PARSEC] Benchmarks to run:  parsec.blackscholes

[PARSEC] [========== Running benchmark parsec.blackscholes [1] ==========]
[PARSEC] Keeping old run directory.
[PARSEC] Running 'time /home/fs71695/maxmue/Benchmarks/parsec/pkgs/apps/blackscholes/inst/amd64-linux.gcc-openmp/bin/blackscholes 32 in_10M.txt prices.txt':
[PARSEC] [---------- Beginning of output ----------]
PARSEC Benchmark Suite Version 3.0-beta-20150206
Num of Options: 10000000
Num of Runs: 100
Size of data: 400000000

real	0m10.808s
user	0m52.217s
sys	0m0.330s
[PARSEC] [----------    End of output    ----------]
[PARSEC]
[PARSEC] BIBLIOGRAPHY
[PARSEC]
[PARSEC] [1] Bienia. Benchmarking Modern Multiprocessors. Ph.D. Thesis, 2011.
[PARSEC]
[PARSEC] Done.
[PARSEC] Benchmarks to run:  parsec.blackscholes

[PARSEC] [========== Running benchmark parsec.blackscholes [1] ==========]
[PARSEC] Keeping old run directory.
[PARSEC] Running 'time /home/fs71695/maxmue/Benchmarks/parsec/pkgs/apps/blackscholes/inst/amd64-linux.gcc-openmp/bin/blackscholes 32 in_10M.txt prices.txt':
[PARSEC] [---------- Beginning of output ----------]
PARSEC Benchmark Suite Version 3.0-beta-20150206
Num of Options: 10000000
Num of Runs: 100
Size of data: 400000000

real	0m10.822s
user	0m52.246s
sys	0m0.363s
[PARSEC] [----------    End of output    ----------]
[PARSEC]
[PARSEC] BIBLIOGRAPHY
[PARSEC]
[PARSEC] [1] Bienia. Benchmarking Modern Multiprocessors. Ph.D. Thesis, 2011.
[PARSEC]
[PARSEC] Done.
[PARSEC] Benchmarks to run:  parsec.blackscholes

[PARSEC] [========== Running benchmark parsec.blackscholes [1] ==========]
[PARSEC] Keeping old run directory.
[PARSEC] Running 'time /home/fs71695/maxmue/Benchmarks/parsec/pkgs/apps/blackscholes/inst/amd64-linux.gcc-openmp/bin/blackscholes 32 in_10M.txt prices.txt':
[PARSEC] [---------- Beginning of output ----------]
PARSEC Benchmark Suite Version 3.0-beta-20150206
Num of Options: 10000000
Num of Runs: 100
Size of data: 400000000

real	0m10.720s
user	0m52.127s
sys	0m0.337s
[PARSEC] [----------    End of output    ----------]
[PARSEC]
[PARSEC] BIBLIOGRAPHY
[PARSEC]
[PARSEC] [1] Bienia. Benchmarking Modern Multiprocessors. Ph.D. Thesis, 2011.
[PARSEC]
[PARSEC] Done.
[PARSEC] Benchmarks to run:  parsec.blackscholes

[PARSEC] [========== Running benchmark parsec.blackscholes [1] ==========]
[PARSEC] Keeping old run directory.
[PARSEC] Running 'time /home/fs71695/maxmue/Benchmarks/parsec/pkgs/apps/blackscholes/inst/amd64-linux.gcc-openmp/bin/blackscholes 32 in_10M.txt prices.txt':
[PARSEC] [---------- Beginning of output ----------]
PARSEC Benchmark Suite Version 3.0-beta-20150206
Num of Options: 10000000
Num of Runs: 100
Size of data: 400000000

real	0m10.666s
user	0m51.818s
sys	0m0.323s
[PARSEC] [----------    End of output    ----------]
[PARSEC]
[PARSEC] BIBLIOGRAPHY
[PARSEC]
[PARSEC] [1] Bienia. Benchmarking Modern Multiprocessors. Ph.D. Thesis, 2011.
[PARSEC]
[PARSEC] Done.
[PARSEC] Benchmarks to run:  parsec.blackscholes

[PARSEC] [========== Running benchmark parsec.blackscholes [1] ==========]
[PARSEC] Keeping old run directory.
[PARSEC] Running 'time /home/fs71695/maxmue/Benchmarks/parsec/pkgs/apps/blackscholes/inst/amd64-linux.gcc-openmp/bin/blackscholes 32 in_10M.txt prices.txt':
[PARSEC] [---------- Beginning of output ----------]
PARSEC Benchmark Suite Version 3.0-beta-20150206
Num of Options: 10000000
Num of Runs: 100
Size of data: 400000000

real	0m10.745s
user	0m51.911s
sys	0m0.334s
[PARSEC] [----------    End of output    ----------]
[PARSEC]
[PARSEC] BIBLIOGRAPHY
[PARSEC]
[PARSEC] [1] Bienia. Benchmarking Modern Multiprocessors. Ph.D. Thesis, 2011.
[PARSEC]
[PARSEC] Done.
04/16/24 19:37:09  1713289029.223329902
