n3501-058
Testing blackscholes 32 times on 64 cores with 1 parallel executions using input size:native and OMP_PROC_BIND: spread
04/16/24 19:39:18  1713289158.266436016
[PARSEC] Benchmarks to run:  parsec.blackscholes

[PARSEC] [========== Running benchmark parsec.blackscholes [1] ==========]
[PARSEC] Keeping old run directory.
[PARSEC] Running 'time /home/fs71695/maxmue/Benchmarks/parsec/pkgs/apps/blackscholes/inst/amd64-linux.gcc-openmp/bin/blackscholes 64 in_10M.txt prices.txt':
[PARSEC] [---------- Beginning of output ----------]
PARSEC Benchmark Suite Version 3.0-beta-20150206
Num of Options: 10000000
Num of Runs: 100
Size of data: 400000000

real	0m10.100s
user	0m53.070s
sys	0m0.320s
[PARSEC] [----------    End of output    ----------]
[PARSEC]
[PARSEC] BIBLIOGRAPHY
[PARSEC]
[PARSEC] [1] Bienia. Benchmarking Modern Multiprocessors. Ph.D. Thesis, 2011.
[PARSEC]
[PARSEC] Done.
[PARSEC] Benchmarks to run:  parsec.blackscholes

[PARSEC] [========== Running benchmark parsec.blackscholes [1] ==========]
[PARSEC] Keeping old run directory.
[PARSEC] Running 'time /home/fs71695/maxmue/Benchmarks/parsec/pkgs/apps/blackscholes/inst/amd64-linux.gcc-openmp/bin/blackscholes 64 in_10M.txt prices.txt':
[PARSEC] [---------- Beginning of output ----------]
PARSEC Benchmark Suite Version 3.0-beta-20150206
Num of Options: 10000000
Num of Runs: 100
Size of data: 400000000

real	0m10.181s
user	0m53.360s
sys	0m0.418s
[PARSEC] [----------    End of output    ----------]
[PARSEC]
[PARSEC] BIBLIOGRAPHY
[PARSEC]
[PARSEC] [1] Bienia. Benchmarking Modern Multiprocessors. Ph.D. Thesis, 2011.
[PARSEC]
[PARSEC] Done.
[PARSEC] Benchmarks to run:  parsec.blackscholes

[PARSEC] [========== Running benchmark parsec.blackscholes [1] ==========]
[PARSEC] Keeping old run directory.
[PARSEC] Running 'time /home/fs71695/maxmue/Benchmarks/parsec/pkgs/apps/blackscholes/inst/amd64-linux.gcc-openmp/bin/blackscholes 64 in_10M.txt prices.txt':
[PARSEC] [---------- Beginning of output ----------]
PARSEC Benchmark Suite Version 3.0-beta-20150206
Num of Options: 10000000
Num of Runs: 100
Size of data: 400000000

real	0m10.093s
user	0m53.158s
sys	0m0.426s
[PARSEC] [----------    End of output    ----------]
[PARSEC]
[PARSEC] BIBLIOGRAPHY
[PARSEC]
[PARSEC] [1] Bienia. Benchmarking Modern Multiprocessors. Ph.D. Thesis, 2011.
[PARSEC]
[PARSEC] Done.
[PARSEC] Benchmarks to run:  parsec.blackscholes

[PARSEC] [========== Running benchmark parsec.blackscholes [1] ==========]
[PARSEC] Keeping old run directory.
[PARSEC] Running 'time /home/fs71695/maxmue/Benchmarks/parsec/pkgs/apps/blackscholes/inst/amd64-linux.gcc-openmp/bin/blackscholes 64 in_10M.txt prices.txt':
[PARSEC] [---------- Beginning of output ----------]
PARSEC Benchmark Suite Version 3.0-beta-20150206
Num of Options: 10000000
Num of Runs: 100
Size of data: 400000000

real	0m10.050s
user	0m52.609s
sys	0m0.380s
[PARSEC] [----------    End of output    ----------]
[PARSEC]
[PARSEC] BIBLIOGRAPHY
[PARSEC]
[PARSEC] [1] Bienia. Benchmarking Modern Multiprocessors. Ph.D. Thesis, 2011.
[PARSEC]
[PARSEC] Done.
[PARSEC] Benchmarks to run:  parsec.blackscholes

[PARSEC] [========== Running benchmark parsec.blackscholes [1] ==========]
[PARSEC] Keeping old run directory.
[PARSEC] Running 'time /home/fs71695/maxmue/Benchmarks/parsec/pkgs/apps/blackscholes/inst/amd64-linux.gcc-openmp/bin/blackscholes 64 in_10M.txt prices.txt':
[PARSEC] [---------- Beginning of output ----------]
PARSEC Benchmark Suite Version 3.0-beta-20150206
Num of Options: 10000000
Num of Runs: 100
Size of data: 400000000

real	0m10.118s
user	0m53.005s
sys	0m0.359s
[PARSEC] [----------    End of output    ----------]
[PARSEC]
[PARSEC] BIBLIOGRAPHY
[PARSEC]
[PARSEC] [1] Bienia. Benchmarking Modern Multiprocessors. Ph.D. Thesis, 2011.
[PARSEC]
[PARSEC] Done.
[PARSEC] Benchmarks to run:  parsec.blackscholes

[PARSEC] [========== Running benchmark parsec.blackscholes [1] ==========]
[PARSEC] Keeping old run directory.
[PARSEC] Running 'time /home/fs71695/maxmue/Benchmarks/parsec/pkgs/apps/blackscholes/inst/amd64-linux.gcc-openmp/bin/blackscholes 64 in_10M.txt prices.txt':
[PARSEC] [---------- Beginning of output ----------]
PARSEC Benchmark Suite Version 3.0-beta-20150206
Num of Options: 10000000
Num of Runs: 100
Size of data: 400000000

real	0m10.078s
user	0m52.978s
sys	0m0.418s
[PARSEC] [----------    End of output    ----------]
[PARSEC]
[PARSEC] BIBLIOGRAPHY
[PARSEC]
[PARSEC] [1] Bienia. Benchmarking Modern Multiprocessors. Ph.D. Thesis, 2011.
[PARSEC]
[PARSEC] Done.
[PARSEC] Benchmarks to run:  parsec.blackscholes

[PARSEC] [========== Running benchmark parsec.blackscholes [1] ==========]
[PARSEC] Keeping old run directory.
[PARSEC] Running 'time /home/fs71695/maxmue/Benchmarks/parsec/pkgs/apps/blackscholes/inst/amd64-linux.gcc-openmp/bin/blackscholes 64 in_10M.txt prices.txt':
[PARSEC] [---------- Beginning of output ----------]
PARSEC Benchmark Suite Version 3.0-beta-20150206
Num of Options: 10000000
Num of Runs: 100
Size of data: 400000000

real	0m10.095s
user	0m53.013s
sys	0m0.370s
[PARSEC] [----------    End of output    ----------]
[PARSEC]
[PARSEC] BIBLIOGRAPHY
[PARSEC]
[PARSEC] [1] Bienia. Benchmarking Modern Multiprocessors. Ph.D. Thesis, 2011.
[PARSEC]
[PARSEC] Done.
[PARSEC] Benchmarks to run:  parsec.blackscholes

[PARSEC] [========== Running benchmark parsec.blackscholes [1] ==========]
[PARSEC] Keeping old run directory.
[PARSEC] Running 'time /home/fs71695/maxmue/Benchmarks/parsec/pkgs/apps/blackscholes/inst/amd64-linux.gcc-openmp/bin/blackscholes 64 in_10M.txt prices.txt':
[PARSEC] [---------- Beginning of output ----------]
PARSEC Benchmark Suite Version 3.0-beta-20150206
Num of Options: 10000000
Num of Runs: 100
Size of data: 400000000

real	0m10.054s
user	0m52.892s
sys	0m0.398s
[PARSEC] [----------    End of output    ----------]
[PARSEC]
[PARSEC] BIBLIOGRAPHY
[PARSEC]
[PARSEC] [1] Bienia. Benchmarking Modern Multiprocessors. Ph.D. Thesis, 2011.
[PARSEC]
[PARSEC] Done.
[PARSEC] Benchmarks to run:  parsec.blackscholes

[PARSEC] [========== Running benchmark parsec.blackscholes [1] ==========]
[PARSEC] Keeping old run directory.
[PARSEC] Running 'time /home/fs71695/maxmue/Benchmarks/parsec/pkgs/apps/blackscholes/inst/amd64-linux.gcc-openmp/bin/blackscholes 64 in_10M.txt prices.txt':
[PARSEC] [---------- Beginning of output ----------]
PARSEC Benchmark Suite Version 3.0-beta-20150206
Num of Options: 10000000
Num of Runs: 100
Size of data: 400000000

real	0m10.047s
user	0m52.567s
sys	0m0.428s
[PARSEC] [----------    End of output    ----------]
[PARSEC]
[PARSEC] BIBLIOGRAPHY
[PARSEC]
[PARSEC] [1] Bienia. Benchmarking Modern Multiprocessors. Ph.D. Thesis, 2011.
[PARSEC]
[PARSEC] Done.
[PARSEC] Benchmarks to run:  parsec.blackscholes

[PARSEC] [========== Running benchmark parsec.blackscholes [1] ==========]
[PARSEC] Keeping old run directory.
[PARSEC] Running 'time /home/fs71695/maxmue/Benchmarks/parsec/pkgs/apps/blackscholes/inst/amd64-linux.gcc-openmp/bin/blackscholes 64 in_10M.txt prices.txt':
[PARSEC] [---------- Beginning of output ----------]
PARSEC Benchmark Suite Version 3.0-beta-20150206
Num of Options: 10000000
Num of Runs: 100
Size of data: 400000000

real	0m10.114s
user	0m53.685s
sys	0m0.389s
[PARSEC] [----------    End of output    ----------]
[PARSEC]
[PARSEC] BIBLIOGRAPHY
[PARSEC]
[PARSEC] [1] Bienia. Benchmarking Modern Multiprocessors. Ph.D. Thesis, 2011.
[PARSEC]
[PARSEC] Done.
[PARSEC] Benchmarks to run:  parsec.blackscholes

[PARSEC] [========== Running benchmark parsec.blackscholes [1] ==========]
[PARSEC] Keeping old run directory.
[PARSEC] Running 'time /home/fs71695/maxmue/Benchmarks/parsec/pkgs/apps/blackscholes/inst/amd64-linux.gcc-openmp/bin/blackscholes 64 in_10M.txt prices.txt':
[PARSEC] [---------- Beginning of output ----------]
PARSEC Benchmark Suite Version 3.0-beta-20150206
Num of Options: 10000000
Num of Runs: 100
Size of data: 400000000

real	0m10.141s
user	0m52.869s
sys	0m0.385s
[PARSEC] [----------    End of output    ----------]
[PARSEC]
[PARSEC] BIBLIOGRAPHY
[PARSEC]
[PARSEC] [1] Bienia. Benchmarking Modern Multiprocessors. Ph.D. Thesis, 2011.
[PARSEC]
[PARSEC] Done.
[PARSEC] Benchmarks to run:  parsec.blackscholes

[PARSEC] [========== Running benchmark parsec.blackscholes [1] ==========]
[PARSEC] Keeping old run directory.
[PARSEC] Running 'time /home/fs71695/maxmue/Benchmarks/parsec/pkgs/apps/blackscholes/inst/amd64-linux.gcc-openmp/bin/blackscholes 64 in_10M.txt prices.txt':
[PARSEC] [---------- Beginning of output ----------]
PARSEC Benchmark Suite Version 3.0-beta-20150206
Num of Options: 10000000
Num of Runs: 100
Size of data: 400000000

real	0m10.044s
user	0m53.004s
sys	0m0.382s
[PARSEC] [----------    End of output    ----------]
[PARSEC]
[PARSEC] BIBLIOGRAPHY
[PARSEC]
[PARSEC] [1] Bienia. Benchmarking Modern Multiprocessors. Ph.D. Thesis, 2011.
[PARSEC]
[PARSEC] Done.
[PARSEC] Benchmarks to run:  parsec.blackscholes

[PARSEC] [========== Running benchmark parsec.blackscholes [1] ==========]
[PARSEC] Keeping old run directory.
[PARSEC] Running 'time /home/fs71695/maxmue/Benchmarks/parsec/pkgs/apps/blackscholes/inst/amd64-linux.gcc-openmp/bin/blackscholes 64 in_10M.txt prices.txt':
[PARSEC] [---------- Beginning of output ----------]
PARSEC Benchmark Suite Version 3.0-beta-20150206
Num of Options: 10000000
Num of Runs: 100
Size of data: 400000000

real	0m10.056s
user	0m52.518s
sys	0m0.400s
[PARSEC] [----------    End of output    ----------]
[PARSEC]
[PARSEC] BIBLIOGRAPHY
[PARSEC]
[PARSEC] [1] Bienia. Benchmarking Modern Multiprocessors. Ph.D. Thesis, 2011.
[PARSEC]
[PARSEC] Done.
[PARSEC] Benchmarks to run:  parsec.blackscholes

[PARSEC] [========== Running benchmark parsec.blackscholes [1] ==========]
[PARSEC] Keeping old run directory.
[PARSEC] Running 'time /home/fs71695/maxmue/Benchmarks/parsec/pkgs/apps/blackscholes/inst/amd64-linux.gcc-openmp/bin/blackscholes 64 in_10M.txt prices.txt':
[PARSEC] [---------- Beginning of output ----------]
PARSEC Benchmark Suite Version 3.0-beta-20150206
Num of Options: 10000000
Num of Runs: 100
Size of data: 400000000

real	0m10.083s
user	0m53.259s
sys	0m0.460s
[PARSEC] [----------    End of output    ----------]
[PARSEC]
[PARSEC] BIBLIOGRAPHY
[PARSEC]
[PARSEC] [1] Bienia. Benchmarking Modern Multiprocessors. Ph.D. Thesis, 2011.
[PARSEC]
[PARSEC] Done.
[PARSEC] Benchmarks to run:  parsec.blackscholes

[PARSEC] [========== Running benchmark parsec.blackscholes [1] ==========]
[PARSEC] Keeping old run directory.
[PARSEC] Running 'time /home/fs71695/maxmue/Benchmarks/parsec/pkgs/apps/blackscholes/inst/amd64-linux.gcc-openmp/bin/blackscholes 64 in_10M.txt prices.txt':
[PARSEC] [---------- Beginning of output ----------]
PARSEC Benchmark Suite Version 3.0-beta-20150206
Num of Options: 10000000
Num of Runs: 100
Size of data: 400000000

real	0m10.045s
user	0m52.758s
sys	0m0.377s
[PARSEC] [----------    End of output    ----------]
[PARSEC]
[PARSEC] BIBLIOGRAPHY
[PARSEC]
[PARSEC] [1] Bienia. Benchmarking Modern Multiprocessors. Ph.D. Thesis, 2011.
[PARSEC]
[PARSEC] Done.
[PARSEC] Benchmarks to run:  parsec.blackscholes

[PARSEC] [========== Running benchmark parsec.blackscholes [1] ==========]
[PARSEC] Keeping old run directory.
[PARSEC] Running 'time /home/fs71695/maxmue/Benchmarks/parsec/pkgs/apps/blackscholes/inst/amd64-linux.gcc-openmp/bin/blackscholes 64 in_10M.txt prices.txt':
[PARSEC] [---------- Beginning of output ----------]
PARSEC Benchmark Suite Version 3.0-beta-20150206
Num of Options: 10000000
Num of Runs: 100
Size of data: 400000000

real	0m10.060s
user	0m52.601s
sys	0m0.464s
[PARSEC] [----------    End of output    ----------]
[PARSEC]
[PARSEC] BIBLIOGRAPHY
[PARSEC]
[PARSEC] [1] Bienia. Benchmarking Modern Multiprocessors. Ph.D. Thesis, 2011.
[PARSEC]
[PARSEC] Done.
[PARSEC] Benchmarks to run:  parsec.blackscholes

[PARSEC] [========== Running benchmark parsec.blackscholes [1] ==========]
[PARSEC] Keeping old run directory.
[PARSEC] Running 'time /home/fs71695/maxmue/Benchmarks/parsec/pkgs/apps/blackscholes/inst/amd64-linux.gcc-openmp/bin/blackscholes 64 in_10M.txt prices.txt':
[PARSEC] [---------- Beginning of output ----------]
PARSEC Benchmark Suite Version 3.0-beta-20150206
Num of Options: 10000000
Num of Runs: 100
Size of data: 400000000

real	0m10.074s
user	0m52.610s
sys	0m0.366s
[PARSEC] [----------    End of output    ----------]
[PARSEC]
[PARSEC] BIBLIOGRAPHY
[PARSEC]
[PARSEC] [1] Bienia. Benchmarking Modern Multiprocessors. Ph.D. Thesis, 2011.
[PARSEC]
[PARSEC] Done.
[PARSEC] Benchmarks to run:  parsec.blackscholes

[PARSEC] [========== Running benchmark parsec.blackscholes [1] ==========]
[PARSEC] Keeping old run directory.
[PARSEC] Running 'time /home/fs71695/maxmue/Benchmarks/parsec/pkgs/apps/blackscholes/inst/amd64-linux.gcc-openmp/bin/blackscholes 64 in_10M.txt prices.txt':
[PARSEC] [---------- Beginning of output ----------]
PARSEC Benchmark Suite Version 3.0-beta-20150206
Num of Options: 10000000
Num of Runs: 100
Size of data: 400000000

real	0m10.139s
user	0m52.741s
sys	0m0.412s
[PARSEC] [----------    End of output    ----------]
[PARSEC]
[PARSEC] BIBLIOGRAPHY
[PARSEC]
[PARSEC] [1] Bienia. Benchmarking Modern Multiprocessors. Ph.D. Thesis, 2011.
[PARSEC]
[PARSEC] Done.
[PARSEC] Benchmarks to run:  parsec.blackscholes

[PARSEC] [========== Running benchmark parsec.blackscholes [1] ==========]
[PARSEC] Keeping old run directory.
[PARSEC] Running 'time /home/fs71695/maxmue/Benchmarks/parsec/pkgs/apps/blackscholes/inst/amd64-linux.gcc-openmp/bin/blackscholes 64 in_10M.txt prices.txt':
[PARSEC] [---------- Beginning of output ----------]
PARSEC Benchmark Suite Version 3.0-beta-20150206
Num of Options: 10000000
Num of Runs: 100
Size of data: 400000000

real	0m10.080s
user	0m52.909s
sys	0m0.442s
[PARSEC] [----------    End of output    ----------]
[PARSEC]
[PARSEC] BIBLIOGRAPHY
[PARSEC]
[PARSEC] [1] Bienia. Benchmarking Modern Multiprocessors. Ph.D. Thesis, 2011.
[PARSEC]
[PARSEC] Done.
[PARSEC] Benchmarks to run:  parsec.blackscholes

[PARSEC] [========== Running benchmark parsec.blackscholes [1] ==========]
[PARSEC] Keeping old run directory.
[PARSEC] Running 'time /home/fs71695/maxmue/Benchmarks/parsec/pkgs/apps/blackscholes/inst/amd64-linux.gcc-openmp/bin/blackscholes 64 in_10M.txt prices.txt':
[PARSEC] [---------- Beginning of output ----------]
PARSEC Benchmark Suite Version 3.0-beta-20150206
Num of Options: 10000000
Num of Runs: 100
Size of data: 400000000

real	0m10.132s
user	0m52.944s
sys	0m0.404s
[PARSEC] [----------    End of output    ----------]
[PARSEC]
[PARSEC] BIBLIOGRAPHY
[PARSEC]
[PARSEC] [1] Bienia. Benchmarking Modern Multiprocessors. Ph.D. Thesis, 2011.
[PARSEC]
[PARSEC] Done.
[PARSEC] Benchmarks to run:  parsec.blackscholes

[PARSEC] [========== Running benchmark parsec.blackscholes [1] ==========]
[PARSEC] Keeping old run directory.
[PARSEC] Running 'time /home/fs71695/maxmue/Benchmarks/parsec/pkgs/apps/blackscholes/inst/amd64-linux.gcc-openmp/bin/blackscholes 64 in_10M.txt prices.txt':
[PARSEC] [---------- Beginning of output ----------]
PARSEC Benchmark Suite Version 3.0-beta-20150206
Num of Options: 10000000
Num of Runs: 100
Size of data: 400000000

real	0m10.117s
user	0m53.672s
sys	0m0.384s
[PARSEC] [----------    End of output    ----------]
[PARSEC]
[PARSEC] BIBLIOGRAPHY
[PARSEC]
[PARSEC] [1] Bienia. Benchmarking Modern Multiprocessors. Ph.D. Thesis, 2011.
[PARSEC]
[PARSEC] Done.
[PARSEC] Benchmarks to run:  parsec.blackscholes

[PARSEC] [========== Running benchmark parsec.blackscholes [1] ==========]
[PARSEC] Keeping old run directory.
[PARSEC] Running 'time /home/fs71695/maxmue/Benchmarks/parsec/pkgs/apps/blackscholes/inst/amd64-linux.gcc-openmp/bin/blackscholes 64 in_10M.txt prices.txt':
[PARSEC] [---------- Beginning of output ----------]
PARSEC Benchmark Suite Version 3.0-beta-20150206
Num of Options: 10000000
Num of Runs: 100
Size of data: 400000000

real	0m10.114s
user	0m52.806s
sys	0m0.389s
[PARSEC] [----------    End of output    ----------]
[PARSEC]
[PARSEC] BIBLIOGRAPHY
[PARSEC]
[PARSEC] [1] Bienia. Benchmarking Modern Multiprocessors. Ph.D. Thesis, 2011.
[PARSEC]
[PARSEC] Done.
[PARSEC] Benchmarks to run:  parsec.blackscholes

[PARSEC] [========== Running benchmark parsec.blackscholes [1] ==========]
[PARSEC] Keeping old run directory.
[PARSEC] Running 'time /home/fs71695/maxmue/Benchmarks/parsec/pkgs/apps/blackscholes/inst/amd64-linux.gcc-openmp/bin/blackscholes 64 in_10M.txt prices.txt':
[PARSEC] [---------- Beginning of output ----------]
PARSEC Benchmark Suite Version 3.0-beta-20150206
Num of Options: 10000000
Num of Runs: 100
Size of data: 400000000

real	0m10.069s
user	0m52.695s
sys	0m0.433s
[PARSEC] [----------    End of output    ----------]
[PARSEC]
[PARSEC] BIBLIOGRAPHY
[PARSEC]
[PARSEC] [1] Bienia. Benchmarking Modern Multiprocessors. Ph.D. Thesis, 2011.
[PARSEC]
[PARSEC] Done.
[PARSEC] Benchmarks to run:  parsec.blackscholes

[PARSEC] [========== Running benchmark parsec.blackscholes [1] ==========]
[PARSEC] Keeping old run directory.
[PARSEC] Running 'time /home/fs71695/maxmue/Benchmarks/parsec/pkgs/apps/blackscholes/inst/amd64-linux.gcc-openmp/bin/blackscholes 64 in_10M.txt prices.txt':
[PARSEC] [---------- Beginning of output ----------]
PARSEC Benchmark Suite Version 3.0-beta-20150206
Num of Options: 10000000
Num of Runs: 100
Size of data: 400000000

real	0m10.048s
user	0m52.469s
sys	0m0.447s
[PARSEC] [----------    End of output    ----------]
[PARSEC]
[PARSEC] BIBLIOGRAPHY
[PARSEC]
[PARSEC] [1] Bienia. Benchmarking Modern Multiprocessors. Ph.D. Thesis, 2011.
[PARSEC]
[PARSEC] Done.
[PARSEC] Benchmarks to run:  parsec.blackscholes

[PARSEC] [========== Running benchmark parsec.blackscholes [1] ==========]
[PARSEC] Keeping old run directory.
[PARSEC] Running 'time /home/fs71695/maxmue/Benchmarks/parsec/pkgs/apps/blackscholes/inst/amd64-linux.gcc-openmp/bin/blackscholes 64 in_10M.txt prices.txt':
[PARSEC] [---------- Beginning of output ----------]
PARSEC Benchmark Suite Version 3.0-beta-20150206
Num of Options: 10000000
Num of Runs: 100
Size of data: 400000000

real	0m10.136s
user	0m54.052s
sys	0m0.385s
[PARSEC] [----------    End of output    ----------]
[PARSEC]
[PARSEC] BIBLIOGRAPHY
[PARSEC]
[PARSEC] [1] Bienia. Benchmarking Modern Multiprocessors. Ph.D. Thesis, 2011.
[PARSEC]
[PARSEC] Done.
[PARSEC] Benchmarks to run:  parsec.blackscholes

[PARSEC] [========== Running benchmark parsec.blackscholes [1] ==========]
[PARSEC] Keeping old run directory.
[PARSEC] Running 'time /home/fs71695/maxmue/Benchmarks/parsec/pkgs/apps/blackscholes/inst/amd64-linux.gcc-openmp/bin/blackscholes 64 in_10M.txt prices.txt':
[PARSEC] [---------- Beginning of output ----------]
PARSEC Benchmark Suite Version 3.0-beta-20150206
Num of Options: 10000000
Num of Runs: 100
Size of data: 400000000

real	0m10.068s
user	0m52.729s
sys	0m0.337s
[PARSEC] [----------    End of output    ----------]
[PARSEC]
[PARSEC] BIBLIOGRAPHY
[PARSEC]
[PARSEC] [1] Bienia. Benchmarking Modern Multiprocessors. Ph.D. Thesis, 2011.
[PARSEC]
[PARSEC] Done.
[PARSEC] Benchmarks to run:  parsec.blackscholes

[PARSEC] [========== Running benchmark parsec.blackscholes [1] ==========]
[PARSEC] Keeping old run directory.
[PARSEC] Running 'time /home/fs71695/maxmue/Benchmarks/parsec/pkgs/apps/blackscholes/inst/amd64-linux.gcc-openmp/bin/blackscholes 64 in_10M.txt prices.txt':
[PARSEC] [---------- Beginning of output ----------]
PARSEC Benchmark Suite Version 3.0-beta-20150206
Num of Options: 10000000
Num of Runs: 100
Size of data: 400000000

real	0m10.053s
user	0m52.901s
sys	0m0.405s
[PARSEC] [----------    End of output    ----------]
[PARSEC]
[PARSEC] BIBLIOGRAPHY
[PARSEC]
[PARSEC] [1] Bienia. Benchmarking Modern Multiprocessors. Ph.D. Thesis, 2011.
[PARSEC]
[PARSEC] Done.
[PARSEC] Benchmarks to run:  parsec.blackscholes

[PARSEC] [========== Running benchmark parsec.blackscholes [1] ==========]
[PARSEC] Keeping old run directory.
[PARSEC] Running 'time /home/fs71695/maxmue/Benchmarks/parsec/pkgs/apps/blackscholes/inst/amd64-linux.gcc-openmp/bin/blackscholes 64 in_10M.txt prices.txt':
[PARSEC] [---------- Beginning of output ----------]
PARSEC Benchmark Suite Version 3.0-beta-20150206
Num of Options: 10000000
Num of Runs: 100
Size of data: 400000000

real	0m10.074s
user	0m52.709s
sys	0m0.418s
[PARSEC] [----------    End of output    ----------]
[PARSEC]
[PARSEC] BIBLIOGRAPHY
[PARSEC]
[PARSEC] [1] Bienia. Benchmarking Modern Multiprocessors. Ph.D. Thesis, 2011.
[PARSEC]
[PARSEC] Done.
[PARSEC] Benchmarks to run:  parsec.blackscholes

[PARSEC] [========== Running benchmark parsec.blackscholes [1] ==========]
[PARSEC] Keeping old run directory.
[PARSEC] Running 'time /home/fs71695/maxmue/Benchmarks/parsec/pkgs/apps/blackscholes/inst/amd64-linux.gcc-openmp/bin/blackscholes 64 in_10M.txt prices.txt':
[PARSEC] [---------- Beginning of output ----------]
PARSEC Benchmark Suite Version 3.0-beta-20150206
Num of Options: 10000000
Num of Runs: 100
Size of data: 400000000

real	0m10.132s
user	0m52.607s
sys	0m0.417s
[PARSEC] [----------    End of output    ----------]
[PARSEC]
[PARSEC] BIBLIOGRAPHY
[PARSEC]
[PARSEC] [1] Bienia. Benchmarking Modern Multiprocessors. Ph.D. Thesis, 2011.
[PARSEC]
[PARSEC] Done.
[PARSEC] Benchmarks to run:  parsec.blackscholes

[PARSEC] [========== Running benchmark parsec.blackscholes [1] ==========]
[PARSEC] Keeping old run directory.
[PARSEC] Running 'time /home/fs71695/maxmue/Benchmarks/parsec/pkgs/apps/blackscholes/inst/amd64-linux.gcc-openmp/bin/blackscholes 64 in_10M.txt prices.txt':
[PARSEC] [---------- Beginning of output ----------]
PARSEC Benchmark Suite Version 3.0-beta-20150206
Num of Options: 10000000
Num of Runs: 100
Size of data: 400000000

real	0m10.079s
user	0m53.155s
sys	0m0.383s
[PARSEC] [----------    End of output    ----------]
[PARSEC]
[PARSEC] BIBLIOGRAPHY
[PARSEC]
[PARSEC] [1] Bienia. Benchmarking Modern Multiprocessors. Ph.D. Thesis, 2011.
[PARSEC]
[PARSEC] Done.
[PARSEC] Benchmarks to run:  parsec.blackscholes

[PARSEC] [========== Running benchmark parsec.blackscholes [1] ==========]
[PARSEC] Keeping old run directory.
[PARSEC] Running 'time /home/fs71695/maxmue/Benchmarks/parsec/pkgs/apps/blackscholes/inst/amd64-linux.gcc-openmp/bin/blackscholes 64 in_10M.txt prices.txt':
[PARSEC] [---------- Beginning of output ----------]
PARSEC Benchmark Suite Version 3.0-beta-20150206
Num of Options: 10000000
Num of Runs: 100
Size of data: 400000000

real	0m10.098s
user	0m52.694s
sys	0m0.431s
[PARSEC] [----------    End of output    ----------]
[PARSEC]
[PARSEC] BIBLIOGRAPHY
[PARSEC]
[PARSEC] [1] Bienia. Benchmarking Modern Multiprocessors. Ph.D. Thesis, 2011.
[PARSEC]
[PARSEC] Done.
[PARSEC] Benchmarks to run:  parsec.blackscholes

[PARSEC] [========== Running benchmark parsec.blackscholes [1] ==========]
[PARSEC] Keeping old run directory.
[PARSEC] Running 'time /home/fs71695/maxmue/Benchmarks/parsec/pkgs/apps/blackscholes/inst/amd64-linux.gcc-openmp/bin/blackscholes 64 in_10M.txt prices.txt':
[PARSEC] [---------- Beginning of output ----------]
PARSEC Benchmark Suite Version 3.0-beta-20150206
Num of Options: 10000000
Num of Runs: 100
Size of data: 400000000

real	0m10.084s
user	0m52.908s
sys	0m0.354s
[PARSEC] [----------    End of output    ----------]
[PARSEC]
[PARSEC] BIBLIOGRAPHY
[PARSEC]
[PARSEC] [1] Bienia. Benchmarking Modern Multiprocessors. Ph.D. Thesis, 2011.
[PARSEC]
[PARSEC] Done.
04/16/24 19:45:05  1713289505.043188344
