n3502-024
Testing blackscholes 32 times on 32 cores using input size:native
02/20/23 23:13:38  1676931218.234358594
[PARSEC] Benchmarks to run:  parsec.blackscholes

[PARSEC] [========== Running benchmark parsec.blackscholes [1] ==========]
[PARSEC] Keeping old run directory.
[PARSEC] Running 'time /home/fs71695/maxmue/Benchmarks/parsec/pkgs/apps/blackscholes/inst/amd64-linux.gcc-openmp/bin/blackscholes 32 in_10M.txt prices.txt':
[PARSEC] [---------- Beginning of output ----------]
PARSEC Benchmark Suite Version 3.0-beta-20150206
Num of Options: 10000000
Num of Runs: 100
Size of data: 400000000

real	0m12.550s
user	1m12.366s
sys	0m0.334s
[PARSEC] [----------    End of output    ----------]
[PARSEC]
[PARSEC] BIBLIOGRAPHY
[PARSEC]
[PARSEC] [1] Bienia. Benchmarking Modern Multiprocessors. Ph.D. Thesis, 2011.
[PARSEC]
[PARSEC] Done.
[PARSEC] Benchmarks to run:  parsec.blackscholes

[PARSEC] [========== Running benchmark parsec.blackscholes [1] ==========]
[PARSEC] Keeping old run directory.
[PARSEC] Running 'time /home/fs71695/maxmue/Benchmarks/parsec/pkgs/apps/blackscholes/inst/amd64-linux.gcc-openmp/bin/blackscholes 32 in_10M.txt prices.txt':
[PARSEC] [---------- Beginning of output ----------]
PARSEC Benchmark Suite Version 3.0-beta-20150206
Num of Options: 10000000
Num of Runs: 100
Size of data: 400000000

real	0m12.835s
user	1m12.384s
sys	0m0.529s
[PARSEC] [----------    End of output    ----------]
[PARSEC]
[PARSEC] BIBLIOGRAPHY
[PARSEC]
[PARSEC] [1] Bienia. Benchmarking Modern Multiprocessors. Ph.D. Thesis, 2011.
[PARSEC]
[PARSEC] Done.
[PARSEC] Benchmarks to run:  parsec.blackscholes

[PARSEC] [========== Running benchmark parsec.blackscholes [1] ==========]
[PARSEC] Keeping old run directory.
[PARSEC] Running 'time /home/fs71695/maxmue/Benchmarks/parsec/pkgs/apps/blackscholes/inst/amd64-linux.gcc-openmp/bin/blackscholes 32 in_10M.txt prices.txt':
[PARSEC] [---------- Beginning of output ----------]
PARSEC Benchmark Suite Version 3.0-beta-20150206
Num of Options: 10000000
Num of Runs: 100
Size of data: 400000000

real	0m12.515s
user	1m12.262s
sys	0m0.338s
[PARSEC] [----------    End of output    ----------]
[PARSEC]
[PARSEC] BIBLIOGRAPHY
[PARSEC]
[PARSEC] [1] Bienia. Benchmarking Modern Multiprocessors. Ph.D. Thesis, 2011.
[PARSEC]
[PARSEC] Done.
[PARSEC] Benchmarks to run:  parsec.blackscholes

[PARSEC] [========== Running benchmark parsec.blackscholes [1] ==========]
[PARSEC] Keeping old run directory.
[PARSEC] Running 'time /home/fs71695/maxmue/Benchmarks/parsec/pkgs/apps/blackscholes/inst/amd64-linux.gcc-openmp/bin/blackscholes 32 in_10M.txt prices.txt':
[PARSEC] [---------- Beginning of output ----------]
PARSEC Benchmark Suite Version 3.0-beta-20150206
Num of Options: 10000000
Num of Runs: 100
Size of data: 400000000

real	0m12.602s
user	1m12.308s
sys	0m0.335s
[PARSEC] [----------    End of output    ----------]
[PARSEC]
[PARSEC] BIBLIOGRAPHY
[PARSEC]
[PARSEC] [1] Bienia. Benchmarking Modern Multiprocessors. Ph.D. Thesis, 2011.
[PARSEC]
[PARSEC] Done.
[PARSEC] Benchmarks to run:  parsec.blackscholes

[PARSEC] [========== Running benchmark parsec.blackscholes [1] ==========]
[PARSEC] Keeping old run directory.
[PARSEC] Running 'time /home/fs71695/maxmue/Benchmarks/parsec/pkgs/apps/blackscholes/inst/amd64-linux.gcc-openmp/bin/blackscholes 32 in_10M.txt prices.txt':
[PARSEC] [---------- Beginning of output ----------]
PARSEC Benchmark Suite Version 3.0-beta-20150206
Num of Options: 10000000
Num of Runs: 100
Size of data: 400000000

real	0m12.651s
user	1m12.315s
sys	0m0.393s
[PARSEC] [----------    End of output    ----------]
[PARSEC]
[PARSEC] BIBLIOGRAPHY
[PARSEC]
[PARSEC] [1] Bienia. Benchmarking Modern Multiprocessors. Ph.D. Thesis, 2011.
[PARSEC]
[PARSEC] Done.
[PARSEC] Benchmarks to run:  parsec.blackscholes

[PARSEC] [========== Running benchmark parsec.blackscholes [1] ==========]
[PARSEC] Keeping old run directory.
[PARSEC] Running 'time /home/fs71695/maxmue/Benchmarks/parsec/pkgs/apps/blackscholes/inst/amd64-linux.gcc-openmp/bin/blackscholes 32 in_10M.txt prices.txt':
[PARSEC] [---------- Beginning of output ----------]
PARSEC Benchmark Suite Version 3.0-beta-20150206
Num of Options: 10000000
Num of Runs: 100
Size of data: 400000000

real	0m12.535s
user	1m12.390s
sys	0m0.304s
[PARSEC] [----------    End of output    ----------]
[PARSEC]
[PARSEC] BIBLIOGRAPHY
[PARSEC]
[PARSEC] [1] Bienia. Benchmarking Modern Multiprocessors. Ph.D. Thesis, 2011.
[PARSEC]
[PARSEC] Done.
[PARSEC] Benchmarks to run:  parsec.blackscholes

[PARSEC] [========== Running benchmark parsec.blackscholes [1] ==========]
[PARSEC] Keeping old run directory.
[PARSEC] Running 'time /home/fs71695/maxmue/Benchmarks/parsec/pkgs/apps/blackscholes/inst/amd64-linux.gcc-openmp/bin/blackscholes 32 in_10M.txt prices.txt':
[PARSEC] [---------- Beginning of output ----------]
PARSEC Benchmark Suite Version 3.0-beta-20150206
Num of Options: 10000000
Num of Runs: 100
Size of data: 400000000

real	0m12.531s
user	1m12.371s
sys	0m0.318s
[PARSEC] [----------    End of output    ----------]
[PARSEC]
[PARSEC] BIBLIOGRAPHY
[PARSEC]
[PARSEC] [1] Bienia. Benchmarking Modern Multiprocessors. Ph.D. Thesis, 2011.
[PARSEC]
[PARSEC] Done.
[PARSEC] Benchmarks to run:  parsec.blackscholes

[PARSEC] [========== Running benchmark parsec.blackscholes [1] ==========]
[PARSEC] Keeping old run directory.
[PARSEC] Running 'time /home/fs71695/maxmue/Benchmarks/parsec/pkgs/apps/blackscholes/inst/amd64-linux.gcc-openmp/bin/blackscholes 32 in_10M.txt prices.txt':
[PARSEC] [---------- Beginning of output ----------]
PARSEC Benchmark Suite Version 3.0-beta-20150206
Num of Options: 10000000
Num of Runs: 100
Size of data: 400000000

real	0m12.702s
user	1m12.225s
sys	0m0.333s
[PARSEC] [----------    End of output    ----------]
[PARSEC]
[PARSEC] BIBLIOGRAPHY
[PARSEC]
[PARSEC] [1] Bienia. Benchmarking Modern Multiprocessors. Ph.D. Thesis, 2011.
[PARSEC]
[PARSEC] Done.
[PARSEC] Benchmarks to run:  parsec.blackscholes

[PARSEC] [========== Running benchmark parsec.blackscholes [1] ==========]
[PARSEC] Keeping old run directory.
[PARSEC] Running 'time /home/fs71695/maxmue/Benchmarks/parsec/pkgs/apps/blackscholes/inst/amd64-linux.gcc-openmp/bin/blackscholes 32 in_10M.txt prices.txt':
[PARSEC] [---------- Beginning of output ----------]
PARSEC Benchmark Suite Version 3.0-beta-20150206
Num of Options: 10000000
Num of Runs: 100
Size of data: 400000000

real	0m12.718s
user	1m12.595s
sys	0m0.532s
[PARSEC] [----------    End of output    ----------]
[PARSEC]
[PARSEC] BIBLIOGRAPHY
[PARSEC]
[PARSEC] [1] Bienia. Benchmarking Modern Multiprocessors. Ph.D. Thesis, 2011.
[PARSEC]
[PARSEC] Done.
[PARSEC] Benchmarks to run:  parsec.blackscholes

[PARSEC] [========== Running benchmark parsec.blackscholes [1] ==========]
[PARSEC] Keeping old run directory.
[PARSEC] Running 'time /home/fs71695/maxmue/Benchmarks/parsec/pkgs/apps/blackscholes/inst/amd64-linux.gcc-openmp/bin/blackscholes 32 in_10M.txt prices.txt':
[PARSEC] [---------- Beginning of output ----------]
PARSEC Benchmark Suite Version 3.0-beta-20150206
Num of Options: 10000000
Num of Runs: 100
Size of data: 400000000

real	0m12.860s
user	1m12.408s
sys	0m0.542s
[PARSEC] [----------    End of output    ----------]
[PARSEC]
[PARSEC] BIBLIOGRAPHY
[PARSEC]
[PARSEC] [1] Bienia. Benchmarking Modern Multiprocessors. Ph.D. Thesis, 2011.
[PARSEC]
[PARSEC] Done.
[PARSEC] Benchmarks to run:  parsec.blackscholes

[PARSEC] [========== Running benchmark parsec.blackscholes [1] ==========]
[PARSEC] Keeping old run directory.
[PARSEC] Running 'time /home/fs71695/maxmue/Benchmarks/parsec/pkgs/apps/blackscholes/inst/amd64-linux.gcc-openmp/bin/blackscholes 32 in_10M.txt prices.txt':
[PARSEC] [---------- Beginning of output ----------]
PARSEC Benchmark Suite Version 3.0-beta-20150206
Num of Options: 10000000
Num of Runs: 100
Size of data: 400000000

real	0m12.527s
user	1m12.366s
sys	0m0.336s
[PARSEC] [----------    End of output    ----------]
[PARSEC]
[PARSEC] BIBLIOGRAPHY
[PARSEC]
[PARSEC] [1] Bienia. Benchmarking Modern Multiprocessors. Ph.D. Thesis, 2011.
[PARSEC]
[PARSEC] Done.
[PARSEC] Benchmarks to run:  parsec.blackscholes

[PARSEC] [========== Running benchmark parsec.blackscholes [1] ==========]
[PARSEC] Keeping old run directory.
[PARSEC] Running 'time /home/fs71695/maxmue/Benchmarks/parsec/pkgs/apps/blackscholes/inst/amd64-linux.gcc-openmp/bin/blackscholes 32 in_10M.txt prices.txt':
[PARSEC] [---------- Beginning of output ----------]
PARSEC Benchmark Suite Version 3.0-beta-20150206
Num of Options: 10000000
Num of Runs: 100
Size of data: 400000000

real	0m12.553s
user	1m12.334s
sys	0m0.331s
[PARSEC] [----------    End of output    ----------]
[PARSEC]
[PARSEC] BIBLIOGRAPHY
[PARSEC]
[PARSEC] [1] Bienia. Benchmarking Modern Multiprocessors. Ph.D. Thesis, 2011.
[PARSEC]
[PARSEC] Done.
[PARSEC] Benchmarks to run:  parsec.blackscholes

[PARSEC] [========== Running benchmark parsec.blackscholes [1] ==========]
[PARSEC] Keeping old run directory.
[PARSEC] Running 'time /home/fs71695/maxmue/Benchmarks/parsec/pkgs/apps/blackscholes/inst/amd64-linux.gcc-openmp/bin/blackscholes 32 in_10M.txt prices.txt':
[PARSEC] [---------- Beginning of output ----------]
PARSEC Benchmark Suite Version 3.0-beta-20150206
Num of Options: 10000000
Num of Runs: 100
Size of data: 400000000

real	0m12.525s
user	1m12.395s
sys	0m0.342s
[PARSEC] [----------    End of output    ----------]
[PARSEC]
[PARSEC] BIBLIOGRAPHY
[PARSEC]
[PARSEC] [1] Bienia. Benchmarking Modern Multiprocessors. Ph.D. Thesis, 2011.
[PARSEC]
[PARSEC] Done.
[PARSEC] Benchmarks to run:  parsec.blackscholes

[PARSEC] [========== Running benchmark parsec.blackscholes [1] ==========]
[PARSEC] Keeping old run directory.
[PARSEC] Running 'time /home/fs71695/maxmue/Benchmarks/parsec/pkgs/apps/blackscholes/inst/amd64-linux.gcc-openmp/bin/blackscholes 32 in_10M.txt prices.txt':
[PARSEC] [---------- Beginning of output ----------]
PARSEC Benchmark Suite Version 3.0-beta-20150206
Num of Options: 10000000
Num of Runs: 100
Size of data: 400000000

real	0m12.474s
user	1m12.439s
sys	0m0.295s
[PARSEC] [----------    End of output    ----------]
[PARSEC]
[PARSEC] BIBLIOGRAPHY
[PARSEC]
[PARSEC] [1] Bienia. Benchmarking Modern Multiprocessors. Ph.D. Thesis, 2011.
[PARSEC]
[PARSEC] Done.
[PARSEC] Benchmarks to run:  parsec.blackscholes

[PARSEC] [========== Running benchmark parsec.blackscholes [1] ==========]
[PARSEC] Keeping old run directory.
[PARSEC] Running 'time /home/fs71695/maxmue/Benchmarks/parsec/pkgs/apps/blackscholes/inst/amd64-linux.gcc-openmp/bin/blackscholes 32 in_10M.txt prices.txt':
[PARSEC] [---------- Beginning of output ----------]
PARSEC Benchmark Suite Version 3.0-beta-20150206
Num of Options: 10000000
Num of Runs: 100
Size of data: 400000000

real	0m12.996s
user	1m12.614s
sys	0m0.347s
[PARSEC] [----------    End of output    ----------]
[PARSEC]
[PARSEC] BIBLIOGRAPHY
[PARSEC]
[PARSEC] [1] Bienia. Benchmarking Modern Multiprocessors. Ph.D. Thesis, 2011.
[PARSEC]
[PARSEC] Done.
[PARSEC] Benchmarks to run:  parsec.blackscholes

[PARSEC] [========== Running benchmark parsec.blackscholes [1] ==========]
[PARSEC] Keeping old run directory.
[PARSEC] Running 'time /home/fs71695/maxmue/Benchmarks/parsec/pkgs/apps/blackscholes/inst/amd64-linux.gcc-openmp/bin/blackscholes 32 in_10M.txt prices.txt':
[PARSEC] [---------- Beginning of output ----------]
PARSEC Benchmark Suite Version 3.0-beta-20150206
Num of Options: 10000000
Num of Runs: 100
Size of data: 400000000

real	0m12.468s
user	1m12.292s
sys	0m0.313s
[PARSEC] [----------    End of output    ----------]
[PARSEC]
[PARSEC] BIBLIOGRAPHY
[PARSEC]
[PARSEC] [1] Bienia. Benchmarking Modern Multiprocessors. Ph.D. Thesis, 2011.
[PARSEC]
[PARSEC] Done.
[PARSEC] Benchmarks to run:  parsec.blackscholes

[PARSEC] [========== Running benchmark parsec.blackscholes [1] ==========]
[PARSEC] Keeping old run directory.
[PARSEC] Running 'time /home/fs71695/maxmue/Benchmarks/parsec/pkgs/apps/blackscholes/inst/amd64-linux.gcc-openmp/bin/blackscholes 32 in_10M.txt prices.txt':
[PARSEC] [---------- Beginning of output ----------]
PARSEC Benchmark Suite Version 3.0-beta-20150206
Num of Options: 10000000
Num of Runs: 100
Size of data: 400000000

real	0m12.523s
user	1m12.324s
sys	0m0.314s
[PARSEC] [----------    End of output    ----------]
[PARSEC]
[PARSEC] BIBLIOGRAPHY
[PARSEC]
[PARSEC] [1] Bienia. Benchmarking Modern Multiprocessors. Ph.D. Thesis, 2011.
[PARSEC]
[PARSEC] Done.
[PARSEC] Benchmarks to run:  parsec.blackscholes

[PARSEC] [========== Running benchmark parsec.blackscholes [1] ==========]
[PARSEC] Keeping old run directory.
[PARSEC] Running 'time /home/fs71695/maxmue/Benchmarks/parsec/pkgs/apps/blackscholes/inst/amd64-linux.gcc-openmp/bin/blackscholes 32 in_10M.txt prices.txt':
[PARSEC] [---------- Beginning of output ----------]
PARSEC Benchmark Suite Version 3.0-beta-20150206
Num of Options: 10000000
Num of Runs: 100
Size of data: 400000000

real	0m12.519s
user	1m12.383s
sys	0m0.331s
[PARSEC] [----------    End of output    ----------]
[PARSEC]
[PARSEC] BIBLIOGRAPHY
[PARSEC]
[PARSEC] [1] Bienia. Benchmarking Modern Multiprocessors. Ph.D. Thesis, 2011.
[PARSEC]
[PARSEC] Done.
[PARSEC] Benchmarks to run:  parsec.blackscholes

[PARSEC] [========== Running benchmark parsec.blackscholes [1] ==========]
[PARSEC] Keeping old run directory.
[PARSEC] Running 'time /home/fs71695/maxmue/Benchmarks/parsec/pkgs/apps/blackscholes/inst/amd64-linux.gcc-openmp/bin/blackscholes 32 in_10M.txt prices.txt':
[PARSEC] [---------- Beginning of output ----------]
PARSEC Benchmark Suite Version 3.0-beta-20150206
Num of Options: 10000000
Num of Runs: 100
Size of data: 400000000

real	0m12.537s
user	1m12.415s
sys	0m0.320s
[PARSEC] [----------    End of output    ----------]
[PARSEC]
[PARSEC] BIBLIOGRAPHY
[PARSEC]
[PARSEC] [1] Bienia. Benchmarking Modern Multiprocessors. Ph.D. Thesis, 2011.
[PARSEC]
[PARSEC] Done.
[PARSEC] Benchmarks to run:  parsec.blackscholes

[PARSEC] [========== Running benchmark parsec.blackscholes [1] ==========]
[PARSEC] Keeping old run directory.
[PARSEC] Running 'time /home/fs71695/maxmue/Benchmarks/parsec/pkgs/apps/blackscholes/inst/amd64-linux.gcc-openmp/bin/blackscholes 32 in_10M.txt prices.txt':
[PARSEC] [---------- Beginning of output ----------]
PARSEC Benchmark Suite Version 3.0-beta-20150206
Num of Options: 10000000
Num of Runs: 100
Size of data: 400000000

real	0m12.795s
user	1m12.635s
sys	0m0.339s
[PARSEC] [----------    End of output    ----------]
[PARSEC]
[PARSEC] BIBLIOGRAPHY
[PARSEC]
[PARSEC] [1] Bienia. Benchmarking Modern Multiprocessors. Ph.D. Thesis, 2011.
[PARSEC]
[PARSEC] Done.
[PARSEC] Benchmarks to run:  parsec.blackscholes

[PARSEC] [========== Running benchmark parsec.blackscholes [1] ==========]
[PARSEC] Keeping old run directory.
[PARSEC] Running 'time /home/fs71695/maxmue/Benchmarks/parsec/pkgs/apps/blackscholes/inst/amd64-linux.gcc-openmp/bin/blackscholes 32 in_10M.txt prices.txt':
[PARSEC] [---------- Beginning of output ----------]
PARSEC Benchmark Suite Version 3.0-beta-20150206
Num of Options: 10000000
Num of Runs: 100
Size of data: 400000000

real	0m12.751s
user	1m12.271s
sys	0m0.569s
[PARSEC] [----------    End of output    ----------]
[PARSEC]
[PARSEC] BIBLIOGRAPHY
[PARSEC]
[PARSEC] [1] Bienia. Benchmarking Modern Multiprocessors. Ph.D. Thesis, 2011.
[PARSEC]
[PARSEC] Done.
[PARSEC] Benchmarks to run:  parsec.blackscholes

[PARSEC] [========== Running benchmark parsec.blackscholes [1] ==========]
[PARSEC] Keeping old run directory.
[PARSEC] Running 'time /home/fs71695/maxmue/Benchmarks/parsec/pkgs/apps/blackscholes/inst/amd64-linux.gcc-openmp/bin/blackscholes 32 in_10M.txt prices.txt':
[PARSEC] [---------- Beginning of output ----------]
PARSEC Benchmark Suite Version 3.0-beta-20150206
Num of Options: 10000000
Num of Runs: 100
Size of data: 400000000

real	0m12.805s
user	1m12.270s
sys	0m0.569s
[PARSEC] [----------    End of output    ----------]
[PARSEC]
[PARSEC] BIBLIOGRAPHY
[PARSEC]
[PARSEC] [1] Bienia. Benchmarking Modern Multiprocessors. Ph.D. Thesis, 2011.
[PARSEC]
[PARSEC] Done.
[PARSEC] Benchmarks to run:  parsec.blackscholes

[PARSEC] [========== Running benchmark parsec.blackscholes [1] ==========]
[PARSEC] Keeping old run directory.
[PARSEC] Running 'time /home/fs71695/maxmue/Benchmarks/parsec/pkgs/apps/blackscholes/inst/amd64-linux.gcc-openmp/bin/blackscholes 32 in_10M.txt prices.txt':
[PARSEC] [---------- Beginning of output ----------]
PARSEC Benchmark Suite Version 3.0-beta-20150206
Num of Options: 10000000
Num of Runs: 100
Size of data: 400000000

real	0m12.476s
user	1m12.298s
sys	0m0.337s
[PARSEC] [----------    End of output    ----------]
[PARSEC]
[PARSEC] BIBLIOGRAPHY
[PARSEC]
[PARSEC] [1] Bienia. Benchmarking Modern Multiprocessors. Ph.D. Thesis, 2011.
[PARSEC]
[PARSEC] Done.
[PARSEC] Benchmarks to run:  parsec.blackscholes

[PARSEC] [========== Running benchmark parsec.blackscholes [1] ==========]
[PARSEC] Keeping old run directory.
[PARSEC] Running 'time /home/fs71695/maxmue/Benchmarks/parsec/pkgs/apps/blackscholes/inst/amd64-linux.gcc-openmp/bin/blackscholes 32 in_10M.txt prices.txt':
[PARSEC] [---------- Beginning of output ----------]
PARSEC Benchmark Suite Version 3.0-beta-20150206
Num of Options: 10000000
Num of Runs: 100
Size of data: 400000000

real	0m12.790s
user	1m12.510s
sys	0m0.569s
[PARSEC] [----------    End of output    ----------]
[PARSEC]
[PARSEC] BIBLIOGRAPHY
[PARSEC]
[PARSEC] [1] Bienia. Benchmarking Modern Multiprocessors. Ph.D. Thesis, 2011.
[PARSEC]
[PARSEC] Done.
[PARSEC] Benchmarks to run:  parsec.blackscholes

[PARSEC] [========== Running benchmark parsec.blackscholes [1] ==========]
[PARSEC] Keeping old run directory.
[PARSEC] Running 'time /home/fs71695/maxmue/Benchmarks/parsec/pkgs/apps/blackscholes/inst/amd64-linux.gcc-openmp/bin/blackscholes 32 in_10M.txt prices.txt':
[PARSEC] [---------- Beginning of output ----------]
PARSEC Benchmark Suite Version 3.0-beta-20150206
Num of Options: 10000000
Num of Runs: 100
Size of data: 400000000

real	0m12.510s
user	1m12.355s
sys	0m0.297s
[PARSEC] [----------    End of output    ----------]
[PARSEC]
[PARSEC] BIBLIOGRAPHY
[PARSEC]
[PARSEC] [1] Bienia. Benchmarking Modern Multiprocessors. Ph.D. Thesis, 2011.
[PARSEC]
[PARSEC] Done.
[PARSEC] Benchmarks to run:  parsec.blackscholes

[PARSEC] [========== Running benchmark parsec.blackscholes [1] ==========]
[PARSEC] Keeping old run directory.
[PARSEC] Running 'time /home/fs71695/maxmue/Benchmarks/parsec/pkgs/apps/blackscholes/inst/amd64-linux.gcc-openmp/bin/blackscholes 32 in_10M.txt prices.txt':
[PARSEC] [---------- Beginning of output ----------]
PARSEC Benchmark Suite Version 3.0-beta-20150206
Num of Options: 10000000
Num of Runs: 100
Size of data: 400000000

real	0m12.743s
user	1m12.390s
sys	0m0.535s
[PARSEC] [----------    End of output    ----------]
[PARSEC]
[PARSEC] BIBLIOGRAPHY
[PARSEC]
[PARSEC] [1] Bienia. Benchmarking Modern Multiprocessors. Ph.D. Thesis, 2011.
[PARSEC]
[PARSEC] Done.
[PARSEC] Benchmarks to run:  parsec.blackscholes

[PARSEC] [========== Running benchmark parsec.blackscholes [1] ==========]
[PARSEC] Keeping old run directory.
[PARSEC] Running 'time /home/fs71695/maxmue/Benchmarks/parsec/pkgs/apps/blackscholes/inst/amd64-linux.gcc-openmp/bin/blackscholes 32 in_10M.txt prices.txt':
[PARSEC] [---------- Beginning of output ----------]
PARSEC Benchmark Suite Version 3.0-beta-20150206
Num of Options: 10000000
Num of Runs: 100
Size of data: 400000000

real	0m12.740s
user	1m12.514s
sys	0m0.337s
[PARSEC] [----------    End of output    ----------]
[PARSEC]
[PARSEC] BIBLIOGRAPHY
[PARSEC]
[PARSEC] [1] Bienia. Benchmarking Modern Multiprocessors. Ph.D. Thesis, 2011.
[PARSEC]
[PARSEC] Done.
[PARSEC] Benchmarks to run:  parsec.blackscholes

[PARSEC] [========== Running benchmark parsec.blackscholes [1] ==========]
[PARSEC] Keeping old run directory.
[PARSEC] Running 'time /home/fs71695/maxmue/Benchmarks/parsec/pkgs/apps/blackscholes/inst/amd64-linux.gcc-openmp/bin/blackscholes 32 in_10M.txt prices.txt':
[PARSEC] [---------- Beginning of output ----------]
PARSEC Benchmark Suite Version 3.0-beta-20150206
Num of Options: 10000000
Num of Runs: 100
Size of data: 400000000

real	0m12.730s
user	1m12.308s
sys	0m0.565s
[PARSEC] [----------    End of output    ----------]
[PARSEC]
[PARSEC] BIBLIOGRAPHY
[PARSEC]
[PARSEC] [1] Bienia. Benchmarking Modern Multiprocessors. Ph.D. Thesis, 2011.
[PARSEC]
[PARSEC] Done.
[PARSEC] Benchmarks to run:  parsec.blackscholes

[PARSEC] [========== Running benchmark parsec.blackscholes [1] ==========]
[PARSEC] Keeping old run directory.
[PARSEC] Running 'time /home/fs71695/maxmue/Benchmarks/parsec/pkgs/apps/blackscholes/inst/amd64-linux.gcc-openmp/bin/blackscholes 32 in_10M.txt prices.txt':
[PARSEC] [---------- Beginning of output ----------]
PARSEC Benchmark Suite Version 3.0-beta-20150206
Num of Options: 10000000
Num of Runs: 100
Size of data: 400000000

real	0m12.496s
user	1m12.384s
sys	0m0.328s
[PARSEC] [----------    End of output    ----------]
[PARSEC]
[PARSEC] BIBLIOGRAPHY
[PARSEC]
[PARSEC] [1] Bienia. Benchmarking Modern Multiprocessors. Ph.D. Thesis, 2011.
[PARSEC]
[PARSEC] Done.
[PARSEC] Benchmarks to run:  parsec.blackscholes

[PARSEC] [========== Running benchmark parsec.blackscholes [1] ==========]
[PARSEC] Keeping old run directory.
[PARSEC] Running 'time /home/fs71695/maxmue/Benchmarks/parsec/pkgs/apps/blackscholes/inst/amd64-linux.gcc-openmp/bin/blackscholes 32 in_10M.txt prices.txt':
[PARSEC] [---------- Beginning of output ----------]
PARSEC Benchmark Suite Version 3.0-beta-20150206
Num of Options: 10000000
Num of Runs: 100
Size of data: 400000000

real	0m12.624s
user	1m12.343s
sys	0m0.317s
[PARSEC] [----------    End of output    ----------]
[PARSEC]
[PARSEC] BIBLIOGRAPHY
[PARSEC]
[PARSEC] [1] Bienia. Benchmarking Modern Multiprocessors. Ph.D. Thesis, 2011.
[PARSEC]
[PARSEC] Done.
[PARSEC] Benchmarks to run:  parsec.blackscholes

[PARSEC] [========== Running benchmark parsec.blackscholes [1] ==========]
[PARSEC] Keeping old run directory.
[PARSEC] Running 'time /home/fs71695/maxmue/Benchmarks/parsec/pkgs/apps/blackscholes/inst/amd64-linux.gcc-openmp/bin/blackscholes 32 in_10M.txt prices.txt':
[PARSEC] [---------- Beginning of output ----------]
PARSEC Benchmark Suite Version 3.0-beta-20150206
Num of Options: 10000000
Num of Runs: 100
Size of data: 400000000

real	0m12.597s
user	1m12.430s
sys	0m0.307s
[PARSEC] [----------    End of output    ----------]
[PARSEC]
[PARSEC] BIBLIOGRAPHY
[PARSEC]
[PARSEC] [1] Bienia. Benchmarking Modern Multiprocessors. Ph.D. Thesis, 2011.
[PARSEC]
[PARSEC] Done.
[PARSEC] Benchmarks to run:  parsec.blackscholes

[PARSEC] [========== Running benchmark parsec.blackscholes [1] ==========]
[PARSEC] Keeping old run directory.
[PARSEC] Running 'time /home/fs71695/maxmue/Benchmarks/parsec/pkgs/apps/blackscholes/inst/amd64-linux.gcc-openmp/bin/blackscholes 32 in_10M.txt prices.txt':
[PARSEC] [---------- Beginning of output ----------]
PARSEC Benchmark Suite Version 3.0-beta-20150206
Num of Options: 10000000
Num of Runs: 100
Size of data: 400000000

real	0m12.820s
user	1m12.699s
sys	0m0.286s
[PARSEC] [----------    End of output    ----------]
[PARSEC]
[PARSEC] BIBLIOGRAPHY
[PARSEC]
[PARSEC] [1] Bienia. Benchmarking Modern Multiprocessors. Ph.D. Thesis, 2011.
[PARSEC]
[PARSEC] Done.
02/20/23 23:20:49  1676931649.325459762
