n3508-013
Testing freqmine 10 times on 128 cores with 1 parallel executions using input size:native and OMP_PROC_BIND: close
05/02/24 14:59:14  1714654754.964104546
[PARSEC] Benchmarks to run:  parsec.freqmine

[PARSEC] [========== Running benchmark parsec.freqmine [1] ==========]
[PARSEC] Keeping old run directory.
[PARSEC] Running 'time /home/fs71695/maxmue/Benchmarks/parsec/pkgs/apps/freqmine/inst/amd64-linux.gcc-openmp/bin/freqmine webdocs_250k.dat 11000':
[PARSEC] [---------- Beginning of output ----------]
PARSEC Benchmark Suite Version 3.0-beta-20150206
transaction number is 250000
829
28599
363898
2699198
13410070
47495313
124190838
245065199
369974305
430373350
386138019
265795578
138598934
53551164
14790217
2753445
311877
17498
269
the data preparation cost 1.083899 seconds, the FPgrowth cost 12.927805 seconds

real	0m14.093s
user	5m55.078s
sys	0m3.262s
[PARSEC] [----------    End of output    ----------]
[PARSEC]
[PARSEC] BIBLIOGRAPHY
[PARSEC]
[PARSEC] [1] Bienia. Benchmarking Modern Multiprocessors. Ph.D. Thesis, 2011.
[PARSEC]
[PARSEC] Done.
[PARSEC] Benchmarks to run:  parsec.freqmine

[PARSEC] [========== Running benchmark parsec.freqmine [1] ==========]
[PARSEC] Keeping old run directory.
[PARSEC] Running 'time /home/fs71695/maxmue/Benchmarks/parsec/pkgs/apps/freqmine/inst/amd64-linux.gcc-openmp/bin/freqmine webdocs_250k.dat 11000':
[PARSEC] [---------- Beginning of output ----------]
PARSEC Benchmark Suite Version 3.0-beta-20150206
transaction number is 250000
829
28599
363898
2699198
13410070
47495313
124190838
245065199
369974305
430373350
386138019
265795578
138598934
53551164
14790217
2753445
311877
17498
269
the data preparation cost 1.026724 seconds, the FPgrowth cost 12.614572 seconds

real	0m13.709s
user	5m51.139s
sys	0m3.903s
[PARSEC] [----------    End of output    ----------]
[PARSEC]
[PARSEC] BIBLIOGRAPHY
[PARSEC]
[PARSEC] [1] Bienia. Benchmarking Modern Multiprocessors. Ph.D. Thesis, 2011.
[PARSEC]
[PARSEC] Done.
[PARSEC] Benchmarks to run:  parsec.freqmine

[PARSEC] [========== Running benchmark parsec.freqmine [1] ==========]
[PARSEC] Keeping old run directory.
[PARSEC] Running 'time /home/fs71695/maxmue/Benchmarks/parsec/pkgs/apps/freqmine/inst/amd64-linux.gcc-openmp/bin/freqmine webdocs_250k.dat 11000':
[PARSEC] [---------- Beginning of output ----------]
PARSEC Benchmark Suite Version 3.0-beta-20150206
transaction number is 250000
829
28599
363898
2699198
13410070
47495313
124190838
245065199
369974305
430373350
386138019
265795578
138598934
53551164
14790217
2753445
311877
17498
269
the data preparation cost 1.090658 seconds, the FPgrowth cost 12.773030 seconds

real	0m13.932s
user	5m52.401s
sys	0m4.212s
[PARSEC] [----------    End of output    ----------]
[PARSEC]
[PARSEC] BIBLIOGRAPHY
[PARSEC]
[PARSEC] [1] Bienia. Benchmarking Modern Multiprocessors. Ph.D. Thesis, 2011.
[PARSEC]
[PARSEC] Done.
[PARSEC] Benchmarks to run:  parsec.freqmine

[PARSEC] [========== Running benchmark parsec.freqmine [1] ==========]
[PARSEC] Keeping old run directory.
[PARSEC] Running 'time /home/fs71695/maxmue/Benchmarks/parsec/pkgs/apps/freqmine/inst/amd64-linux.gcc-openmp/bin/freqmine webdocs_250k.dat 11000':
[PARSEC] [---------- Beginning of output ----------]
PARSEC Benchmark Suite Version 3.0-beta-20150206
transaction number is 250000
829
28599
363898
2699198
13410070
47495313
124190838
245065199
369974305
430373350
386138019
265795578
138598934
53551164
14790217
2753445
311877
17498
269
the data preparation cost 1.031842 seconds, the FPgrowth cost 12.788407 seconds

real	0m13.889s
user	5m52.143s
sys	0m4.617s
[PARSEC] [----------    End of output    ----------]
[PARSEC]
[PARSEC] BIBLIOGRAPHY
[PARSEC]
[PARSEC] [1] Bienia. Benchmarking Modern Multiprocessors. Ph.D. Thesis, 2011.
[PARSEC]
[PARSEC] Done.
[PARSEC] Benchmarks to run:  parsec.freqmine

[PARSEC] [========== Running benchmark parsec.freqmine [1] ==========]
[PARSEC] Keeping old run directory.
[PARSEC] Running 'time /home/fs71695/maxmue/Benchmarks/parsec/pkgs/apps/freqmine/inst/amd64-linux.gcc-openmp/bin/freqmine webdocs_250k.dat 11000':
[PARSEC] [---------- Beginning of output ----------]
PARSEC Benchmark Suite Version 3.0-beta-20150206
transaction number is 250000
829
28599
363898
2699198
13410070
47495313
124190838
245065199
369974305
430373350
386138019
265795578
138598934
53551164
14790217
2753445
311877
17498
269
the data preparation cost 1.070768 seconds, the FPgrowth cost 12.654528 seconds

real	0m13.777s
user	5m53.257s
sys	0m4.815s
[PARSEC] [----------    End of output    ----------]
[PARSEC]
[PARSEC] BIBLIOGRAPHY
[PARSEC]
[PARSEC] [1] Bienia. Benchmarking Modern Multiprocessors. Ph.D. Thesis, 2011.
[PARSEC]
[PARSEC] Done.
[PARSEC] Benchmarks to run:  parsec.freqmine

[PARSEC] [========== Running benchmark parsec.freqmine [1] ==========]
[PARSEC] Keeping old run directory.
[PARSEC] Running 'time /home/fs71695/maxmue/Benchmarks/parsec/pkgs/apps/freqmine/inst/amd64-linux.gcc-openmp/bin/freqmine webdocs_250k.dat 11000':
[PARSEC] [---------- Beginning of output ----------]
PARSEC Benchmark Suite Version 3.0-beta-20150206
transaction number is 250000
829
28599
363898
2699198
13410070
47495313
124190838
245065199
369974305
430373350
386138019
265795578
138598934
53551164
14790217
2753445
311877
17498
269
the data preparation cost 1.081131 seconds, the FPgrowth cost 12.370535 seconds

real	0m13.490s
user	5m43.035s
sys	0m5.760s
[PARSEC] [----------    End of output    ----------]
[PARSEC]
[PARSEC] BIBLIOGRAPHY
[PARSEC]
[PARSEC] [1] Bienia. Benchmarking Modern Multiprocessors. Ph.D. Thesis, 2011.
[PARSEC]
[PARSEC] Done.
[PARSEC] Benchmarks to run:  parsec.freqmine

[PARSEC] [========== Running benchmark parsec.freqmine [1] ==========]
[PARSEC] Keeping old run directory.
[PARSEC] Running 'time /home/fs71695/maxmue/Benchmarks/parsec/pkgs/apps/freqmine/inst/amd64-linux.gcc-openmp/bin/freqmine webdocs_250k.dat 11000':
[PARSEC] [---------- Beginning of output ----------]
PARSEC Benchmark Suite Version 3.0-beta-20150206
transaction number is 250000
829
28599
363898
2699198
13410070
47495313
124190838
245065199
369974305
430373350
386138019
265795578
138598934
53551164
14790217
2753445
311877
17498
269
the data preparation cost 1.065562 seconds, the FPgrowth cost 12.507715 seconds

real	0m13.646s
user	5m50.861s
sys	0m4.247s
[PARSEC] [----------    End of output    ----------]
[PARSEC]
[PARSEC] BIBLIOGRAPHY
[PARSEC]
[PARSEC] [1] Bienia. Benchmarking Modern Multiprocessors. Ph.D. Thesis, 2011.
[PARSEC]
[PARSEC] Done.
[PARSEC] Benchmarks to run:  parsec.freqmine

[PARSEC] [========== Running benchmark parsec.freqmine [1] ==========]
[PARSEC] Keeping old run directory.
[PARSEC] Running 'time /home/fs71695/maxmue/Benchmarks/parsec/pkgs/apps/freqmine/inst/amd64-linux.gcc-openmp/bin/freqmine webdocs_250k.dat 11000':
[PARSEC] [---------- Beginning of output ----------]
PARSEC Benchmark Suite Version 3.0-beta-20150206
transaction number is 250000
829
28599
363898
2699198
13410070
47495313
124190838
245065199
369974305
430373350
386138019
265795578
138598934
53551164
14790217
2753445
311877
17498
269
the data preparation cost 1.003468 seconds, the FPgrowth cost 12.578333 seconds

real	0m13.634s
user	5m53.532s
sys	0m3.276s
[PARSEC] [----------    End of output    ----------]
[PARSEC]
[PARSEC] BIBLIOGRAPHY
[PARSEC]
[PARSEC] [1] Bienia. Benchmarking Modern Multiprocessors. Ph.D. Thesis, 2011.
[PARSEC]
[PARSEC] Done.
[PARSEC] Benchmarks to run:  parsec.freqmine

[PARSEC] [========== Running benchmark parsec.freqmine [1] ==========]
[PARSEC] Keeping old run directory.
[PARSEC] Running 'time /home/fs71695/maxmue/Benchmarks/parsec/pkgs/apps/freqmine/inst/amd64-linux.gcc-openmp/bin/freqmine webdocs_250k.dat 11000':
[PARSEC] [---------- Beginning of output ----------]
PARSEC Benchmark Suite Version 3.0-beta-20150206
transaction number is 250000
829
28599
363898
2699198
13410070
47495313
124190838
245065199
369974305
430373350
386138019
265795578
138598934
53551164
14790217
2753445
311877
17498
269
the data preparation cost 1.082311 seconds, the FPgrowth cost 12.592835 seconds

real	0m13.742s
user	5m53.316s
sys	0m4.707s
[PARSEC] [----------    End of output    ----------]
[PARSEC]
[PARSEC] BIBLIOGRAPHY
[PARSEC]
[PARSEC] [1] Bienia. Benchmarking Modern Multiprocessors. Ph.D. Thesis, 2011.
[PARSEC]
[PARSEC] Done.
[PARSEC] Benchmarks to run:  parsec.freqmine

[PARSEC] [========== Running benchmark parsec.freqmine [1] ==========]
[PARSEC] Keeping old run directory.
[PARSEC] Running 'time /home/fs71695/maxmue/Benchmarks/parsec/pkgs/apps/freqmine/inst/amd64-linux.gcc-openmp/bin/freqmine webdocs_250k.dat 11000':
[PARSEC] [---------- Beginning of output ----------]
PARSEC Benchmark Suite Version 3.0-beta-20150206
transaction number is 250000
829
28599
363898
2699198
13410070
47495313
124190838
245065199
369974305
430373350
386138019
265795578
138598934
53551164
14790217
2753445
311877
17498
269
the data preparation cost 1.044877 seconds, the FPgrowth cost 12.563476 seconds

real	0m13.665s
user	5m53.634s
sys	0m4.746s
[PARSEC] [----------    End of output    ----------]
[PARSEC]
[PARSEC] BIBLIOGRAPHY
[PARSEC]
[PARSEC] [1] Bienia. Benchmarking Modern Multiprocessors. Ph.D. Thesis, 2011.
[PARSEC]
[PARSEC] Done.
05/02/24 15:01:39  1714654899.483176596
