n3507-020
Testing freqmine 10 times on 1 cores with 1 parallel executions using input size:native and OMP_PROC_BIND: close
05/02/24 14:59:14  1714654754.867404607
[PARSEC] Benchmarks to run:  parsec.freqmine

[PARSEC] [========== Running benchmark parsec.freqmine [1] ==========]
[PARSEC] Keeping old run directory.
[PARSEC] Running 'time /home/fs71695/maxmue/Benchmarks/parsec/pkgs/apps/freqmine/inst/amd64-linux.gcc-openmp/bin/freqmine webdocs_250k.dat 11000':
[PARSEC] [---------- Beginning of output ----------]
PARSEC Benchmark Suite Version 3.0-beta-20150206
transaction number is 250000
829
28599
363898
2699198
13410070
47495313
124190838
245065199
369974305
430373350
386138019
265795578
138598934
53551164
14790217
2753445
311877
17498
269
the data preparation cost 1.061186 seconds, the FPgrowth cost 277.992696 seconds

real	4m39.082s
user	4m38.313s
sys	0m0.259s
[PARSEC] [----------    End of output    ----------]
[PARSEC]
[PARSEC] BIBLIOGRAPHY
[PARSEC]
[PARSEC] [1] Bienia. Benchmarking Modern Multiprocessors. Ph.D. Thesis, 2011.
[PARSEC]
[PARSEC] Done.
[PARSEC] Benchmarks to run:  parsec.freqmine

[PARSEC] [========== Running benchmark parsec.freqmine [1] ==========]
[PARSEC] Keeping old run directory.
[PARSEC] Running 'time /home/fs71695/maxmue/Benchmarks/parsec/pkgs/apps/freqmine/inst/amd64-linux.gcc-openmp/bin/freqmine webdocs_250k.dat 11000':
[PARSEC] [---------- Beginning of output ----------]
PARSEC Benchmark Suite Version 3.0-beta-20150206
transaction number is 250000
829
28599
363898
2699198
13410070
47495313
124190838
245065199
369974305
430373350
386138019
265795578
138598934
53551164
14790217
2753445
311877
17498
269
the data preparation cost 1.000741 seconds, the FPgrowth cost 278.078651 seconds

real	4m39.091s
user	4m38.328s
sys	0m0.281s
[PARSEC] [----------    End of output    ----------]
[PARSEC]
[PARSEC] BIBLIOGRAPHY
[PARSEC]
[PARSEC] [1] Bienia. Benchmarking Modern Multiprocessors. Ph.D. Thesis, 2011.
[PARSEC]
[PARSEC] Done.
[PARSEC] Benchmarks to run:  parsec.freqmine

[PARSEC] [========== Running benchmark parsec.freqmine [1] ==========]
[PARSEC] Keeping old run directory.
[PARSEC] Running 'time /home/fs71695/maxmue/Benchmarks/parsec/pkgs/apps/freqmine/inst/amd64-linux.gcc-openmp/bin/freqmine webdocs_250k.dat 11000':
[PARSEC] [---------- Beginning of output ----------]
PARSEC Benchmark Suite Version 3.0-beta-20150206
transaction number is 250000
829
28599
363898
2699198
13410070
47495313
124190838
245065199
369974305
430373350
386138019
265795578
138598934
53551164
14790217
2753445
311877
17498
269
the data preparation cost 1.061668 seconds, the FPgrowth cost 277.610195 seconds

real	4m38.683s
user	4m37.958s
sys	0m0.243s
[PARSEC] [----------    End of output    ----------]
[PARSEC]
[PARSEC] BIBLIOGRAPHY
[PARSEC]
[PARSEC] [1] Bienia. Benchmarking Modern Multiprocessors. Ph.D. Thesis, 2011.
[PARSEC]
[PARSEC] Done.
[PARSEC] Benchmarks to run:  parsec.freqmine

[PARSEC] [========== Running benchmark parsec.freqmine [1] ==========]
[PARSEC] Keeping old run directory.
[PARSEC] Running 'time /home/fs71695/maxmue/Benchmarks/parsec/pkgs/apps/freqmine/inst/amd64-linux.gcc-openmp/bin/freqmine webdocs_250k.dat 11000':
[PARSEC] [---------- Beginning of output ----------]
PARSEC Benchmark Suite Version 3.0-beta-20150206
transaction number is 250000
829
28599
363898
2699198
13410070
47495313
124190838
245065199
369974305
430373350
386138019
265795578
138598934
53551164
14790217
2753445
311877
17498
269
the data preparation cost 1.056178 seconds, the FPgrowth cost 277.492106 seconds

real	4m38.559s
user	4m37.830s
sys	0m0.242s
[PARSEC] [----------    End of output    ----------]
[PARSEC]
[PARSEC] BIBLIOGRAPHY
[PARSEC]
[PARSEC] [1] Bienia. Benchmarking Modern Multiprocessors. Ph.D. Thesis, 2011.
[PARSEC]
[PARSEC] Done.
[PARSEC] Benchmarks to run:  parsec.freqmine

[PARSEC] [========== Running benchmark parsec.freqmine [1] ==========]
[PARSEC] Keeping old run directory.
[PARSEC] Running 'time /home/fs71695/maxmue/Benchmarks/parsec/pkgs/apps/freqmine/inst/amd64-linux.gcc-openmp/bin/freqmine webdocs_250k.dat 11000':
[PARSEC] [---------- Beginning of output ----------]
PARSEC Benchmark Suite Version 3.0-beta-20150206
transaction number is 250000
829
28599
363898
2699198
13410070
47495313
124190838
245065199
369974305
430373350
386138019
265795578
138598934
53551164
14790217
2753445
311877
17498
269
the data preparation cost 1.054269 seconds, the FPgrowth cost 280.060845 seconds

real	4m41.128s
user	4m40.392s
sys	0m0.249s
[PARSEC] [----------    End of output    ----------]
[PARSEC]
[PARSEC] BIBLIOGRAPHY
[PARSEC]
[PARSEC] [1] Bienia. Benchmarking Modern Multiprocessors. Ph.D. Thesis, 2011.
[PARSEC]
[PARSEC] Done.
[PARSEC] Benchmarks to run:  parsec.freqmine

[PARSEC] [========== Running benchmark parsec.freqmine [1] ==========]
[PARSEC] Keeping old run directory.
[PARSEC] Running 'time /home/fs71695/maxmue/Benchmarks/parsec/pkgs/apps/freqmine/inst/amd64-linux.gcc-openmp/bin/freqmine webdocs_250k.dat 11000':
[PARSEC] [---------- Beginning of output ----------]
PARSEC Benchmark Suite Version 3.0-beta-20150206
transaction number is 250000
829
28599
363898
2699198
13410070
47495313
124190838
245065199
369974305
430373350
386138019
265795578
138598934
53551164
14790217
2753445
311877
17498
269
the data preparation cost 0.994843 seconds, the FPgrowth cost 277.331399 seconds

real	4m38.338s
user	4m37.601s
sys	0m0.247s
[PARSEC] [----------    End of output    ----------]
[PARSEC]
[PARSEC] BIBLIOGRAPHY
[PARSEC]
[PARSEC] [1] Bienia. Benchmarking Modern Multiprocessors. Ph.D. Thesis, 2011.
[PARSEC]
[PARSEC] Done.
[PARSEC] Benchmarks to run:  parsec.freqmine

[PARSEC] [========== Running benchmark parsec.freqmine [1] ==========]
[PARSEC] Keeping old run directory.
[PARSEC] Running 'time /home/fs71695/maxmue/Benchmarks/parsec/pkgs/apps/freqmine/inst/amd64-linux.gcc-openmp/bin/freqmine webdocs_250k.dat 11000':
[PARSEC] [---------- Beginning of output ----------]
PARSEC Benchmark Suite Version 3.0-beta-20150206
transaction number is 250000
829
28599
363898
2699198
13410070
47495313
124190838
245065199
369974305
430373350
386138019
265795578
138598934
53551164
14790217
2753445
311877
17498
269
the data preparation cost 1.055872 seconds, the FPgrowth cost 275.714469 seconds

real	4m36.781s
user	4m36.067s
sys	0m0.242s
[PARSEC] [----------    End of output    ----------]
[PARSEC]
[PARSEC] BIBLIOGRAPHY
[PARSEC]
[PARSEC] [1] Bienia. Benchmarking Modern Multiprocessors. Ph.D. Thesis, 2011.
[PARSEC]
[PARSEC] Done.
[PARSEC] Benchmarks to run:  parsec.freqmine

[PARSEC] [========== Running benchmark parsec.freqmine [1] ==========]
[PARSEC] Keeping old run directory.
[PARSEC] Running 'time /home/fs71695/maxmue/Benchmarks/parsec/pkgs/apps/freqmine/inst/amd64-linux.gcc-openmp/bin/freqmine webdocs_250k.dat 11000':
[PARSEC] [---------- Beginning of output ----------]
PARSEC Benchmark Suite Version 3.0-beta-20150206
transaction number is 250000
829
28599
363898
2699198
13410070
47495313
124190838
245065199
369974305
430373350
386138019
265795578
138598934
53551164
14790217
2753445
311877
17498
269
the data preparation cost 1.055712 seconds, the FPgrowth cost 285.961079 seconds

real	4m47.028s
user	4m46.292s
sys	0m0.240s
[PARSEC] [----------    End of output    ----------]
[PARSEC]
[PARSEC] BIBLIOGRAPHY
[PARSEC]
[PARSEC] [1] Bienia. Benchmarking Modern Multiprocessors. Ph.D. Thesis, 2011.
[PARSEC]
[PARSEC] Done.
[PARSEC] Benchmarks to run:  parsec.freqmine

[PARSEC] [========== Running benchmark parsec.freqmine [1] ==========]
[PARSEC] Keeping old run directory.
[PARSEC] Running 'time /home/fs71695/maxmue/Benchmarks/parsec/pkgs/apps/freqmine/inst/amd64-linux.gcc-openmp/bin/freqmine webdocs_250k.dat 11000':
[PARSEC] [---------- Beginning of output ----------]
PARSEC Benchmark Suite Version 3.0-beta-20150206
transaction number is 250000
829
28599
363898
2699198
13410070
47495313
124190838
245065199
369974305
430373350
386138019
265795578
138598934
53551164
14790217
2753445
311877
17498
269
the data preparation cost 1.065786 seconds, the FPgrowth cost 277.017511 seconds

real	4m38.094s
user	4m37.358s
sys	0m0.252s
[PARSEC] [----------    End of output    ----------]
[PARSEC]
[PARSEC] BIBLIOGRAPHY
[PARSEC]
[PARSEC] [1] Bienia. Benchmarking Modern Multiprocessors. Ph.D. Thesis, 2011.
[PARSEC]
[PARSEC] Done.
[PARSEC] Benchmarks to run:  parsec.freqmine

[PARSEC] [========== Running benchmark parsec.freqmine [1] ==========]
[PARSEC] Keeping old run directory.
[PARSEC] Running 'time /home/fs71695/maxmue/Benchmarks/parsec/pkgs/apps/freqmine/inst/amd64-linux.gcc-openmp/bin/freqmine webdocs_250k.dat 11000':
[PARSEC] [---------- Beginning of output ----------]
PARSEC Benchmark Suite Version 3.0-beta-20150206
transaction number is 250000
829
28599
363898
2699198
13410070
47495313
124190838
245065199
369974305
430373350
386138019
265795578
138598934
53551164
14790217
2753445
311877
17498
269
the data preparation cost 1.065816 seconds, the FPgrowth cost 282.914258 seconds

real	4m43.991s
user	4m43.239s
sys	0m0.261s
[PARSEC] [----------    End of output    ----------]
[PARSEC]
[PARSEC] BIBLIOGRAPHY
[PARSEC]
[PARSEC] [1] Bienia. Benchmarking Modern Multiprocessors. Ph.D. Thesis, 2011.
[PARSEC]
[PARSEC] Done.
05/02/24 15:46:02  1714657562.752359024
