n3511-065
Testing freqmine 10 times on 2 cores with 1 parallel executions using input size:native and OMP_PROC_BIND: spread
05/02/24 15:03:31  1714655011.424258815
[PARSEC] Benchmarks to run:  parsec.freqmine

[PARSEC] [========== Running benchmark parsec.freqmine [1] ==========]
[PARSEC] Keeping old run directory.
[PARSEC] Running 'time /home/fs71695/maxmue/Benchmarks/parsec/pkgs/apps/freqmine/inst/amd64-linux.gcc-openmp/bin/freqmine webdocs_250k.dat 11000':
[PARSEC] [---------- Beginning of output ----------]
PARSEC Benchmark Suite Version 3.0-beta-20150206
transaction number is 250000
829
28599
363898
2699198
13410070
47495313
124190838
245065199
369974305
430373350
386138019
265795578
138598934
53551164
14790217
2753445
311877
17498
269
the data preparation cost 1.069251 seconds, the FPgrowth cost 139.317240 seconds

real	2m20.411s
user	4m38.300s
sys	0m0.337s
[PARSEC] [----------    End of output    ----------]
[PARSEC]
[PARSEC] BIBLIOGRAPHY
[PARSEC]
[PARSEC] [1] Bienia. Benchmarking Modern Multiprocessors. Ph.D. Thesis, 2011.
[PARSEC]
[PARSEC] Done.
[PARSEC] Benchmarks to run:  parsec.freqmine

[PARSEC] [========== Running benchmark parsec.freqmine [1] ==========]
[PARSEC] Keeping old run directory.
[PARSEC] Running 'time /home/fs71695/maxmue/Benchmarks/parsec/pkgs/apps/freqmine/inst/amd64-linux.gcc-openmp/bin/freqmine webdocs_250k.dat 11000':
[PARSEC] [---------- Beginning of output ----------]
PARSEC Benchmark Suite Version 3.0-beta-20150206
transaction number is 250000
829
28599
363898
2699198
13410070
47495313
124190838
245065199
369974305
430373350
386138019
265795578
138598934
53551164
14790217
2753445
311877
17498
269
the data preparation cost 1.079406 seconds, the FPgrowth cost 139.107330 seconds

real	2m20.199s
user	4m37.858s
sys	0m0.348s
[PARSEC] [----------    End of output    ----------]
[PARSEC]
[PARSEC] BIBLIOGRAPHY
[PARSEC]
[PARSEC] [1] Bienia. Benchmarking Modern Multiprocessors. Ph.D. Thesis, 2011.
[PARSEC]
[PARSEC] Done.
[PARSEC] Benchmarks to run:  parsec.freqmine

[PARSEC] [========== Running benchmark parsec.freqmine [1] ==========]
[PARSEC] Keeping old run directory.
[PARSEC] Running 'time /home/fs71695/maxmue/Benchmarks/parsec/pkgs/apps/freqmine/inst/amd64-linux.gcc-openmp/bin/freqmine webdocs_250k.dat 11000':
[PARSEC] [---------- Beginning of output ----------]
PARSEC Benchmark Suite Version 3.0-beta-20150206
transaction number is 250000
829
28599
363898
2699198
13410070
47495313
124190838
245065199
369974305
430373350
386138019
265795578
138598934
53551164
14790217
2753445
311877
17498
269
the data preparation cost 1.083811 seconds, the FPgrowth cost 138.919854 seconds

real	2m20.015s
user	4m37.444s
sys	0m0.365s
[PARSEC] [----------    End of output    ----------]
[PARSEC]
[PARSEC] BIBLIOGRAPHY
[PARSEC]
[PARSEC] [1] Bienia. Benchmarking Modern Multiprocessors. Ph.D. Thesis, 2011.
[PARSEC]
[PARSEC] Done.
[PARSEC] Benchmarks to run:  parsec.freqmine

[PARSEC] [========== Running benchmark parsec.freqmine [1] ==========]
[PARSEC] Keeping old run directory.
[PARSEC] Running 'time /home/fs71695/maxmue/Benchmarks/parsec/pkgs/apps/freqmine/inst/amd64-linux.gcc-openmp/bin/freqmine webdocs_250k.dat 11000':
[PARSEC] [---------- Beginning of output ----------]
PARSEC Benchmark Suite Version 3.0-beta-20150206
