n3507-026
Testing splash2x.radiosity 32 times on 256 cores using input size:native
01/24/23 16:27:29  1674574049.198217452
[PARSEC] Benchmarks to run:  splash2x.radiosity

[PARSEC] [========== Running benchmark splash2x.radiosity [1] ==========]
[PARSEC] Keeping old run directory.
[PARSEC] Running 'time /home/fs71695/maxmue/Benchmarks/parsec/ext/splash2x/apps/radiosity/inst/amd64-linux.gcc-pthreads/bin/run.sh 256 native':
[PARSEC] [---------- Beginning of output ----------]
Generating input file ...
Running /home/fs71695/maxmue/Benchmarks/parsec/ext/splash2x/apps/radiosity/inst/amd64-linux.gcc-pthreads/bin/radiosity -bf 1.5e-4 -batch -largeroom -p 256:
Bad number of task queues: 256

real	0m0.012s
user	0m0.002s
sys	0m0.002s
[PARSEC] [----------    End of output    ----------]
[PARSEC]
[PARSEC] BIBLIOGRAPHY
[PARSEC]
[PARSEC] [1] Woo et al. The SPLASH-2 Programs: Characterization and Methodological Considerations. ISCA, 1995.
[PARSEC]
[PARSEC] Done.
[PARSEC] Benchmarks to run:  splash2x.radiosity

[PARSEC] [========== Running benchmark splash2x.radiosity [1] ==========]
[PARSEC] Keeping old run directory.
[PARSEC] Running 'time /home/fs71695/maxmue/Benchmarks/parsec/ext/splash2x/apps/radiosity/inst/amd64-linux.gcc-pthreads/bin/run.sh 256 native':
[PARSEC] [---------- Beginning of output ----------]
Generating input file ...
Running /home/fs71695/maxmue/Benchmarks/parsec/ext/splash2x/apps/radiosity/inst/amd64-linux.gcc-pthreads/bin/radiosity -bf 1.5e-4 -batch -largeroom -p 256:
Bad number of task queues: 256

real	0m0.004s
user	0m0.002s
sys	0m0.002s
[PARSEC] [----------    End of output    ----------]
[PARSEC]
[PARSEC] BIBLIOGRAPHY
[PARSEC]
[PARSEC] [1] Woo et al. The SPLASH-2 Programs: Characterization and Methodological Considerations. ISCA, 1995.
[PARSEC]
[PARSEC] Done.
[PARSEC] Benchmarks to run:  splash2x.radiosity

[PARSEC] [========== Running benchmark splash2x.radiosity [1] ==========]
[PARSEC] Keeping old run directory.
[PARSEC] Running 'time /home/fs71695/maxmue/Benchmarks/parsec/ext/splash2x/apps/radiosity/inst/amd64-linux.gcc-pthreads/bin/run.sh 256 native':
[PARSEC] [---------- Beginning of output ----------]
Generating input file ...
Running /home/fs71695/maxmue/Benchmarks/parsec/ext/splash2x/apps/radiosity/inst/amd64-linux.gcc-pthreads/bin/radiosity -bf 1.5e-4 -batch -largeroom -p 256:
Bad number of task queues: 256

real	0m0.004s
user	0m0.001s
sys	0m0.003s
[PARSEC] [----------    End of output    ----------]
[PARSEC]
[PARSEC] BIBLIOGRAPHY
[PARSEC]
[PARSEC] [1] Woo et al. The SPLASH-2 Programs: Characterization and Methodological Considerations. ISCA, 1995.
[PARSEC]
[PARSEC] Done.
[PARSEC] Benchmarks to run:  splash2x.radiosity

[PARSEC] [========== Running benchmark splash2x.radiosity [1] ==========]
[PARSEC] Keeping old run directory.
[PARSEC] Running 'time /home/fs71695/maxmue/Benchmarks/parsec/ext/splash2x/apps/radiosity/inst/amd64-linux.gcc-pthreads/bin/run.sh 256 native':
[PARSEC] [---------- Beginning of output ----------]
Generating input file ...
Running /home/fs71695/maxmue/Benchmarks/parsec/ext/splash2x/apps/radiosity/inst/amd64-linux.gcc-pthreads/bin/radiosity -bf 1.5e-4 -batch -largeroom -p 256:
Bad number of task queues: 256

real	0m0.004s
user	0m0.002s
sys	0m0.002s
[PARSEC] [----------    End of output    ----------]
[PARSEC]
[PARSEC] BIBLIOGRAPHY
[PARSEC]
[PARSEC] [1] Woo et al. The SPLASH-2 Programs: Characterization and Methodological Considerations. ISCA, 1995.
[PARSEC]
[PARSEC] Done.
[PARSEC] Benchmarks to run:  splash2x.radiosity

[PARSEC] [========== Running benchmark splash2x.radiosity [1] ==========]
[PARSEC] Keeping old run directory.
[PARSEC] Running 'time /home/fs71695/maxmue/Benchmarks/parsec/ext/splash2x/apps/radiosity/inst/amd64-linux.gcc-pthreads/bin/run.sh 256 native':
[PARSEC] [---------- Beginning of output ----------]
Generating input file ...
Running /home/fs71695/maxmue/Benchmarks/parsec/ext/splash2x/apps/radiosity/inst/amd64-linux.gcc-pthreads/bin/radiosity -bf 1.5e-4 -batch -largeroom -p 256:
Bad number of task queues: 256

real	0m0.004s
user	0m0.002s
sys	0m0.002s
[PARSEC] [----------    End of output    ----------]
[PARSEC]
[PARSEC] BIBLIOGRAPHY
[PARSEC]
[PARSEC] [1] Woo et al. The SPLASH-2 Programs: Characterization and Methodological Considerations. ISCA, 1995.
[PARSEC]
[PARSEC] Done.
[PARSEC] Benchmarks to run:  splash2x.radiosity

[PARSEC] [========== Running benchmark splash2x.radiosity [1] ==========]
[PARSEC] Keeping old run directory.
[PARSEC] Running 'time /home/fs71695/maxmue/Benchmarks/parsec/ext/splash2x/apps/radiosity/inst/amd64-linux.gcc-pthreads/bin/run.sh 256 native':
[PARSEC] [---------- Beginning of output ----------]
Generating input file ...
Running /home/fs71695/maxmue/Benchmarks/parsec/ext/splash2x/apps/radiosity/inst/amd64-linux.gcc-pthreads/bin/radiosity -bf 1.5e-4 -batch -largeroom -p 256:
Bad number of task queues: 256

real	0m0.004s
user	0m0.001s
sys	0m0.002s
[PARSEC] [----------    End of output    ----------]
[PARSEC]
[PARSEC] BIBLIOGRAPHY
[PARSEC]
[PARSEC] [1] Woo et al. The SPLASH-2 Programs: Characterization and Methodological Considerations. ISCA, 1995.
[PARSEC]
[PARSEC] Done.
[PARSEC] Benchmarks to run:  splash2x.radiosity

[PARSEC] [========== Running benchmark splash2x.radiosity [1] ==========]
[PARSEC] Keeping old run directory.
[PARSEC] Running 'time /home/fs71695/maxmue/Benchmarks/parsec/ext/splash2x/apps/radiosity/inst/amd64-linux.gcc-pthreads/bin/run.sh 256 native':
[PARSEC] [---------- Beginning of output ----------]
Generating input file ...
Running /home/fs71695/maxmue/Benchmarks/parsec/ext/splash2x/apps/radiosity/inst/amd64-linux.gcc-pthreads/bin/radiosity -bf 1.5e-4 -batch -largeroom -p 256:
Bad number of task queues: 256

real	0m0.004s
user	0m0.002s
sys	0m0.002s
[PARSEC] [----------    End of output    ----------]
[PARSEC]
[PARSEC] BIBLIOGRAPHY
[PARSEC]
[PARSEC] [1] Woo et al. The SPLASH-2 Programs: Characterization and Methodological Considerations. ISCA, 1995.
[PARSEC]
[PARSEC] Done.
[PARSEC] Benchmarks to run:  splash2x.radiosity

[PARSEC] [========== Running benchmark splash2x.radiosity [1] ==========]
[PARSEC] Keeping old run directory.
[PARSEC] Running 'time /home/fs71695/maxmue/Benchmarks/parsec/ext/splash2x/apps/radiosity/inst/amd64-linux.gcc-pthreads/bin/run.sh 256 native':
[PARSEC] [---------- Beginning of output ----------]
Generating input file ...
Running /home/fs71695/maxmue/Benchmarks/parsec/ext/splash2x/apps/radiosity/inst/amd64-linux.gcc-pthreads/bin/radiosity -bf 1.5e-4 -batch -largeroom -p 256:
Bad number of task queues: 256

real	0m0.004s
user	0m0.001s
sys	0m0.002s
[PARSEC] [----------    End of output    ----------]
[PARSEC]
[PARSEC] BIBLIOGRAPHY
[PARSEC]
[PARSEC] [1] Woo et al. The SPLASH-2 Programs: Characterization and Methodological Considerations. ISCA, 1995.
[PARSEC]
[PARSEC] Done.
[PARSEC] Benchmarks to run:  splash2x.radiosity

[PARSEC] [========== Running benchmark splash2x.radiosity [1] ==========]
[PARSEC] Keeping old run directory.
[PARSEC] Running 'time /home/fs71695/maxmue/Benchmarks/parsec/ext/splash2x/apps/radiosity/inst/amd64-linux.gcc-pthreads/bin/run.sh 256 native':
[PARSEC] [---------- Beginning of output ----------]
Generating input file ...
Running /home/fs71695/maxmue/Benchmarks/parsec/ext/splash2x/apps/radiosity/inst/amd64-linux.gcc-pthreads/bin/radiosity -bf 1.5e-4 -batch -largeroom -p 256:
Bad number of task queues: 256

real	0m0.004s
user	0m0.003s
sys	0m0.001s
[PARSEC] [----------    End of output    ----------]
[PARSEC]
[PARSEC] BIBLIOGRAPHY
[PARSEC]
[PARSEC] [1] Woo et al. The SPLASH-2 Programs: Characterization and Methodological Considerations. ISCA, 1995.
[PARSEC]
[PARSEC] Done.
[PARSEC] Benchmarks to run:  splash2x.radiosity

[PARSEC] [========== Running benchmark splash2x.radiosity [1] ==========]
[PARSEC] Keeping old run directory.
[PARSEC] Running 'time /home/fs71695/maxmue/Benchmarks/parsec/ext/splash2x/apps/radiosity/inst/amd64-linux.gcc-pthreads/bin/run.sh 256 native':
[PARSEC] [---------- Beginning of output ----------]
Generating input file ...
Running /home/fs71695/maxmue/Benchmarks/parsec/ext/splash2x/apps/radiosity/inst/amd64-linux.gcc-pthreads/bin/radiosity -bf 1.5e-4 -batch -largeroom -p 256:
Bad number of task queues: 256

real	0m0.004s
user	0m0.002s
sys	0m0.002s
[PARSEC] [----------    End of output    ----------]
[PARSEC]
[PARSEC] BIBLIOGRAPHY
[PARSEC]
[PARSEC] [1] Woo et al. The SPLASH-2 Programs: Characterization and Methodological Considerations. ISCA, 1995.
[PARSEC]
[PARSEC] Done.
[PARSEC] Benchmarks to run:  splash2x.radiosity

[PARSEC] [========== Running benchmark splash2x.radiosity [1] ==========]
[PARSEC] Keeping old run directory.
[PARSEC] Running 'time /home/fs71695/maxmue/Benchmarks/parsec/ext/splash2x/apps/radiosity/inst/amd64-linux.gcc-pthreads/bin/run.sh 256 native':
[PARSEC] [---------- Beginning of output ----------]
Generating input file ...
Running /home/fs71695/maxmue/Benchmarks/parsec/ext/splash2x/apps/radiosity/inst/amd64-linux.gcc-pthreads/bin/radiosity -bf 1.5e-4 -batch -largeroom -p 256:
Bad number of task queues: 256

real	0m0.004s
user	0m0.002s
sys	0m0.002s
[PARSEC] [----------    End of output    ----------]
[PARSEC]
[PARSEC] BIBLIOGRAPHY
[PARSEC]
[PARSEC] [1] Woo et al. The SPLASH-2 Programs: Characterization and Methodological Considerations. ISCA, 1995.
[PARSEC]
[PARSEC] Done.
[PARSEC] Benchmarks to run:  splash2x.radiosity

[PARSEC] [========== Running benchmark splash2x.radiosity [1] ==========]
[PARSEC] Keeping old run directory.
[PARSEC] Running 'time /home/fs71695/maxmue/Benchmarks/parsec/ext/splash2x/apps/radiosity/inst/amd64-linux.gcc-pthreads/bin/run.sh 256 native':
[PARSEC] [---------- Beginning of output ----------]
Generating input file ...
Running /home/fs71695/maxmue/Benchmarks/parsec/ext/splash2x/apps/radiosity/inst/amd64-linux.gcc-pthreads/bin/radiosity -bf 1.5e-4 -batch -largeroom -p 256:
Bad number of task queues: 256

real	0m0.004s
user	0m0.003s
sys	0m0.001s
[PARSEC] [----------    End of output    ----------]
[PARSEC]
[PARSEC] BIBLIOGRAPHY
[PARSEC]
[PARSEC] [1] Woo et al. The SPLASH-2 Programs: Characterization and Methodological Considerations. ISCA, 1995.
[PARSEC]
[PARSEC] Done.
[PARSEC] Benchmarks to run:  splash2x.radiosity

[PARSEC] [========== Running benchmark splash2x.radiosity [1] ==========]
[PARSEC] Keeping old run directory.
[PARSEC] Running 'time /home/fs71695/maxmue/Benchmarks/parsec/ext/splash2x/apps/radiosity/inst/amd64-linux.gcc-pthreads/bin/run.sh 256 native':
[PARSEC] [---------- Beginning of output ----------]
Generating input file ...
Running /home/fs71695/maxmue/Benchmarks/parsec/ext/splash2x/apps/radiosity/inst/amd64-linux.gcc-pthreads/bin/radiosity -bf 1.5e-4 -batch -largeroom -p 256:
Bad number of task queues: 256

real	0m0.004s
user	0m0.003s
sys	0m0.001s
[PARSEC] [----------    End of output    ----------]
[PARSEC]
[PARSEC] BIBLIOGRAPHY
[PARSEC]
[PARSEC] [1] Woo et al. The SPLASH-2 Programs: Characterization and Methodological Considerations. ISCA, 1995.
[PARSEC]
[PARSEC] Done.
[PARSEC] Benchmarks to run:  splash2x.radiosity

[PARSEC] [========== Running benchmark splash2x.radiosity [1] ==========]
[PARSEC] Keeping old run directory.
[PARSEC] Running 'time /home/fs71695/maxmue/Benchmarks/parsec/ext/splash2x/apps/radiosity/inst/amd64-linux.gcc-pthreads/bin/run.sh 256 native':
[PARSEC] [---------- Beginning of output ----------]
Generating input file ...
Running /home/fs71695/maxmue/Benchmarks/parsec/ext/splash2x/apps/radiosity/inst/amd64-linux.gcc-pthreads/bin/radiosity -bf 1.5e-4 -batch -largeroom -p 256:
Bad number of task queues: 256

real	0m0.003s
user	0m0.002s
sys	0m0.001s
[PARSEC] [----------    End of output    ----------]
[PARSEC]
[PARSEC] BIBLIOGRAPHY
[PARSEC]
[PARSEC] [1] Woo et al. The SPLASH-2 Programs: Characterization and Methodological Considerations. ISCA, 1995.
[PARSEC]
[PARSEC] Done.
[PARSEC] Benchmarks to run:  splash2x.radiosity

[PARSEC] [========== Running benchmark splash2x.radiosity [1] ==========]
[PARSEC] Keeping old run directory.
[PARSEC] Running 'time /home/fs71695/maxmue/Benchmarks/parsec/ext/splash2x/apps/radiosity/inst/amd64-linux.gcc-pthreads/bin/run.sh 256 native':
[PARSEC] [---------- Beginning of output ----------]
Generating input file ...
Running /home/fs71695/maxmue/Benchmarks/parsec/ext/splash2x/apps/radiosity/inst/amd64-linux.gcc-pthreads/bin/radiosity -bf 1.5e-4 -batch -largeroom -p 256:
Bad number of task queues: 256

real	0m0.004s
user	0m0.001s
sys	0m0.003s
[PARSEC] [----------    End of output    ----------]
[PARSEC]
[PARSEC] BIBLIOGRAPHY
[PARSEC]
[PARSEC] [1] Woo et al. The SPLASH-2 Programs: Characterization and Methodological Considerations. ISCA, 1995.
[PARSEC]
[PARSEC] Done.
[PARSEC] Benchmarks to run:  splash2x.radiosity

[PARSEC] [========== Running benchmark splash2x.radiosity [1] ==========]
[PARSEC] Keeping old run directory.
[PARSEC] Running 'time /home/fs71695/maxmue/Benchmarks/parsec/ext/splash2x/apps/radiosity/inst/amd64-linux.gcc-pthreads/bin/run.sh 256 native':
[PARSEC] [---------- Beginning of output ----------]
Generating input file ...
Running /home/fs71695/maxmue/Benchmarks/parsec/ext/splash2x/apps/radiosity/inst/amd64-linux.gcc-pthreads/bin/radiosity -bf 1.5e-4 -batch -largeroom -p 256:
Bad number of task queues: 256

real	0m0.004s
user	0m0.002s
sys	0m0.002s
[PARSEC] [----------    End of output    ----------]
[PARSEC]
[PARSEC] BIBLIOGRAPHY
[PARSEC]
[PARSEC] [1] Woo et al. The SPLASH-2 Programs: Characterization and Methodological Considerations. ISCA, 1995.
[PARSEC]
[PARSEC] Done.
[PARSEC] Benchmarks to run:  splash2x.radiosity

[PARSEC] [========== Running benchmark splash2x.radiosity [1] ==========]
[PARSEC] Keeping old run directory.
[PARSEC] Running 'time /home/fs71695/maxmue/Benchmarks/parsec/ext/splash2x/apps/radiosity/inst/amd64-linux.gcc-pthreads/bin/run.sh 256 native':
[PARSEC] [---------- Beginning of output ----------]
Generating input file ...
Running /home/fs71695/maxmue/Benchmarks/parsec/ext/splash2x/apps/radiosity/inst/amd64-linux.gcc-pthreads/bin/radiosity -bf 1.5e-4 -batch -largeroom -p 256:
Bad number of task queues: 256

real	0m0.004s
user	0m0.002s
sys	0m0.002s
[PARSEC] [----------    End of output    ----------]
[PARSEC]
[PARSEC] BIBLIOGRAPHY
[PARSEC]
[PARSEC] [1] Woo et al. The SPLASH-2 Programs: Characterization and Methodological Considerations. ISCA, 1995.
[PARSEC]
[PARSEC] Done.
[PARSEC] Benchmarks to run:  splash2x.radiosity

[PARSEC] [========== Running benchmark splash2x.radiosity [1] ==========]
[PARSEC] Keeping old run directory.
[PARSEC] Running 'time /home/fs71695/maxmue/Benchmarks/parsec/ext/splash2x/apps/radiosity/inst/amd64-linux.gcc-pthreads/bin/run.sh 256 native':
[PARSEC] [---------- Beginning of output ----------]
Generating input file ...
Running /home/fs71695/maxmue/Benchmarks/parsec/ext/splash2x/apps/radiosity/inst/amd64-linux.gcc-pthreads/bin/radiosity -bf 1.5e-4 -batch -largeroom -p 256:
Bad number of task queues: 256

real	0m0.004s
user	0m0.001s
sys	0m0.002s
[PARSEC] [----------    End of output    ----------]
[PARSEC]
[PARSEC] BIBLIOGRAPHY
[PARSEC]
[PARSEC] [1] Woo et al. The SPLASH-2 Programs: Characterization and Methodological Considerations. ISCA, 1995.
[PARSEC]
[PARSEC] Done.
[PARSEC] Benchmarks to run:  splash2x.radiosity

[PARSEC] [========== Running benchmark splash2x.radiosity [1] ==========]
[PARSEC] Keeping old run directory.
[PARSEC] Running 'time /home/fs71695/maxmue/Benchmarks/parsec/ext/splash2x/apps/radiosity/inst/amd64-linux.gcc-pthreads/bin/run.sh 256 native':
[PARSEC] [---------- Beginning of output ----------]
Generating input file ...
Running /home/fs71695/maxmue/Benchmarks/parsec/ext/splash2x/apps/radiosity/inst/amd64-linux.gcc-pthreads/bin/radiosity -bf 1.5e-4 -batch -largeroom -p 256:
Bad number of task queues: 256

real	0m0.004s
user	0m0.003s
sys	0m0.000s
[PARSEC] [----------    End of output    ----------]
[PARSEC]
[PARSEC] BIBLIOGRAPHY
[PARSEC]
[PARSEC] [1] Woo et al. The SPLASH-2 Programs: Characterization and Methodological Considerations. ISCA, 1995.
[PARSEC]
[PARSEC] Done.
[PARSEC] Benchmarks to run:  splash2x.radiosity

[PARSEC] [========== Running benchmark splash2x.radiosity [1] ==========]
[PARSEC] Keeping old run directory.
[PARSEC] Running 'time /home/fs71695/maxmue/Benchmarks/parsec/ext/splash2x/apps/radiosity/inst/amd64-linux.gcc-pthreads/bin/run.sh 256 native':
[PARSEC] [---------- Beginning of output ----------]
Generating input file ...
Running /home/fs71695/maxmue/Benchmarks/parsec/ext/splash2x/apps/radiosity/inst/amd64-linux.gcc-pthreads/bin/radiosity -bf 1.5e-4 -batch -largeroom -p 256:
Bad number of task queues: 256

real	0m0.004s
user	0m0.002s
sys	0m0.002s
[PARSEC] [----------    End of output    ----------]
[PARSEC]
[PARSEC] BIBLIOGRAPHY
[PARSEC]
[PARSEC] [1] Woo et al. The SPLASH-2 Programs: Characterization and Methodological Considerations. ISCA, 1995.
[PARSEC]
[PARSEC] Done.
[PARSEC] Benchmarks to run:  splash2x.radiosity

[PARSEC] [========== Running benchmark splash2x.radiosity [1] ==========]
[PARSEC] Keeping old run directory.
[PARSEC] Running 'time /home/fs71695/maxmue/Benchmarks/parsec/ext/splash2x/apps/radiosity/inst/amd64-linux.gcc-pthreads/bin/run.sh 256 native':
[PARSEC] [---------- Beginning of output ----------]
Generating input file ...
Running /home/fs71695/maxmue/Benchmarks/parsec/ext/splash2x/apps/radiosity/inst/amd64-linux.gcc-pthreads/bin/radiosity -bf 1.5e-4 -batch -largeroom -p 256:
Bad number of task queues: 256

real	0m0.004s
user	0m0.002s
sys	0m0.002s
[PARSEC] [----------    End of output    ----------]
[PARSEC]
[PARSEC] BIBLIOGRAPHY
[PARSEC]
[PARSEC] [1] Woo et al. The SPLASH-2 Programs: Characterization and Methodological Considerations. ISCA, 1995.
[PARSEC]
[PARSEC] Done.
[PARSEC] Benchmarks to run:  splash2x.radiosity

[PARSEC] [========== Running benchmark splash2x.radiosity [1] ==========]
[PARSEC] Keeping old run directory.
[PARSEC] Running 'time /home/fs71695/maxmue/Benchmarks/parsec/ext/splash2x/apps/radiosity/inst/amd64-linux.gcc-pthreads/bin/run.sh 256 native':
[PARSEC] [---------- Beginning of output ----------]
Generating input file ...
Running /home/fs71695/maxmue/Benchmarks/parsec/ext/splash2x/apps/radiosity/inst/amd64-linux.gcc-pthreads/bin/radiosity -bf 1.5e-4 -batch -largeroom -p 256:
Bad number of task queues: 256

real	0m0.004s
user	0m0.001s
sys	0m0.002s
[PARSEC] [----------    End of output    ----------]
[PARSEC]
[PARSEC] BIBLIOGRAPHY
[PARSEC]
[PARSEC] [1] Woo et al. The SPLASH-2 Programs: Characterization and Methodological Considerations. ISCA, 1995.
[PARSEC]
[PARSEC] Done.
[PARSEC] Benchmarks to run:  splash2x.radiosity

[PARSEC] [========== Running benchmark splash2x.radiosity [1] ==========]
[PARSEC] Keeping old run directory.
[PARSEC] Running 'time /home/fs71695/maxmue/Benchmarks/parsec/ext/splash2x/apps/radiosity/inst/amd64-linux.gcc-pthreads/bin/run.sh 256 native':
[PARSEC] [---------- Beginning of output ----------]
Generating input file ...
Running /home/fs71695/maxmue/Benchmarks/parsec/ext/splash2x/apps/radiosity/inst/amd64-linux.gcc-pthreads/bin/radiosity -bf 1.5e-4 -batch -largeroom -p 256:
Bad number of task queues: 256

real	0m0.004s
user	0m0.002s
sys	0m0.002s
[PARSEC] [----------    End of output    ----------]
[PARSEC]
[PARSEC] BIBLIOGRAPHY
[PARSEC]
[PARSEC] [1] Woo et al. The SPLASH-2 Programs: Characterization and Methodological Considerations. ISCA, 1995.
[PARSEC]
[PARSEC] Done.
[PARSEC] Benchmarks to run:  splash2x.radiosity

[PARSEC] [========== Running benchmark splash2x.radiosity [1] ==========]
[PARSEC] Keeping old run directory.
[PARSEC] Running 'time /home/fs71695/maxmue/Benchmarks/parsec/ext/splash2x/apps/radiosity/inst/amd64-linux.gcc-pthreads/bin/run.sh 256 native':
[PARSEC] [---------- Beginning of output ----------]
Generating input file ...
Running /home/fs71695/maxmue/Benchmarks/parsec/ext/splash2x/apps/radiosity/inst/amd64-linux.gcc-pthreads/bin/radiosity -bf 1.5e-4 -batch -largeroom -p 256:
Bad number of task queues: 256

real	0m0.004s
user	0m0.001s
sys	0m0.003s
[PARSEC] [----------    End of output    ----------]
[PARSEC]
[PARSEC] BIBLIOGRAPHY
[PARSEC]
[PARSEC] [1] Woo et al. The SPLASH-2 Programs: Characterization and Methodological Considerations. ISCA, 1995.
[PARSEC]
[PARSEC] Done.
[PARSEC] Benchmarks to run:  splash2x.radiosity

[PARSEC] [========== Running benchmark splash2x.radiosity [1] ==========]
[PARSEC] Keeping old run directory.
[PARSEC] Running 'time /home/fs71695/maxmue/Benchmarks/parsec/ext/splash2x/apps/radiosity/inst/amd64-linux.gcc-pthreads/bin/run.sh 256 native':
[PARSEC] [---------- Beginning of output ----------]
Generating input file ...
Running /home/fs71695/maxmue/Benchmarks/parsec/ext/splash2x/apps/radiosity/inst/amd64-linux.gcc-pthreads/bin/radiosity -bf 1.5e-4 -batch -largeroom -p 256:
Bad number of task queues: 256

real	0m0.004s
user	0m0.002s
sys	0m0.002s
[PARSEC] [----------    End of output    ----------]
[PARSEC]
[PARSEC] BIBLIOGRAPHY
[PARSEC]
[PARSEC] [1] Woo et al. The SPLASH-2 Programs: Characterization and Methodological Considerations. ISCA, 1995.
[PARSEC]
[PARSEC] Done.
[PARSEC] Benchmarks to run:  splash2x.radiosity

[PARSEC] [========== Running benchmark splash2x.radiosity [1] ==========]
[PARSEC] Keeping old run directory.
[PARSEC] Running 'time /home/fs71695/maxmue/Benchmarks/parsec/ext/splash2x/apps/radiosity/inst/amd64-linux.gcc-pthreads/bin/run.sh 256 native':
[PARSEC] [---------- Beginning of output ----------]
Generating input file ...
Running /home/fs71695/maxmue/Benchmarks/parsec/ext/splash2x/apps/radiosity/inst/amd64-linux.gcc-pthreads/bin/radiosity -bf 1.5e-4 -batch -largeroom -p 256:
Bad number of task queues: 256

real	0m0.004s
user	0m0.002s
sys	0m0.001s
[PARSEC] [----------    End of output    ----------]
[PARSEC]
[PARSEC] BIBLIOGRAPHY
[PARSEC]
[PARSEC] [1] Woo et al. The SPLASH-2 Programs: Characterization and Methodological Considerations. ISCA, 1995.
[PARSEC]
[PARSEC] Done.
[PARSEC] Benchmarks to run:  splash2x.radiosity

[PARSEC] [========== Running benchmark splash2x.radiosity [1] ==========]
[PARSEC] Keeping old run directory.
[PARSEC] Running 'time /home/fs71695/maxmue/Benchmarks/parsec/ext/splash2x/apps/radiosity/inst/amd64-linux.gcc-pthreads/bin/run.sh 256 native':
[PARSEC] [---------- Beginning of output ----------]
Generating input file ...
Running /home/fs71695/maxmue/Benchmarks/parsec/ext/splash2x/apps/radiosity/inst/amd64-linux.gcc-pthreads/bin/radiosity -bf 1.5e-4 -batch -largeroom -p 256:
Bad number of task queues: 256

real	0m0.004s
user	0m0.001s
sys	0m0.002s
[PARSEC] [----------    End of output    ----------]
[PARSEC]
[PARSEC] BIBLIOGRAPHY
[PARSEC]
[PARSEC] [1] Woo et al. The SPLASH-2 Programs: Characterization and Methodological Considerations. ISCA, 1995.
[PARSEC]
[PARSEC] Done.
[PARSEC] Benchmarks to run:  splash2x.radiosity

[PARSEC] [========== Running benchmark splash2x.radiosity [1] ==========]
[PARSEC] Keeping old run directory.
[PARSEC] Running 'time /home/fs71695/maxmue/Benchmarks/parsec/ext/splash2x/apps/radiosity/inst/amd64-linux.gcc-pthreads/bin/run.sh 256 native':
[PARSEC] [---------- Beginning of output ----------]
Generating input file ...
Running /home/fs71695/maxmue/Benchmarks/parsec/ext/splash2x/apps/radiosity/inst/amd64-linux.gcc-pthreads/bin/radiosity -bf 1.5e-4 -batch -largeroom -p 256:
Bad number of task queues: 256

real	0m0.004s
user	0m0.003s
sys	0m0.001s
[PARSEC] [----------    End of output    ----------]
[PARSEC]
[PARSEC] BIBLIOGRAPHY
[PARSEC]
[PARSEC] [1] Woo et al. The SPLASH-2 Programs: Characterization and Methodological Considerations. ISCA, 1995.
[PARSEC]
[PARSEC] Done.
[PARSEC] Benchmarks to run:  splash2x.radiosity

[PARSEC] [========== Running benchmark splash2x.radiosity [1] ==========]
[PARSEC] Keeping old run directory.
[PARSEC] Running 'time /home/fs71695/maxmue/Benchmarks/parsec/ext/splash2x/apps/radiosity/inst/amd64-linux.gcc-pthreads/bin/run.sh 256 native':
[PARSEC] [---------- Beginning of output ----------]
Generating input file ...
Running /home/fs71695/maxmue/Benchmarks/parsec/ext/splash2x/apps/radiosity/inst/amd64-linux.gcc-pthreads/bin/radiosity -bf 1.5e-4 -batch -largeroom -p 256:
Bad number of task queues: 256

real	0m0.004s
user	0m0.001s
sys	0m0.002s
[PARSEC] [----------    End of output    ----------]
[PARSEC]
[PARSEC] BIBLIOGRAPHY
[PARSEC]
[PARSEC] [1] Woo et al. The SPLASH-2 Programs: Characterization and Methodological Considerations. ISCA, 1995.
[PARSEC]
[PARSEC] Done.
[PARSEC] Benchmarks to run:  splash2x.radiosity

[PARSEC] [========== Running benchmark splash2x.radiosity [1] ==========]
[PARSEC] Keeping old run directory.
[PARSEC] Running 'time /home/fs71695/maxmue/Benchmarks/parsec/ext/splash2x/apps/radiosity/inst/amd64-linux.gcc-pthreads/bin/run.sh 256 native':
[PARSEC] [---------- Beginning of output ----------]
Generating input file ...
Running /home/fs71695/maxmue/Benchmarks/parsec/ext/splash2x/apps/radiosity/inst/amd64-linux.gcc-pthreads/bin/radiosity -bf 1.5e-4 -batch -largeroom -p 256:
Bad number of task queues: 256

real	0m0.004s
user	0m0.002s
sys	0m0.001s
[PARSEC] [----------    End of output    ----------]
[PARSEC]
[PARSEC] BIBLIOGRAPHY
[PARSEC]
[PARSEC] [1] Woo et al. The SPLASH-2 Programs: Characterization and Methodological Considerations. ISCA, 1995.
[PARSEC]
[PARSEC] Done.
[PARSEC] Benchmarks to run:  splash2x.radiosity

[PARSEC] [========== Running benchmark splash2x.radiosity [1] ==========]
[PARSEC] Keeping old run directory.
[PARSEC] Running 'time /home/fs71695/maxmue/Benchmarks/parsec/ext/splash2x/apps/radiosity/inst/amd64-linux.gcc-pthreads/bin/run.sh 256 native':
[PARSEC] [---------- Beginning of output ----------]
Generating input file ...
Running /home/fs71695/maxmue/Benchmarks/parsec/ext/splash2x/apps/radiosity/inst/amd64-linux.gcc-pthreads/bin/radiosity -bf 1.5e-4 -batch -largeroom -p 256:
Bad number of task queues: 256

real	0m0.004s
user	0m0.002s
sys	0m0.002s
[PARSEC] [----------    End of output    ----------]
[PARSEC]
[PARSEC] BIBLIOGRAPHY
[PARSEC]
[PARSEC] [1] Woo et al. The SPLASH-2 Programs: Characterization and Methodological Considerations. ISCA, 1995.
[PARSEC]
[PARSEC] Done.
[PARSEC] Benchmarks to run:  splash2x.radiosity

[PARSEC] [========== Running benchmark splash2x.radiosity [1] ==========]
[PARSEC] Keeping old run directory.
[PARSEC] Running 'time /home/fs71695/maxmue/Benchmarks/parsec/ext/splash2x/apps/radiosity/inst/amd64-linux.gcc-pthreads/bin/run.sh 256 native':
[PARSEC] [---------- Beginning of output ----------]
Generating input file ...
Running /home/fs71695/maxmue/Benchmarks/parsec/ext/splash2x/apps/radiosity/inst/amd64-linux.gcc-pthreads/bin/radiosity -bf 1.5e-4 -batch -largeroom -p 256:
Bad number of task queues: 256

real	0m0.004s
user	0m0.003s
sys	0m0.001s
[PARSEC] [----------    End of output    ----------]
[PARSEC]
[PARSEC] BIBLIOGRAPHY
[PARSEC]
[PARSEC] [1] Woo et al. The SPLASH-2 Programs: Characterization and Methodological Considerations. ISCA, 1995.
[PARSEC]
[PARSEC] Done.
01/24/23 16:27:54  1674574074.580784943
