n3502-025
Testing splash2x.fft 1 times on 4 cores using input size:native
01/16/23 00:48:46  1673826526.996429779
[PARSEC] Benchmarks to run:  splash2x.fft
[PARSEC] Benchmarks to run:  splash2x.fft
[PARSEC] Benchmarks to run:  splash2x.fft
[PARSEC] Benchmarks to run:  splash2x.fft


[PARSEC] [========== Running benchmark splash2x.fft [1] ==========]

[PARSEC] [========== Running benchmark splash2x.fft [1] ==========]

[PARSEC] [========== Running benchmark splash2x.fft [1] ==========]
[PARSEC] Keeping old run directory.
[PARSEC] [========== Running benchmark splash2x.fft [1] ==========]
[PARSEC] Running 'time /home/fs71695/maxmue/Benchmarks/parsec/ext/splash2x/kernels/fft/inst/amd64-linux.gcc-pthreads/bin/run.sh 4 native':
[PARSEC] Keeping old run directory.
[PARSEC] [---------- Beginning of output ----------]
[PARSEC] Keeping old run directory.
[PARSEC] Benchmarks to run:  splash2x.fft
[PARSEC] Benchmarks to run:  splash2x.fft
[PARSEC] Keeping old run directory.
[PARSEC] Running 'time /home/fs71695/maxmue/Benchmarks/parsec/ext/splash2x/kernels/fft/inst/amd64-linux.gcc-pthreads/bin/run.sh 4 native':

[PARSEC] [---------- Beginning of output ----------]
[PARSEC] Running 'time /home/fs71695/maxmue/Benchmarks/parsec/ext/splash2x/kernels/fft/inst/amd64-linux.gcc-pthreads/bin/run.sh 4 native':
[PARSEC] [========== Running benchmark splash2x.fft [1] ==========]
[PARSEC] [---------- Beginning of output ----------]
[PARSEC] Keeping old run directory.
Generating input file ...
Generating input file ...
Generating input file ...
[PARSEC] Running 'time /home/fs71695/maxmue/Benchmarks/parsec/ext/splash2x/kernels/fft/inst/amd64-linux.gcc-pthreads/bin/run.sh 4 native':
[PARSEC] [---------- Beginning of output ----------]
Running /home/fs71695/maxmue/Benchmarks/parsec/ext/splash2x/kernels/fft/inst/amd64-linux.gcc-pthreads/bin/fft -m28 -p4:
Running /home/fs71695/maxmue/Benchmarks/parsec/ext/splash2x/kernels/fft/inst/amd64-linux.gcc-pthreads/bin/fft -m28 -p4:
Running /home/fs71695/maxmue/Benchmarks/parsec/ext/splash2x/kernels/fft/inst/amd64-linux.gcc-pthreads/bin/fft -m28 -p4:
[PARSEC] Running 'time /home/fs71695/maxmue/Benchmarks/parsec/ext/splash2x/kernels/fft/inst/amd64-linux.gcc-pthreads/bin/run.sh 4 native':

[PARSEC] [---------- Beginning of output ----------]
[PARSEC] [========== Running benchmark splash2x.fft [1] ==========]
[PARSEC] Benchmarks to run:  splash2x.fft
Generating input file ...
Running /home/fs71695/maxmue/Benchmarks/parsec/ext/splash2x/kernels/fft/inst/amd64-linux.gcc-pthreads/bin/fft -m28 -p4:

Generating input file ...
Running /home/fs71695/maxmue/Benchmarks/parsec/ext/splash2x/kernels/fft/inst/amd64-linux.gcc-pthreads/bin/fft -m28 -p4:
[PARSEC] Keeping old run directory.
[PARSEC] [========== Running benchmark splash2x.fft [1] ==========]
[PARSEC] Running 'time /home/fs71695/maxmue/Benchmarks/parsec/ext/splash2x/kernels/fft/inst/amd64-linux.gcc-pthreads/bin/run.sh 4 native':
[PARSEC] [---------- Beginning of output ----------]
[PARSEC] Keeping old run directory.
[PARSEC] Running 'time /home/fs71695/maxmue/Benchmarks/parsec/ext/splash2x/kernels/fft/inst/amd64-linux.gcc-pthreads/bin/run.sh 4 native':
Generating input file ...
Running /home/fs71695/maxmue/Benchmarks/parsec/ext/splash2x/kernels/fft/inst/amd64-linux.gcc-pthreads/bin/fft -m28 -p4:
[PARSEC] Benchmarks to run:  splash2x.fft
[PARSEC] [---------- Beginning of output ----------]

[PARSEC] Benchmarks to run:  splash2x.fft

[PARSEC] [========== Running benchmark splash2x.fft [1] ==========]
[PARSEC] Benchmarks to run:  splash2x.fft
Generating input file ...
Running /home/fs71695/maxmue/Benchmarks/parsec/ext/splash2x/kernels/fft/inst/amd64-linux.gcc-pthreads/bin/fft -m28 -p4:
[PARSEC] Benchmarks to run:  splash2x.fft
[PARSEC] [========== Running benchmark splash2x.fft [1] ==========]


[PARSEC] Keeping old run directory.
[PARSEC] [========== Running benchmark splash2x.fft [1] ==========]
[PARSEC] Running 'time /home/fs71695/maxmue/Benchmarks/parsec/ext/splash2x/kernels/fft/inst/amd64-linux.gcc-pthreads/bin/run.sh 4 native':
[PARSEC] [========== Running benchmark splash2x.fft [1] ==========]
[PARSEC] Keeping old run directory.
[PARSEC] Keeping old run directory.
[PARSEC] [---------- Beginning of output ----------]
[PARSEC] Running 'time /home/fs71695/maxmue/Benchmarks/parsec/ext/splash2x/kernels/fft/inst/amd64-linux.gcc-pthreads/bin/run.sh 4 native':
[PARSEC] Benchmarks to run:  splash2x.fft
[PARSEC] [---------- Beginning of output ----------]
[PARSEC] Keeping old run directory.
[PARSEC] Running 'time /home/fs71695/maxmue/Benchmarks/parsec/ext/splash2x/kernels/fft/inst/amd64-linux.gcc-pthreads/bin/run.sh 4 native':
[PARSEC] Running 'time /home/fs71695/maxmue/Benchmarks/parsec/ext/splash2x/kernels/fft/inst/amd64-linux.gcc-pthreads/bin/run.sh 4 native':
[PARSEC] [---------- Beginning of output ----------]
Generating input file ...
Running /home/fs71695/maxmue/Benchmarks/parsec/ext/splash2x/kernels/fft/inst/amd64-linux.gcc-pthreads/bin/fft -m28 -p4:
Generating input file ...
Running /home/fs71695/maxmue/Benchmarks/parsec/ext/splash2x/kernels/fft/inst/amd64-linux.gcc-pthreads/bin/fft -m28 -p4:

[PARSEC] [---------- Beginning of output ----------]
[PARSEC] [========== Running benchmark splash2x.fft [1] ==========]
Generating input file ...
Running /home/fs71695/maxmue/Benchmarks/parsec/ext/splash2x/kernels/fft/inst/amd64-linux.gcc-pthreads/bin/fft -m28 -p4:
Generating input file ...
Running /home/fs71695/maxmue/Benchmarks/parsec/ext/splash2x/kernels/fft/inst/amd64-linux.gcc-pthreads/bin/fft -m28 -p4:
[PARSEC] Keeping old run directory.
[PARSEC] Running 'time /home/fs71695/maxmue/Benchmarks/parsec/ext/splash2x/kernels/fft/inst/amd64-linux.gcc-pthreads/bin/run.sh 4 native':
[PARSEC] [---------- Beginning of output ----------]
[PARSEC] Benchmarks to run:  splash2x.fft
Generating input file ...
Running /home/fs71695/maxmue/Benchmarks/parsec/ext/splash2x/kernels/fft/inst/amd64-linux.gcc-pthreads/bin/fft -m28 -p4:

[PARSEC] [========== Running benchmark splash2x.fft [1] ==========]
[PARSEC] Benchmarks to run:  splash2x.fft
[PARSEC] Benchmarks to run:  splash2x.fft
[PARSEC] Keeping old run directory.
[PARSEC] Benchmarks to run:  splash2x.fft


[PARSEC] Running 'time /home/fs71695/maxmue/Benchmarks/parsec/ext/splash2x/kernels/fft/inst/amd64-linux.gcc-pthreads/bin/run.sh 4 native':

[PARSEC] [========== Running benchmark splash2x.fft [1] ==========]
[PARSEC] [---------- Beginning of output ----------]
[PARSEC] [========== Running benchmark splash2x.fft [1] ==========]
[PARSEC] [========== Running benchmark splash2x.fft [1] ==========]
Generating input file ...
Running /home/fs71695/maxmue/Benchmarks/parsec/ext/splash2x/kernels/fft/inst/amd64-linux.gcc-pthreads/bin/fft -m28 -p4:
[PARSEC] Keeping old run directory.
[PARSEC] Keeping old run directory.
[PARSEC] Benchmarks to run:  splash2x.fft
[PARSEC] Running 'time /home/fs71695/maxmue/Benchmarks/parsec/ext/splash2x/kernels/fft/inst/amd64-linux.gcc-pthreads/bin/run.sh 4 native':
[PARSEC] Keeping old run directory.
[PARSEC] Running 'time /home/fs71695/maxmue/Benchmarks/parsec/ext/splash2x/kernels/fft/inst/amd64-linux.gcc-pthreads/bin/run.sh 4 native':
[PARSEC] Benchmarks to run:  splash2x.fft
[PARSEC] Benchmarks to run:  splash2x.fft

[PARSEC] [---------- Beginning of output ----------]
[PARSEC] Running 'time /home/fs71695/maxmue/Benchmarks/parsec/ext/splash2x/kernels/fft/inst/amd64-linux.gcc-pthreads/bin/run.sh 4 native':
[PARSEC] [---------- Beginning of output ----------]


[PARSEC] [---------- Beginning of output ----------]
[PARSEC] [========== Running benchmark splash2x.fft [1] ==========]
[PARSEC] [========== Running benchmark splash2x.fft [1] ==========]
Generating input file ...
Running /home/fs71695/maxmue/Benchmarks/parsec/ext/splash2x/kernels/fft/inst/amd64-linux.gcc-pthreads/bin/fft -m28 -p4:
[PARSEC] [========== Running benchmark splash2x.fft [1] ==========]
Generating input file ...
Running /home/fs71695/maxmue/Benchmarks/parsec/ext/splash2x/kernels/fft/inst/amd64-linux.gcc-pthreads/bin/fft -m28 -p4:
Generating input file ...
[PARSEC] Benchmarks to run:  splash2x.fft
Running /home/fs71695/maxmue/Benchmarks/parsec/ext/splash2x/kernels/fft/inst/amd64-linux.gcc-pthreads/bin/fft -m28 -p4:
[PARSEC] Benchmarks to run:  splash2x.fft
[PARSEC] Benchmarks to run:  splash2x.fft
[PARSEC] Benchmarks to run:  splash2x.fft
[PARSEC] Keeping old run directory.
[PARSEC] Keeping old run directory.
[PARSEC] Benchmarks to run:  splash2x.fft
[PARSEC] Keeping old run directory.

[PARSEC] Benchmarks to run:  splash2x.fft



[PARSEC] Running 'time /home/fs71695/maxmue/Benchmarks/parsec/ext/splash2x/kernels/fft/inst/amd64-linux.gcc-pthreads/bin/run.sh 4 native':

[PARSEC] Running 'time /home/fs71695/maxmue/Benchmarks/parsec/ext/splash2x/kernels/fft/inst/amd64-linux.gcc-pthreads/bin/run.sh 4 native':
[PARSEC] Running 'time /home/fs71695/maxmue/Benchmarks/parsec/ext/splash2x/kernels/fft/inst/amd64-linux.gcc-pthreads/bin/run.sh 4 native':
[PARSEC] [========== Running benchmark splash2x.fft [1] ==========]
[PARSEC] Benchmarks to run:  splash2x.fft
[PARSEC] Benchmarks to run:  splash2x.fft
[PARSEC] Benchmarks to run:  splash2x.fft

[PARSEC] [========== Running benchmark splash2x.fft [1] ==========]
[PARSEC] Benchmarks to run:  splash2x.fft
[PARSEC] [---------- Beginning of output ----------]
[PARSEC] [========== Running benchmark splash2x.fft [1] ==========]
[PARSEC] [---------- Beginning of output ----------]
[PARSEC] [========== Running benchmark splash2x.fft [1] ==========]
[PARSEC] [---------- Beginning of output ----------]
[PARSEC] [========== Running benchmark splash2x.fft [1] ==========]


[PARSEC] [========== Running benchmark splash2x.fft [1] ==========]


[PARSEC] Benchmarks to run:  splash2x.fft
[PARSEC] Benchmarks to run:  splash2x.fft
[PARSEC] Keeping old run directory.
[PARSEC] [========== Running benchmark splash2x.fft [1] ==========]
[PARSEC] [========== Running benchmark splash2x.fft [1] ==========]
[PARSEC] Keeping old run directory.
[PARSEC] Keeping old run directory.
[PARSEC] [========== Running benchmark splash2x.fft [1] ==========]
Generating input file ...
Running /home/fs71695/maxmue/Benchmarks/parsec/ext/splash2x/kernels/fft/inst/amd64-linux.gcc-pthreads/bin/fft -m28 -p4:
[PARSEC] [========== Running benchmark splash2x.fft [1] ==========]
Generating input file ...
Running /home/fs71695/maxmue/Benchmarks/parsec/ext/splash2x/kernels/fft/inst/amd64-linux.gcc-pthreads/bin/fft -m28 -p4:
Generating input file ...
Running /home/fs71695/maxmue/Benchmarks/parsec/ext/splash2x/kernels/fft/inst/amd64-linux.gcc-pthreads/bin/fft -m28 -p4:
[PARSEC] Keeping old run directory.


[PARSEC] Keeping old run directory.
[PARSEC] Running 'time /home/fs71695/maxmue/Benchmarks/parsec/ext/splash2x/kernels/fft/inst/amd64-linux.gcc-pthreads/bin/run.sh 4 native':
[PARSEC] Running 'time /home/fs71695/maxmue/Benchmarks/parsec/ext/splash2x/kernels/fft/inst/amd64-linux.gcc-pthreads/bin/run.sh 4 native':
[PARSEC] Benchmarks to run:  splash2x.fft
[PARSEC] Running 'time /home/fs71695/maxmue/Benchmarks/parsec/ext/splash2x/kernels/fft/inst/amd64-linux.gcc-pthreads/bin/run.sh 4 native':
[PARSEC] Keeping old run directory.
[PARSEC] Running 'time /home/fs71695/maxmue/Benchmarks/parsec/ext/splash2x/kernels/fft/inst/amd64-linux.gcc-pthreads/bin/run.sh 4 native':
[PARSEC] [========== Running benchmark splash2x.fft [1] ==========]
[PARSEC] [========== Running benchmark splash2x.fft [1] ==========]
[PARSEC] [---------- Beginning of output ----------]
[PARSEC] Keeping old run directory.
[PARSEC] Running 'time /home/fs71695/maxmue/Benchmarks/parsec/ext/splash2x/kernels/fft/inst/amd64-linux.gcc-pthreads/bin/run.sh 4 native':
[PARSEC] Keeping old run directory.
[PARSEC] [---------- Beginning of output ----------]
[PARSEC] Keeping old run directory.
[PARSEC] Keeping old run directory.
[PARSEC] [---------- Beginning of output ----------]

[PARSEC] [---------- Beginning of output ----------]
[PARSEC] Running 'time /home/fs71695/maxmue/Benchmarks/parsec/ext/splash2x/kernels/fft/inst/amd64-linux.gcc-pthreads/bin/run.sh 4 native':
[PARSEC] [---------- Beginning of output ----------]
[PARSEC] Running 'time /home/fs71695/maxmue/Benchmarks/parsec/ext/splash2x/kernels/fft/inst/amd64-linux.gcc-pthreads/bin/run.sh 4 native':
[PARSEC] Running 'time /home/fs71695/maxmue/Benchmarks/parsec/ext/splash2x/kernels/fft/inst/amd64-linux.gcc-pthreads/bin/run.sh 4 native':
[PARSEC] Running 'time /home/fs71695/maxmue/Benchmarks/parsec/ext/splash2x/kernels/fft/inst/amd64-linux.gcc-pthreads/bin/run.sh 4 native':
[PARSEC] [========== Running benchmark splash2x.fft [1] ==========]
[PARSEC] Keeping old run directory.
[PARSEC] [---------- Beginning of output ----------]
[PARSEC] Running 'time /home/fs71695/maxmue/Benchmarks/parsec/ext/splash2x/kernels/fft/inst/amd64-linux.gcc-pthreads/bin/run.sh 4 native':
Generating input file ...
Running /home/fs71695/maxmue/Benchmarks/parsec/ext/splash2x/kernels/fft/inst/amd64-linux.gcc-pthreads/bin/fft -m28 -p4:
[PARSEC] [---------- Beginning of output ----------]
[PARSEC] Keeping old run directory.
[PARSEC] [---------- Beginning of output ----------]
Generating input file ...
Running /home/fs71695/maxmue/Benchmarks/parsec/ext/splash2x/kernels/fft/inst/amd64-linux.gcc-pthreads/bin/fft -m28 -p4:
[PARSEC] [---------- Beginning of output ----------]
Generating input file ...
Running /home/fs71695/maxmue/Benchmarks/parsec/ext/splash2x/kernels/fft/inst/amd64-linux.gcc-pthreads/bin/fft -m28 -p4:
Generating input file ...
Running /home/fs71695/maxmue/Benchmarks/parsec/ext/splash2x/kernels/fft/inst/amd64-linux.gcc-pthreads/bin/fft -m28 -p4:
[PARSEC] [---------- Beginning of output ----------]
[PARSEC] Running 'time /home/fs71695/maxmue/Benchmarks/parsec/ext/splash2x/kernels/fft/inst/amd64-linux.gcc-pthreads/bin/run.sh 4 native':
Generating input file ...
Running /home/fs71695/maxmue/Benchmarks/parsec/ext/splash2x/kernels/fft/inst/amd64-linux.gcc-pthreads/bin/fft -m28 -p4:
[PARSEC] Running 'time /home/fs71695/maxmue/Benchmarks/parsec/ext/splash2x/kernels/fft/inst/amd64-linux.gcc-pthreads/bin/run.sh 4 native':
[PARSEC] [---------- Beginning of output ----------]
Generating input file ...
Running /home/fs71695/maxmue/Benchmarks/parsec/ext/splash2x/kernels/fft/inst/amd64-linux.gcc-pthreads/bin/fft -m28 -p4:
[PARSEC] Keeping old run directory.
Generating input file ...
Running /home/fs71695/maxmue/Benchmarks/parsec/ext/splash2x/kernels/fft/inst/amd64-linux.gcc-pthreads/bin/fft -m28 -p4:
Generating input file ...
Running /home/fs71695/maxmue/Benchmarks/parsec/ext/splash2x/kernels/fft/inst/amd64-linux.gcc-pthreads/bin/fft -m28 -p4:
Generating input file ...
Running /home/fs71695/maxmue/Benchmarks/parsec/ext/splash2x/kernels/fft/inst/amd64-linux.gcc-pthreads/bin/fft -m28 -p4:
[PARSEC] [---------- Beginning of output ----------]
Generating input file ...
Running /home/fs71695/maxmue/Benchmarks/parsec/ext/splash2x/kernels/fft/inst/amd64-linux.gcc-pthreads/bin/fft -m28 -p4:
[PARSEC] Running 'time /home/fs71695/maxmue/Benchmarks/parsec/ext/splash2x/kernels/fft/inst/amd64-linux.gcc-pthreads/bin/run.sh 4 native':
Generating input file ...
Running /home/fs71695/maxmue/Benchmarks/parsec/ext/splash2x/kernels/fft/inst/amd64-linux.gcc-pthreads/bin/fft -m28 -p4:
[PARSEC] [---------- Beginning of output ----------]
Generating input file ...
Running /home/fs71695/maxmue/Benchmarks/parsec/ext/splash2x/kernels/fft/inst/amd64-linux.gcc-pthreads/bin/fft -m28 -p4:
Generating input file ...
Running /home/fs71695/maxmue/Benchmarks/parsec/ext/splash2x/kernels/fft/inst/amd64-linux.gcc-pthreads/bin/fft -m28 -p4:

FFT with Blocking Transpose
   268435456 Complex Doubles
   4 Processors
   65536 Cache lines
   16 Byte line size
   4096 Bytes per page

iter_num = 4096
iter_num = 4096
iter_num = 4096
iter_num = 4096
Transpose: iter_num = 0
Transpose: iter_num = 16777216
Transpose: iter_num = 33554432
Transpose: iter_num = 50331648
FFt1DOnce: iter_num = 114688
Step 1:  1852912
Transpose: iter_num = 0
Step 2:  2917245
Transpose: iter_num = 16777216
Transpose: iter_num = 33554432
Transpose: iter_num = 50331648
Step 3:   860002
Step 4:  2433602
Transpose: iter_num = 0
Transpose: iter_num = 16777216
Transpose: iter_num = 33554432
Transpose: iter_num = 50331648
Step 5:   445286

                 PROCESS STATISTICS
            Computation      Transpose     Transpose
 Proc          Time            Time        Fraction
    0           8511480        3158200       0.37105

                 TIMING INFORMATION
Start time                        : 1673826534907436
Initialization finish time        : 1673826544361578
Overall finish time               : 1673826552873058
Total time with initialization    :         17965622
Total time without initialization :          8511480
Overall transpose time            :          3158200
Overall transpose fraction        :          0.37105


real	0m18.030s
user	0m39.810s
sys	0m3.067s
[PARSEC] [----------    End of output    ----------]
[PARSEC]
[PARSEC] BIBLIOGRAPHY
[PARSEC]
[PARSEC] [1] Woo et al. The SPLASH-2 Programs: Characterization and Methodological Considerations. ISCA, 1995.
[PARSEC]
[PARSEC] Done.

FFT with Blocking Transpose
   268435456 Complex Doubles
   4 Processors
   65536 Cache lines
   16 Byte line size
   4096 Bytes per page

iter_num = 4096
iter_num = 4096
iter_num = 4096
iter_num = 4096
Transpose: iter_num = 0
Transpose: iter_num = 16777216
Transpose: iter_num = 33554432
Transpose: iter_num = 50331648
FFt1DOnce: iter_num = 114688
Step 1:  1953107
Step 2:  2979247
Transpose: iter_num = 0
Transpose: iter_num = 16777216
Transpose: iter_num = 33554432
Transpose: iter_num = 50331648
Step 3:   811414
Step 4:  2433164
Transpose: iter_num = 0
Transpose: iter_num = 16777216
Transpose: iter_num = 33554432
Transpose: iter_num = 50331648
Step 5:   415542

                 PROCESS STATISTICS
            Computation      Transpose     Transpose
 Proc          Time            Time        Fraction
    0           8595001        3180063       0.36999

                 TIMING INFORMATION
Start time                        : 1673826534867460
Initialization finish time        : 1673826544365670
Overall finish time               : 1673826552960671
Total time with initialization    :         18093211
Total time without initialization :          8595001
Overall transpose time            :          3180063
Overall transpose fraction        :          0.36999


real	0m18.123s
user	0m40.514s
sys	0m2.903s
[PARSEC] [----------    End of output    ----------]
[PARSEC]
[PARSEC] BIBLIOGRAPHY
[PARSEC]
[PARSEC] [1] Woo et al. The SPLASH-2 Programs: Characterization and Methodological Considerations. ISCA, 1995.
[PARSEC]
[PARSEC] Done.

FFT with Blocking Transpose
   268435456 Complex Doubles
   4 Processors
   65536 Cache lines
   16 Byte line size
   4096 Bytes per page

iter_num = 4096
iter_num = 4096
iter_num = 4096
iter_num = 4096
Transpose: iter_num = 0
Transpose: iter_num = 16777216
Transpose: iter_num = 33554432
Transpose: iter_num = 50331648
FFt1DOnce: iter_num = 114688
Step 1:  2065250
Step 2:  2880817
Transpose: iter_num = 0
Transpose: iter_num = 16777216
Transpose: iter_num = 33554432
Transpose: iter_num = 50331648
Step 3:   969021
Transpose: iter_num = 0
Step 4:  2203019
Transpose: iter_num = 16777216
Transpose: iter_num = 33554432
Transpose: iter_num = 50331648
Step 5:   720487

                 PROCESS STATISTICS
            Computation      Transpose     Transpose
 Proc          Time            Time        Fraction
    0           8867395        3754758       0.42343

                 TIMING INFORMATION
Start time                        : 1673826534948843
Initialization finish time        : 1673826544357996
Overall finish time               : 1673826553225391
Total time with initialization    :         18276548
Total time without initialization :          8867395
Overall transpose time            :          3754758
Overall transpose fraction        :          0.42343


real	0m18.384s
user	0m40.203s
sys	0m4.027s
[PARSEC] [----------    End of output    ----------]
[PARSEC]
[PARSEC] BIBLIOGRAPHY
[PARSEC]
[PARSEC] [1] Woo et al. The SPLASH-2 Programs: Characterization and Methodological Considerations. ISCA, 1995.
[PARSEC]
[PARSEC] Done.

FFT with Blocking Transpose
   268435456 Complex Doubles
   4 Processors
   65536 Cache lines
   16 Byte line size
   4096 Bytes per page

iter_num = 4096
iter_num = 4096
iter_num = 4096
iter_num = 4096
Transpose: iter_num = 0
Transpose: iter_num = 16777216
Transpose: iter_num = 33554432
Transpose: iter_num = 50331648
FFt1DOnce: iter_num = 114688
Step 1:  1969819
Transpose: iter_num = 0
Step 2:  2961756
Transpose: iter_num = 16777216
Transpose: iter_num = 33554432
Transpose: iter_num = 50331648
Step 3:  1036995
Step 4:  2267328
Transpose: iter_num = 0
Transpose: iter_num = 16777216
Transpose: iter_num = 33554432
Transpose: iter_num = 50331648
Step 5:   916528

                 PROCESS STATISTICS
            Computation      Transpose     Transpose
 Proc          Time            Time        Fraction
    0           9152493        3923342       0.42866

                 TIMING INFORMATION
Start time                        : 1673826534925575
Initialization finish time        : 1673826544359825
Overall finish time               : 1673826553512318
Total time with initialization    :         18586743
Total time without initialization :          9152493
Overall transpose time            :          3923342
Overall transpose fraction        :          0.42866


real	0m18.663s
user	0m40.998s
sys	0m3.925s
[PARSEC] [----------    End of output    ----------]
[PARSEC]
[PARSEC] BIBLIOGRAPHY
[PARSEC]
[PARSEC] [1] Woo et al. The SPLASH-2 Programs: Characterization and Methodological Considerations. ISCA, 1995.
[PARSEC]
[PARSEC] Done.

FFT with Blocking Transpose
   268435456 Complex Doubles
   4 Processors
   65536 Cache lines
   16 Byte line size
   4096 Bytes per page

iter_num = 4096
iter_num = 4096
iter_num = 4096
iter_num = 4096
Transpose: iter_num = 0
Transpose: iter_num = 16777216
Transpose: iter_num = 33554432
Transpose: iter_num = 50331648
FFt1DOnce: iter_num = 114688
Step 1:  2119383
Transpose: iter_num = 0
Step 2:  2853515
Transpose: iter_num = 16777216
Transpose: iter_num = 33554432
Transpose: iter_num = 50331648
Step 3:  1178438
Step 4:  2197600
Transpose: iter_num = 0
Transpose: iter_num = 16777216
Transpose: iter_num = 33554432
Transpose: iter_num = 50331648
Step 5:   923348

                 PROCESS STATISTICS
            Computation      Transpose     Transpose
 Proc          Time            Time        Fraction
    0           9273112        4221169       0.45521

                 TIMING INFORMATION
Start time                        : 1673826534863564
Initialization finish time        : 1673826544361960
Overall finish time               : 1673826553635072
Total time with initialization    :         18771508
Total time without initialization :          9273112
Overall transpose time            :          4221169
Overall transpose fraction        :          0.45521


FFT with Blocking Transpose
   268435456 Complex Doubles
   4 Processors
   65536 Cache lines
   16 Byte line size
   4096 Bytes per page

iter_num = 4096
iter_num = 4096
iter_num = 4096
iter_num = 4096
Transpose: iter_num = 0
Transpose: iter_num = 16777216
Transpose: iter_num = 33554432
Transpose: iter_num = 50331648
FFt1DOnce: iter_num = 114688
Step 1:  1976514
Step 2:  2875248
Transpose: iter_num = 0
Transpose: iter_num = 16777216
Transpose: iter_num = 33554432
Transpose: iter_num = 50331648
Step 3:  1122924
Transpose: iter_num = 0
Step 4:  2416680
Transpose: iter_num = 16777216
Transpose: iter_num = 33554432
Transpose: iter_num = 50331648
Step 5:   792194

                 PROCESS STATISTICS
            Computation      Transpose     Transpose
 Proc          Time            Time        Fraction
    0           9183654        3891632       0.42376

                 TIMING INFORMATION
Start time                        : 1673826535012596
Initialization finish time        : 1673826544483601
Overall finish time               : 1673826553667255
Total time with initialization    :         18654659
Total time without initialization :          9183654
Overall transpose time            :          3891632
Overall transpose fraction        :          0.42376


FFT with Blocking Transpose
   268435456 Complex Doubles
   4 Processors
   65536 Cache lines
   16 Byte line size
   4096 Bytes per page

iter_num = 4096
iter_num = 4096
iter_num = 4096
iter_num = 4096
Transpose: iter_num = 0
Transpose: iter_num = 16777216
Transpose: iter_num = 33554432
Transpose: iter_num = 50331648
FFt1DOnce: iter_num = 114688
Step 1:  2152185
Step 2:  2868272
Transpose: iter_num = 0
Transpose: iter_num = 16777216
Transpose: iter_num = 33554432
Transpose: iter_num = 50331648
Step 3:  1125391
Transpose: iter_num = 0
Step 4:  2321529
Transpose: iter_num = 16777216
Transpose: iter_num = 33554432
Transpose: iter_num = 50331648
Step 5:   776957

                 PROCESS STATISTICS
            Computation      Transpose     Transpose
 Proc          Time            Time        Fraction
    0           9248546        4054533       0.43840

                 TIMING INFORMATION
Start time                        : 1673826534980588
Initialization finish time        : 1673826544435282
Overall finish time               : 1673826553683828
Total time with initialization    :         18703240
Total time without initialization :          9248546
Overall transpose time            :          4054533
Overall transpose fraction        :          0.43840


FFT with Blocking Transpose
   268435456 Complex Doubles
   4 Processors
   65536 Cache lines
   16 Byte line size
   4096 Bytes per page

iter_num = 4096
iter_num = 4096
iter_num = 4096
iter_num = 4096
Transpose: iter_num = 0
Transpose: iter_num = 16777216
Transpose: iter_num = 33554432
Transpose: iter_num = 50331648
FFt1DOnce: iter_num = 114688
Step 1:  1984362
Transpose: iter_num = 0
Step 2:  2922557
Transpose: iter_num = 16777216
Transpose: iter_num = 33554432
Transpose: iter_num = 50331648
Step 3:   963416
Step 4:  2468136
Transpose: iter_num = 0
Transpose: iter_num = 16777216
Transpose: iter_num = 33554432
Transpose: iter_num = 50331648
Step 5:   858444

                 PROCESS STATISTICS
            Computation      Transpose     Transpose
 Proc          Time            Time        Fraction
    0           9214777        3806222       0.41306

                 TIMING INFORMATION
Start time                        : 1673826535008942
Initialization finish time        : 1673826544485709
Overall finish time               : 1673826553700486
Total time with initialization    :         18691544
Total time without initialization :          9214777
Overall transpose time            :          3806222
Overall transpose fraction        :          0.41306


real	0m18.861s
user	0m42.016s
sys	0m4.089s

real	0m18.712s
user	0m41.523s
sys	0m4.238s

FFT with Blocking Transpose
   268435456 Complex Doubles
   4 Processors
   65536 Cache lines
   16 Byte line size
   4096 Bytes per page

iter_num = 4096
iter_num = 4096
iter_num = 4096
iter_num = 4096
Transpose: iter_num = 0
Transpose: iter_num = 16777216
Transpose: iter_num = 33554432
Transpose: iter_num = 50331648
FFt1DOnce: iter_num = 114688
Step 1:  2131393
Transpose: iter_num = 0
Step 2:  2877905
Transpose: iter_num = 16777216
Transpose: iter_num = 33554432
Transpose: iter_num = 50331648
Step 3:  1210932
Transpose: iter_num = 0
Step 4:  2199970
Transpose: iter_num = 16777216
Transpose: iter_num = 33554432
Transpose: iter_num = 50331648
Step 5:   955760

                 PROCESS STATISTICS
            Computation      Transpose     Transpose
 Proc          Time            Time        Fraction
    0           9377555        4298085       0.45834

                 TIMING INFORMATION
Start time                        : 1673826534863388
Initialization finish time        : 1673826544343595
Overall finish time               : 1673826553721150
Total time with initialization    :         18857762
Total time without initialization :          9377555
Overall transpose time            :          4298085
Overall transpose fraction        :          0.45834

[PARSEC] [----------    End of output    ----------]
[PARSEC] [----------    End of output    ----------]
[PARSEC]
[PARSEC]
[PARSEC] BIBLIOGRAPHY
[PARSEC] BIBLIOGRAPHY
[PARSEC]
[PARSEC]
[PARSEC] [1] Woo et al. The SPLASH-2 Programs: Characterization and Methodological Considerations. ISCA, 1995.
[PARSEC]
[PARSEC] [1] Woo et al. The SPLASH-2 Programs: Characterization and Methodological Considerations. ISCA, 1995.
[PARSEC]

FFT with Blocking Transpose
   268435456 Complex Doubles
   4 Processors
   65536 Cache lines
   16 Byte line size
   4096 Bytes per page

iter_num = 4096
iter_num = 4096
iter_num = 4096
iter_num = 4096
Transpose: iter_num = 0
Transpose: iter_num = 16777216
Transpose: iter_num = 33554432
Transpose: iter_num = 50331648
Step 1:  2114218
FFt1DOnce: iter_num = 114688
Transpose: iter_num = 0
Step 2:  2903123
Transpose: iter_num = 16777216
Transpose: iter_num = 33554432
Transpose: iter_num = 50331648
Step 3:  1195226
Step 4:  2210937
Transpose: iter_num = 0
Transpose: iter_num = 16777216
Transpose: iter_num = 33554432
Transpose: iter_num = 50331648
Step 5:   950304

                 PROCESS STATISTICS
            Computation      Transpose     Transpose
 Proc          Time            Time        Fraction
    0           9374603        4259748       0.45439

                 TIMING INFORMATION
Start time                        : 1673826534863393
Initialization finish time        : 1673826544351944
Overall finish time               : 1673826553726547
Total time with initialization    :         18863154
Total time without initialization :          9374603
Overall transpose time            :          4259748
Overall transpose fraction        :          0.45439


FFT with Blocking Transpose
   268435456 Complex Doubles
   4 Processors
   65536 Cache lines
   16 Byte line size
   4096 Bytes per page

iter_num = 4096
iter_num = 4096
iter_num = 4096
iter_num = 4096
Transpose: iter_num = 0
Transpose: iter_num = 16777216
Transpose: iter_num = 33554432
Transpose: iter_num = 50331648
FFt1DOnce: iter_num = 114688
Step 1:  2001815
Transpose: iter_num = 0
Step 2:  2928804
Transpose: iter_num = 16777216
Transpose: iter_num = 33554432
Transpose: iter_num = 50331648
Step 3:   996076
Step 4:  2574677
Transpose: iter_num = 0
Transpose: iter_num = 16777216
Transpose: iter_num = 33554432
Transpose: iter_num = 50331648
Step 5:   829290

                 PROCESS STATISTICS
            Computation      Transpose     Transpose
 Proc          Time            Time        Fraction
    0           9336776        3827181       0.40990

                 TIMING INFORMATION
Start time                        : 1673826534932786
Initialization finish time        : 1673826544390714
Overall finish time               : 1673826553727490
Total time with initialization    :         18794704
Total time without initialization :          9336776
Overall transpose time            :          3827181
Overall transpose fraction        :          0.40990

[PARSEC] Done.
[PARSEC] Done.

real	0m18.736s
user	0m41.083s
sys	0m4.118s
[PARSEC] [----------    End of output    ----------]
[PARSEC]
[PARSEC] BIBLIOGRAPHY
[PARSEC]
[PARSEC] [1] Woo et al. The SPLASH-2 Programs: Characterization and Methodological Considerations. ISCA, 1995.
[PARSEC]

real	0m18.899s
user	0m42.529s
sys	0m3.939s
[PARSEC] Done.
[PARSEC] [----------    End of output    ----------]
[PARSEC]
[PARSEC] BIBLIOGRAPHY
[PARSEC]
[PARSEC] [1] Woo et al. The SPLASH-2 Programs: Characterization and Methodological Considerations. ISCA, 1995.
[PARSEC]
[PARSEC] Done.

real	0m18.909s
user	0m42.362s
sys	0m4.016s
[PARSEC] [----------    End of output    ----------]
[PARSEC]
[PARSEC] BIBLIOGRAPHY
[PARSEC]
[PARSEC] [1] Woo et al. The SPLASH-2 Programs: Characterization and Methodological Considerations. ISCA, 1995.
[PARSEC]

real	0m18.837s
user	0m41.191s
sys	0m3.950s
[PARSEC] Done.
[PARSEC] [----------    End of output    ----------]
[PARSEC]
[PARSEC] BIBLIOGRAPHY
[PARSEC]
[PARSEC] [1] Woo et al. The SPLASH-2 Programs: Characterization and Methodological Considerations. ISCA, 1995.
[PARSEC]
[PARSEC] Done.

real	0m18.834s
user	0m42.179s
sys	0m3.839s
[PARSEC] [----------    End of output    ----------]
[PARSEC]
[PARSEC] BIBLIOGRAPHY
[PARSEC]
[PARSEC] [1] Woo et al. The SPLASH-2 Programs: Characterization and Methodological Considerations. ISCA, 1995.
[PARSEC]

FFT with Blocking Transpose
   268435456 Complex Doubles
   4 Processors
   65536 Cache lines
   16 Byte line size
   4096 Bytes per page

iter_num = 4096
iter_num = 4096
iter_num = 4096
iter_num = 4096
Transpose: iter_num = 0
Transpose: iter_num = 16777216
Transpose: iter_num = 33554432
Transpose: iter_num = 50331648
Step 1:  2112479
FFt1DOnce: iter_num = 114688
Step 2:  2809528
Transpose: iter_num = 0
Transpose: iter_num = 16777216
Transpose: iter_num = 33554432
Transpose: iter_num = 50331648
Step 3:  1201994
Step 4:  2379797
Transpose: iter_num = 0
Transpose: iter_num = 16777216
Transpose: iter_num = 33554432
Transpose: iter_num = 50331648
Step 5:   862840

                 PROCESS STATISTICS
            Computation      Transpose     Transpose
 Proc          Time            Time        Fraction
    0           9367388        4177313       0.44594

                 TIMING INFORMATION
Start time                        : 1673826534990204
Initialization finish time        : 1673826544446395
Overall finish time               : 1673826553813783
Total time with initialization    :         18823579
Total time without initialization :          9367388
Overall transpose time            :          4177313
Overall transpose fraction        :          0.44594

[PARSEC] Done.

FFT with Blocking Transpose
   268435456 Complex Doubles
   4 Processors
   65536 Cache lines
   16 Byte line size
   4096 Bytes per page

iter_num = 4096
iter_num = 4096
iter_num = 4096
iter_num = 4096
Transpose: iter_num = 0
Transpose: iter_num = 16777216
Transpose: iter_num = 33554432
Transpose: iter_num = 50331648
FFt1DOnce: iter_num = 114688
Step 1:  2093575
Transpose: iter_num = 0
Step 2:  2810871
Transpose: iter_num = 16777216
Transpose: iter_num = 33554432
Transpose: iter_num = 50331648
Step 3:  1185235
Step 4:  2384932
Transpose: iter_num = 0
Transpose: iter_num = 16777216
Transpose: iter_num = 33554432
Transpose: iter_num = 50331648
Step 5:   854298

                 PROCESS STATISTICS
            Computation      Transpose     Transpose
 Proc          Time            Time        Fraction
    0           9328995        4133108       0.44304

                 TIMING INFORMATION
Start time                        : 1673826535017904
Initialization finish time        : 1673826544489943
Overall finish time               : 1673826553818938
Total time with initialization    :         18801034
Total time without initialization :          9328995
Overall transpose time            :          4133108
Overall transpose fraction        :          0.44304


real	0m18.856s
user	0m41.812s
sys	0m4.617s
[PARSEC] [----------    End of output    ----------]
[PARSEC]
[PARSEC] BIBLIOGRAPHY
[PARSEC]
[PARSEC] [1] Woo et al. The SPLASH-2 Programs: Characterization and Methodological Considerations. ISCA, 1995.
[PARSEC]

real	0m18.832s
user	0m41.468s
sys	0m4.554s
[PARSEC] Done.
[PARSEC] [----------    End of output    ----------]
[PARSEC]
[PARSEC] BIBLIOGRAPHY
[PARSEC]
[PARSEC] [1] Woo et al. The SPLASH-2 Programs: Characterization and Methodological Considerations. ISCA, 1995.
[PARSEC]
[PARSEC] Done.

FFT with Blocking Transpose
   268435456 Complex Doubles
   4 Processors
   65536 Cache lines
   16 Byte line size
   4096 Bytes per page

iter_num = 4096
iter_num = 4096
iter_num = 4096
iter_num = 4096
Transpose: iter_num = 0
Transpose: iter_num = 16777216
Transpose: iter_num = 33554432
Transpose: iter_num = 50331648
FFt1DOnce: iter_num = 114688
Step 1:  2090922
Transpose: iter_num = 0
Step 2:  2965371
Transpose: iter_num = 16777216
Transpose: iter_num = 33554432
Transpose: iter_num = 50331648
Step 3:  1154923
Transpose: iter_num = 0
Step 4:  2361851
Transpose: iter_num = 16777216
Transpose: iter_num = 33554432
Transpose: iter_num = 50331648
Step 5:   920700

                 PROCESS STATISTICS
            Computation      Transpose     Transpose
 Proc          Time            Time        Fraction
    0           9524305        4166545       0.43746

                 TIMING INFORMATION
Start time                        : 1673826535001999
Initialization finish time        : 1673826544474937
Overall finish time               : 1673826553999242
Total time with initialization    :         18997243
Total time without initialization :          9524305
Overall transpose time            :          4166545
Overall transpose fraction        :          0.43746


real	0m19.032s
user	0m43.073s
sys	0m3.924s
[PARSEC] [----------    End of output    ----------]
[PARSEC]
[PARSEC] BIBLIOGRAPHY
[PARSEC]
[PARSEC] [1] Woo et al. The SPLASH-2 Programs: Characterization and Methodological Considerations. ISCA, 1995.
[PARSEC]
[PARSEC] Done.

FFT with Blocking Transpose
   268435456 Complex Doubles
   4 Processors
   65536 Cache lines
   16 Byte line size
   4096 Bytes per page

iter_num = 4096
iter_num = 4096
iter_num = 4096
iter_num = 4096
Transpose: iter_num = 0
Transpose: iter_num = 16777216
Transpose: iter_num = 33554432
Transpose: iter_num = 50331648
FFt1DOnce: iter_num = 114688
Step 1:  2089409
Transpose: iter_num = 0
Step 2:  2971067
Transpose: iter_num = 16777216
Transpose: iter_num = 33554432
Transpose: iter_num = 50331648
Step 3:  1140100
Transpose: iter_num = 0
Step 4:  2367486
Transpose: iter_num = 16777216
Transpose: iter_num = 33554432
Transpose: iter_num = 50331648
Step 5:   927346

                 PROCESS STATISTICS
            Computation      Transpose     Transpose
 Proc          Time            Time        Fraction
    0           9540074        4156855       0.43573

                 TIMING INFORMATION
Start time                        : 1673826535013977
Initialization finish time        : 1673826544498705
Overall finish time               : 1673826554038779
Total time with initialization    :         19024802
Total time without initialization :          9540074
Overall transpose time            :          4156855
Overall transpose fraction        :          0.43573


FFT with Blocking Transpose
   268435456 Complex Doubles
   4 Processors
   65536 Cache lines
   16 Byte line size
   4096 Bytes per page

iter_num = 4096
iter_num = 4096
iter_num = 4096
iter_num = 4096
Transpose: iter_num = 0
Transpose: iter_num = 16777216
Transpose: iter_num = 33554432
Transpose: iter_num = 50331648
FFt1DOnce: iter_num = 114688
Step 1:  2059119
Step 2:  2950708
Transpose: iter_num = 0
Transpose: iter_num = 16777216
Transpose: iter_num = 33554432
Transpose: iter_num = 50331648
Step 3:  1124059
Step 4:  2402981
Transpose: iter_num = 0
Transpose: iter_num = 16777216
Transpose: iter_num = 33554432
Transpose: iter_num = 50331648
Step 5:   975084

                 PROCESS STATISTICS
            Computation      Transpose     Transpose
 Proc          Time            Time        Fraction
    0           9515265        4158262       0.43701

                 TIMING INFORMATION
Start time                        : 1673826535011213
Initialization finish time        : 1673826544538900
Overall finish time               : 1673826554054165
Total time with initialization    :         19042952
Total time without initialization :          9515265
Overall transpose time            :          4158262
Overall transpose fraction        :          0.43701


real	0m19.056s
user	0m43.040s
sys	0m3.970s
[PARSEC] [----------    End of output    ----------]
[PARSEC]
[PARSEC] BIBLIOGRAPHY
[PARSEC]
[PARSEC] [1] Woo et al. The SPLASH-2 Programs: Characterization and Methodological Considerations. ISCA, 1995.
[PARSEC]
[PARSEC] Done.

real	0m19.077s
user	0m42.966s
sys	0m4.052s
[PARSEC] [----------    End of output    ----------]
[PARSEC]
[PARSEC] BIBLIOGRAPHY
[PARSEC]
[PARSEC] [1] Woo et al. The SPLASH-2 Programs: Characterization and Methodological Considerations. ISCA, 1995.
[PARSEC]
[PARSEC] Done.

FFT with Blocking Transpose
   268435456 Complex Doubles
   4 Processors
   65536 Cache lines
   16 Byte line size
   4096 Bytes per page

iter_num = 4096
iter_num = 4096
iter_num = 4096
iter_num = 4096
Transpose: iter_num = 0
Transpose: iter_num = 16777216
Transpose: iter_num = 33554432
Transpose: iter_num = 50331648
FFt1DOnce: iter_num = 114688
Step 1:  2188658
Transpose: iter_num = 0
Step 2:  2873702
Transpose: iter_num = 16777216
Transpose: iter_num = 33554432
Transpose: iter_num = 50331648
Step 3:  1308058
Transpose: iter_num = 0
Step 4:  2285078
Transpose: iter_num = 16777216
Transpose: iter_num = 33554432
Transpose: iter_num = 50331648
Step 5:  1033169

                 PROCESS STATISTICS
            Computation      Transpose     Transpose
 Proc          Time            Time        Fraction
    0           9691977        4529885       0.46739

                 TIMING INFORMATION
Start time                        : 1673826535011545
Initialization finish time        : 1673826544445513
Overall finish time               : 1673826554137490
Total time with initialization    :         19125945
Total time without initialization :          9691977
Overall transpose time            :          4529885
Overall transpose fraction        :          0.46739


real	0m19.207s
user	0m43.854s
sys	0m3.948s
[PARSEC] [----------    End of output    ----------]
[PARSEC]
[PARSEC] BIBLIOGRAPHY
[PARSEC]
[PARSEC] [1] Woo et al. The SPLASH-2 Programs: Characterization and Methodological Considerations. ISCA, 1995.
[PARSEC]
[PARSEC] Done.

FFT with Blocking Transpose
   268435456 Complex Doubles
   4 Processors
   65536 Cache lines
   16 Byte line size
   4096 Bytes per page

iter_num = 4096
iter_num = 4096
iter_num = 4096
iter_num = 4096
Transpose: iter_num = 0
Transpose: iter_num = 16777216
Transpose: iter_num = 33554432
Transpose: iter_num = 50331648
FFt1DOnce: iter_num = 114688
Step 1:  2196128
Transpose: iter_num = 0
Step 2:  2851831
Transpose: iter_num = 16777216
Transpose: iter_num = 33554432
Transpose: iter_num = 50331648
Step 3:  1291192
Step 4:  2200278
Transpose: iter_num = 0
Transpose: iter_num = 16777216
Transpose: iter_num = 33554432
Transpose: iter_num = 50331648
Step 5:  1255456

                 PROCESS STATISTICS
            Computation      Transpose     Transpose
 Proc          Time            Time        Fraction
    0           9794970        4742776       0.48421

                 TIMING INFORMATION
Start time                        : 1673826535001893
Initialization finish time        : 1673826544460151
Overall finish time               : 1673826554255121
Total time with initialization    :         19253228
Total time without initialization :          9794970
Overall transpose time            :          4742776
Overall transpose fraction        :          0.48421


FFT with Blocking Transpose
   268435456 Complex Doubles
   4 Processors
   65536 Cache lines
   16 Byte line size
   4096 Bytes per page

iter_num = 4096
iter_num = 4096
iter_num = 4096
iter_num = 4096
Transpose: iter_num = 0
Transpose: iter_num = 16777216
Transpose: iter_num = 33554432
Transpose: iter_num = 50331648
FFt1DOnce: iter_num = 114688
Step 1:  2178982
Step 2:  2854519
Transpose: iter_num = 0
Transpose: iter_num = 16777216
Transpose: iter_num = 33554432
Transpose: iter_num = 50331648
Step 3:  1285109
Step 4:  2211771
Transpose: iter_num = 0
Transpose: iter_num = 16777216
Transpose: iter_num = 33554432
Transpose: iter_num = 50331648
Step 5:  1249386

                 PROCESS STATISTICS
            Computation      Transpose     Transpose
 Proc          Time            Time        Fraction
    0           9779869        4713477       0.48196

                 TIMING INFORMATION
Start time                        : 1673826535015221
Initialization finish time        : 1673826544485330
Overall finish time               : 1673826554265199
Total time with initialization    :         19249978
Total time without initialization :          9779869
Overall transpose time            :          4713477
Overall transpose fraction        :          0.48196


real	0m19.307s
user	0m44.047s
sys	0m4.176s
[PARSEC] [----------    End of output    ----------]
[PARSEC]
[PARSEC] BIBLIOGRAPHY
[PARSEC]
[PARSEC] [1] Woo et al. The SPLASH-2 Programs: Characterization and Methodological Considerations. ISCA, 1995.
[PARSEC]
[PARSEC] Done.

real	0m19.300s
user	0m43.399s
sys	0m4.237s
[PARSEC] [----------    End of output    ----------]

FFT with Blocking Transpose
   268435456 Complex Doubles
   4 Processors
   65536 Cache lines
   16 Byte line size
   4096 Bytes per page

iter_num = 4096
iter_num = 4096
iter_num = 4096
iter_num = 4096
Transpose: iter_num = 0
Transpose: iter_num = 16777216
Transpose: iter_num = 33554432
Transpose: iter_num = 50331648
FFt1DOnce: iter_num = 114688
Step 1:  2154468
Transpose: iter_num = 0
Step 2:  2861404
Transpose: iter_num = 16777216
Transpose: iter_num = 33554432
Transpose: iter_num = 50331648
Step 3:  1288252
Transpose: iter_num = 0
Step 4:  2213759
Transpose: iter_num = 16777216
Transpose: iter_num = 33554432
Transpose: iter_num = 50331648
Step 5:  1346707

                 PROCESS STATISTICS
            Computation      Transpose     Transpose
 Proc          Time            Time        Fraction
    0           9865057        4789427       0.48549

                 TIMING INFORMATION
Start time                        : 1673826534992851
Initialization finish time        : 1673826544449263
Overall finish time               : 1673826554314320
Total time with initialization    :         19321469
Total time without initialization :          9865057
Overall transpose time            :          4789427
Overall transpose fraction        :          0.48549

[PARSEC]
[PARSEC] BIBLIOGRAPHY
[PARSEC]
[PARSEC] [1] Woo et al. The SPLASH-2 Programs: Characterization and Methodological Considerations. ISCA, 1995.
[PARSEC]
[PARSEC] Done.

FFT with Blocking Transpose
   268435456 Complex Doubles
   4 Processors
   65536 Cache lines
   16 Byte line size
   4096 Bytes per page

iter_num = 4096
iter_num = 4096
iter_num = 4096
iter_num = 4096
Transpose: iter_num = 0
Transpose: iter_num = 16777216
Transpose: iter_num = 33554432
Transpose: iter_num = 50331648
FFt1DOnce: iter_num = 114688
Step 1:  2157301
Transpose: iter_num = 0
Step 2:  2843931
Transpose: iter_num = 16777216
Transpose: iter_num = 33554432
Transpose: iter_num = 50331648
Step 3:  1290658
Transpose: iter_num = 0
Step 4:  2209746
Transpose: iter_num = 16777216
Transpose: iter_num = 33554432
Transpose: iter_num = 50331648
Step 5:  1341842

                 PROCESS STATISTICS
            Computation      Transpose     Transpose
 Proc          Time            Time        Fraction
    0           9844116        4789801       0.48656

                 TIMING INFORMATION
Start time                        : 1673826535008775
Initialization finish time        : 1673826544474431
Overall finish time               : 1673826554318547
Total time with initialization    :         19309772
Total time without initialization :          9844116
Overall transpose time            :          4789801
Overall transpose fraction        :          0.48656


FFT with Blocking Transpose
   268435456 Complex Doubles
   4 Processors
   65536 Cache lines
   16 Byte line size
   4096 Bytes per page

iter_num = 4096
iter_num = 4096
iter_num = 4096
iter_num = 4096
Transpose: iter_num = 0
Transpose: iter_num = 16777216
Transpose: iter_num = 33554432
Transpose: iter_num = 50331648
FFt1DOnce: iter_num = 114688
Step 1:  2174229
Transpose: iter_num = 0
Step 2:  2920083
Transpose: iter_num = 16777216
Transpose: iter_num = 33554432
Transpose: iter_num = 50331648
Step 3:  1251414
Step 4:  2345252
Transpose: iter_num = 0
Transpose: iter_num = 16777216
Transpose: iter_num = 33554432
Transpose: iter_num = 50331648
Step 5:  1073618

                 PROCESS STATISTICS
            Computation      Transpose     Transpose
 Proc          Time            Time        Fraction
    0           9843468        4499261       0.45708

                 TIMING INFORMATION
Start time                        : 1673826535011624
Initialization finish time        : 1673826544476925
Overall finish time               : 1673826554320393
Total time with initialization    :         19308769
Total time without initialization :          9843468
Overall transpose time            :          4499261
Overall transpose fraction        :          0.45708


FFT with Blocking Transpose
   268435456 Complex Doubles
   4 Processors
   65536 Cache lines
   16 Byte line size
   4096 Bytes per page

iter_num = 4096
iter_num = 4096
iter_num = 4096
iter_num = 4096
Transpose: iter_num = 0
Transpose: iter_num = 16777216
Transpose: iter_num = 33554432
Transpose: iter_num = 50331648
FFt1DOnce: iter_num = 114688
Step 1:  2199472
Step 2:  2896470
Transpose: iter_num = 0
Transpose: iter_num = 16777216
Transpose: iter_num = 33554432
Transpose: iter_num = 50331648
Step 3:  1314543
Transpose: iter_num = 0
Step 4:  2292897
Transpose: iter_num = 16777216
Transpose: iter_num = 33554432
Transpose: iter_num = 50331648
Step 5:  1145907

                 PROCESS STATISTICS
            Computation      Transpose     Transpose
 Proc          Time            Time        Fraction
    0           9850465        4659922       0.47307

                 TIMING INFORMATION
Start time                        : 1673826535009051
Initialization finish time        : 1673826544474294
Overall finish time               : 1673826554324759
Total time with initialization    :         19315708
Total time without initialization :          9850465
Overall transpose time            :          4659922
Overall transpose fraction        :          0.47307


FFT with Blocking Transpose
   268435456 Complex Doubles
   4 Processors
   65536 Cache lines
   16 Byte line size
   4096 Bytes per page

iter_num = 4096
iter_num = 4096
iter_num = 4096
iter_num = 4096
Transpose: iter_num = 0
Transpose: iter_num = 16777216
Transpose: iter_num = 33554432
Transpose: iter_num = 50331648
FFt1DOnce: iter_num = 114688
Step 1:  2206063
Step 2:  2901782
Transpose: iter_num = 0
Transpose: iter_num = 16777216
Transpose: iter_num = 33554432
Transpose: iter_num = 50331648
Step 3:  1304058
Step 4:  2292754
Transpose: iter_num = 0
Transpose: iter_num = 16777216
Transpose: iter_num = 33554432
Transpose: iter_num = 50331648
Step 5:  1141096

                 PROCESS STATISTICS
            Computation      Transpose     Transpose
 Proc          Time            Time        Fraction
    0           9845854        4651217       0.47240

                 TIMING INFORMATION
Start time                        : 1673826535011584
Initialization finish time        : 1673826544480128
Overall finish time               : 1673826554325982
Total time with initialization    :         19314398
Total time without initialization :          9845854
Overall transpose time            :          4651217
Overall transpose fraction        :          0.47240


real	0m19.358s
user	0m44.500s
sys	0m3.929s
[PARSEC] [----------    End of output    ----------]
[PARSEC]
[PARSEC] BIBLIOGRAPHY
[PARSEC]
[PARSEC] [1] Woo et al. The SPLASH-2 Programs: Characterization and Methodological Considerations. ISCA, 1995.
[PARSEC]
[PARSEC] Done.

real	0m19.348s
user	0m44.262s
sys	0m4.036s
[PARSEC] [----------    End of output    ----------]
[PARSEC]
[PARSEC] BIBLIOGRAPHY
[PARSEC]
[PARSEC] [1] Woo et al. The SPLASH-2 Programs: Characterization and Methodological Considerations. ISCA, 1995.
[PARSEC]
[PARSEC] Done.

real	0m19.359s
user	0m43.972s
sys	0m4.113s
[PARSEC] [----------    End of output    ----------]
[PARSEC]
[PARSEC] BIBLIOGRAPHY
[PARSEC]
[PARSEC] [1] Woo et al. The SPLASH-2 Programs: Characterization and Methodological Considerations. ISCA, 1995.
[PARSEC]

real	0m19.365s
user	0m44.235s
sys	0m4.122s

real	0m19.362s
user	0m43.338s
sys	0m4.193s
[PARSEC] Done.
[PARSEC] [----------    End of output    ----------]
[PARSEC] [----------    End of output    ----------]
[PARSEC]
[PARSEC] BIBLIOGRAPHY
[PARSEC]
[PARSEC]
[PARSEC] BIBLIOGRAPHY
[PARSEC]
[PARSEC] [1] Woo et al. The SPLASH-2 Programs: Characterization and Methodological Considerations. ISCA, 1995.
[PARSEC]
[PARSEC] [1] Woo et al. The SPLASH-2 Programs: Characterization and Methodological Considerations. ISCA, 1995.

FFT with Blocking Transpose
   268435456 Complex Doubles
   4 Processors
   65536 Cache lines
   16 Byte line size
   4096 Bytes per page

iter_num = 4096
iter_num = 4096
iter_num = 4096
iter_num = 4096
Transpose: iter_num = 0
Transpose: iter_num = 16777216
Transpose: iter_num = 33554432
Transpose: iter_num = 50331648
FFt1DOnce: iter_num = 114688
Step 1:  2069060
Step 2:  2879560
Transpose: iter_num = 0
Transpose: iter_num = 16777216
Transpose: iter_num = 33554432
Transpose: iter_num = 50331648
Step 3:  1224645
Step 4:  3419545
Transpose: iter_num = 0
Transpose: iter_num = 16777216
Transpose: iter_num = 33554432
Transpose: iter_num = 50331648
Step 5:   314926

                 PROCESS STATISTICS
            Computation      Transpose     Transpose
 Proc          Time            Time        Fraction
    0           9910013        3608631       0.36414

                 TIMING INFORMATION
Start time                        : 1673826534948650
Initialization finish time        : 1673826544463096
Overall finish time               : 1673826554373109
Total time with initialization    :         19424459
Total time without initialization :          9910013
Overall transpose time            :          3608631
Overall transpose fraction        :          0.36414

[PARSEC]
[PARSEC] Done.
[PARSEC] Done.

real	0m19.450s
user	0m40.846s
sys	0m4.099s
[PARSEC] [----------    End of output    ----------]
[PARSEC]
[PARSEC] BIBLIOGRAPHY
[PARSEC]
[PARSEC] [1] Woo et al. The SPLASH-2 Programs: Characterization and Methodological Considerations. ISCA, 1995.
[PARSEC]
[PARSEC] Done.

FFT with Blocking Transpose
   268435456 Complex Doubles
   4 Processors
   65536 Cache lines
   16 Byte line size
   4096 Bytes per page

iter_num = 4096
iter_num = 4096
iter_num = 4096
iter_num = 4096
Transpose: iter_num = 0
Transpose: iter_num = 16777216
Transpose: iter_num = 33554432
Transpose: iter_num = 50331648
FFt1DOnce: iter_num = 114688
Step 1:  2178963
Step 2:  2983707
Transpose: iter_num = 0
Transpose: iter_num = 16777216
Transpose: iter_num = 33554432
Transpose: iter_num = 50331648
Step 3:  1363522
Step 4:  2301626
Transpose: iter_num = 0
Transpose: iter_num = 16777216
Transpose: iter_num = 50331648
Transpose: iter_num = 33554432
Step 5:   755165

                 PROCESS STATISTICS
            Computation      Transpose     Transpose
 Proc          Time            Time        Fraction
    0          10077546        4297650       0.42646

                 TIMING INFORMATION
Start time                        : 1673826535007726
Initialization finish time        : 1673826544433245
Overall finish time               : 1673826554510791
Total time with initialization    :         19503065
Total time without initialization :         10077546
Overall transpose time            :          4297650
Overall transpose fraction        :          0.42646


FFT with Blocking Transpose
   268435456 Complex Doubles
   4 Processors
   65536 Cache lines
   16 Byte line size
   4096 Bytes per page

iter_num = 4096
iter_num = 4096
iter_num = 4096
iter_num = 4096
Transpose: iter_num = 0
Transpose: iter_num = 16777216
Transpose: iter_num = 33554432
Transpose: iter_num = 50331648
FFt1DOnce: iter_num = 114688
Step 1:  2256478
Step 2:  2897111
Transpose: iter_num = 0
Transpose: iter_num = 16777216
Transpose: iter_num = 33554432
Transpose: iter_num = 50331648
Step 3:  1413252
Step 4:  2249250
Transpose: iter_num = 0
Transpose: iter_num = 16777216
Transpose: iter_num = 33554432
Transpose: iter_num = 50331648
Step 5:  1153020

                 PROCESS STATISTICS
            Computation      Transpose     Transpose
 Proc          Time            Time        Fraction
    0          10066678        4822750       0.47908

                 TIMING INFORMATION
Start time                        : 1673826535009602
Initialization finish time        : 1673826544453169
Overall finish time               : 1673826554519847
Total time with initialization    :         19510245
Total time without initialization :         10066678
Overall transpose time            :          4822750
Overall transpose fraction        :          0.47908


FFT with Blocking Transpose
   268435456 Complex Doubles
   4 Processors
   65536 Cache lines
   16 Byte line size
   4096 Bytes per page

iter_num = 4096
iter_num = 4096
iter_num = 4096
iter_num = 4096
Transpose: iter_num = 0
Transpose: iter_num = 16777216
Transpose: iter_num = 33554432
Transpose: iter_num = 50331648
Step 1:  2264451
FFt1DOnce: iter_num = 114688
Transpose: iter_num = 0
Step 2:  2900744
Transpose: iter_num = 16777216
Transpose: iter_num = 33554432
Transpose: iter_num = 50331648
Step 3:  1415448
Step 4:  2251711
Transpose: iter_num = 0
Transpose: iter_num = 16777216
Transpose: iter_num = 33554432
Transpose: iter_num = 50331648
Step 5:  1247592

                 PROCESS STATISTICS
            Computation      Transpose     Transpose
 Proc          Time            Time        Fraction
    0          10082811        4927491       0.48870

                 TIMING INFORMATION
Start time                        : 1673826535001628
Initialization finish time        : 1673826544437275
Overall finish time               : 1673826554520086
Total time with initialization    :         19518458
Total time without initialization :         10082811
Overall transpose time            :          4927491
Overall transpose fraction        :          0.48870


real	0m19.541s
user	0m44.192s
sys	0m3.916s
[PARSEC] [----------    End of output    ----------]
[PARSEC]
[PARSEC] BIBLIOGRAPHY
[PARSEC]
[PARSEC] [1] Woo et al. The SPLASH-2 Programs: Characterization and Methodological Considerations. ISCA, 1995.
[PARSEC]
[PARSEC] Done.

real	0m19.551s
user	0m44.535s
sys	0m4.312s

real	0m19.560s
user	0m44.967s
sys	0m4.333s
[PARSEC] [----------    End of output    ----------]
[PARSEC]
[PARSEC] BIBLIOGRAPHY
[PARSEC]
[PARSEC] [1] Woo et al. The SPLASH-2 Programs: Characterization and Methodological Considerations. ISCA, 1995.
[PARSEC]
[PARSEC] [----------    End of output    ----------]
[PARSEC]
[PARSEC] BIBLIOGRAPHY
[PARSEC]
[PARSEC] [1] Woo et al. The SPLASH-2 Programs: Characterization and Methodological Considerations. ISCA, 1995.
[PARSEC]
[PARSEC] Done.
[PARSEC] Done.

FFT with Blocking Transpose
   268435456 Complex Doubles
   4 Processors
   65536 Cache lines
   16 Byte line size
   4096 Bytes per page

iter_num = 4096
iter_num = 4096
iter_num = 4096
iter_num = 4096
Transpose: iter_num = 0
Transpose: iter_num = 16777216
Transpose: iter_num = 33554432
Transpose: iter_num = 50331648
FFt1DOnce: iter_num = 114688
Step 1:  2458786
Transpose: iter_num = 0
Step 2:  3026633
Transpose: iter_num = 16777216
Transpose: iter_num = 33554432
Transpose: iter_num = 50331648
Step 3:  1394301
Step 4:  2247349
Transpose: iter_num = 0
Transpose: iter_num = 16777216
Transpose: iter_num = 33554432
Transpose: iter_num = 50331648
Step 5:  1227690

                 PROCESS STATISTICS
            Computation      Transpose     Transpose
 Proc          Time            Time        Fraction
    0          10356370        5080777       0.49059

                 TIMING INFORMATION
Start time                        : 1673826534964996
Initialization finish time        : 1673826544404603
Overall finish time               : 1673826554760973
Total time with initialization    :         19795977
Total time without initialization :         10356370
Overall transpose time            :          5080777
Overall transpose fraction        :          0.49059


real	0m19.874s
user	0m46.167s
sys	0m4.240s
[PARSEC] [----------    End of output    ----------]
[PARSEC]
[PARSEC] BIBLIOGRAPHY
[PARSEC]
[PARSEC] [1] Woo et al. The SPLASH-2 Programs: Characterization and Methodological Considerations. ISCA, 1995.
[PARSEC]
[PARSEC] Done.

FFT with Blocking Transpose
   268435456 Complex Doubles
   4 Processors
   65536 Cache lines
   16 Byte line size
   4096 Bytes per page

iter_num = 4096
iter_num = 4096
iter_num = 4096
iter_num = 4096
Transpose: iter_num = 0
Transpose: iter_num = 16777216
Transpose: iter_num = 33554432
Transpose: iter_num = 50331648
FFt1DOnce: iter_num = 114688
Step 1:  2452058
Step 2:  3089333
Transpose: iter_num = 0
Transpose: iter_num = 16777216
Transpose: iter_num = 33554432
Transpose: iter_num = 50331648
Step 3:  1419199
Step 4:  2261390
Transpose: iter_num = 0
Transpose: iter_num = 16777216
Transpose: iter_num = 33554432
Transpose: iter_num = 50331648
Step 5:  1043942

                 PROCESS STATISTICS
            Computation      Transpose     Transpose
 Proc          Time            Time        Fraction
    0          10537609        4915199       0.46644

                 TIMING INFORMATION
Start time                        : 1673826534953583
Initialization finish time        : 1673826544392520
Overall finish time               : 1673826554930129
Total time with initialization    :         19976546
Total time without initialization :         10537609
Overall transpose time            :          4915199
Overall transpose fraction        :          0.46644


FFT with Blocking Transpose
   268435456 Complex Doubles
   4 Processors
   65536 Cache lines
   16 Byte line size
   4096 Bytes per page

iter_num = 4096
iter_num = 4096
iter_num = 4096
iter_num = 4096
Transpose: iter_num = 0
Transpose: iter_num = 16777216
Transpose: iter_num = 33554432
Transpose: iter_num = 50331648
Step 1:  2476543
FFt1DOnce: iter_num = 114688
Transpose: iter_num = 0
Step 2:  3068204
Transpose: iter_num = 16777216
Transpose: iter_num = 33554432
Transpose: iter_num = 50331648
Step 3:  1419311
Transpose: iter_num = 0
Step 4:  2263734
Transpose: iter_num = 16777216
Transpose: iter_num = 33554432
Transpose: iter_num = 50331648
Step 5:  1233197

                 PROCESS STATISTICS
            Computation      Transpose     Transpose
 Proc          Time            Time        Fraction
    0          10573291        5129051       0.48510

                 TIMING INFORMATION
Start time                        : 1673826534951596
Initialization finish time        : 1673826544393617
Overall finish time               : 1673826554966908
Total time with initialization    :         20015312
Total time without initialization :         10573291
Overall transpose time            :          5129051
Overall transpose fraction        :          0.48510


real	0m20.018s
user	0m45.649s
sys	0m4.119s
[PARSEC] [----------    End of output    ----------]
[PARSEC]
[PARSEC] BIBLIOGRAPHY
[PARSEC]
[PARSEC] [1] Woo et al. The SPLASH-2 Programs: Characterization and Methodological Considerations. ISCA, 1995.
[PARSEC]
[PARSEC] Done.

FFT with Blocking Transpose
   268435456 Complex Doubles
   4 Processors
   65536 Cache lines
   16 Byte line size
   4096 Bytes per page

iter_num = 4096
iter_num = 4096
iter_num = 4096
iter_num = 4096
Transpose: iter_num = 0
Transpose: iter_num = 16777216
Transpose: iter_num = 33554432
Transpose: iter_num = 50331648
FFt1DOnce: iter_num = 114688
Step 1:  2486806
Step 2:  3026373
Transpose: iter_num = 0
Transpose: iter_num = 16777216
Transpose: iter_num = 33554432
Transpose: iter_num = 50331648
Step 3:  1422632
Step 4:  2245553
Transpose: iter_num = 0
Transpose: iter_num = 16777216
Transpose: iter_num = 33554432
Transpose: iter_num = 50331648
Step 5:  1328508

                 PROCESS STATISTICS
            Computation      Transpose     Transpose
 Proc          Time            Time        Fraction
    0          10509996        5237946       0.49838

                 TIMING INFORMATION
Start time                        : 1673826534990585
Initialization finish time        : 1673826544462809
Overall finish time               : 1673826554972805
Total time with initialization    :         19982220
Total time without initialization :         10509996
Overall transpose time            :          5237946
Overall transpose fraction        :          0.49838


real	0m20.049s
user	0m46.564s
sys	0m4.456s
[PARSEC] [----------    End of output    ----------]
[PARSEC]
[PARSEC] BIBLIOGRAPHY
[PARSEC]
[PARSEC] [1] Woo et al. The SPLASH-2 Programs: Characterization and Methodological Considerations. ISCA, 1995.
[PARSEC]

real	0m20.017s
user	0m45.876s
sys	0m4.904s
[PARSEC] Done.
[PARSEC] [----------    End of output    ----------]
[PARSEC]
[PARSEC] BIBLIOGRAPHY
[PARSEC]
[PARSEC] [1] Woo et al. The SPLASH-2 Programs: Characterization and Methodological Considerations. ISCA, 1995.
[PARSEC]
[PARSEC] Done.
01/16/23 00:49:15  1673826555.010476693
